18:49:41 FE 
18:49:44 FD FF FF FF FF 94 04 75 00 71 4E 
18:49:44 FD FF FF FF FF 94 04 75 00 71 4E 
18:49:44 FD FF FF FF FF 94 04 75 00 71 4E 
18:49:44 FD FF FF FF FF 94 04 75 00 71 4E 
18:49:44 FD FF FF FF FF 94 04 75 00 71 4E 
18:49:44 FD FF FF FF FF 94 04 75 00 71 4E 
18:49:44 FD FF FF FF FF 94 04 75 00 71 4E 
18:49:44 FD FF FF FF FF 94 04 75 00 71 4E 
18:49:44 FD FF FF FF FF 94 04 75 00 71 4E 
18:49:44 FD FF FF FF FF 94 04 75 00 71 4E 
18:49:44 FD 00 00 10 28 94 03 70 1C 84 
18:49:44 FE 00 52 04 00 40 A6 84 00 
18:49:44 FD 08 98 FB 28 39 00 7E 38 40 02 27 D6 
18:49:44 FD 00 00 10 28 39 00 00 00 00 02 61 DC 
18:49:44 FD 00 00 10 28 39 00 00 00 00 02 61 DC 
18:49:44 FD 00 00 10 28 B6 46 77 00 00 40 12 C0 2C C0 2B C0 2A C0 29 C0 28 C0 D6 C2 26 C0 25 C0 24 C0 23 C0 D6 C1 01 C2 20 C0 1F C0 1E C0 1D C0 1C C0 1B C0 11 24 1F BE CF E5 D4 E0 DE BF CD BF 10 E0 A0 E6 B0 E0 E4 E1 F6 E0 02 C0 05 90 C4 1A 
18:49:44 FE 00 71 02 75 18 00 
18:49:44 FD 00 00 10 28 30 56 77 00 40 40 0D 92 A8 38 B1 07 D9 F7 11 E0 A8 E8 B0 E0 01 C0 1D 92 A2 3E B1 07 E1 F7 D7 D0 DA C2 D1 CF 8F EF 9F EF 90 93 D9 00 80 93 D8 00 08 95 40 91 D8 00 FF FF FF FF FF FF FF FF FF FF FF FF FF FF FF FF 00 00 00 00 00 00 00 00 00 00 00 F0 F3 09 BD 00 83 C8 
18:49:44 FE 00 11 02 D9 D4 00 
18:49:44 FD 00 00 10 28 30 56 77 00 40 40 0D 92 A8 38 B1 07 D9 F7 11 E0 A8 E8 B0 E0 01 C0 1D 92 A2 3E B1 07 E1 F7 D7 D0 DA C2 D1 CF 8F EF 9F EF 90 93 D9 00 80 93 D8 00 08 95 40 91 D8 00 FF FF FF FF FF FF FF FF FF FF FF FF FF FF FF FF 00 00 00 00 00 00 00 00 00 00 00 F0 F3 09 BD 00 83 C8 
18:49:44 FE 00 11 02 D9 D4 00 
18:49:45 FD 00 00 10 28 30 56 77 00 40 40 0D 92 A8 38 B1 07 D9 F7 11 E0 A8 E8 B0 E0 01 C0 1D 92 A2 3E B1 07 E1 F7 D7 D0 DA C2 D1 CF 8F EF 9F EF 90 93 D9 00 80 93 D8 00 08 95 40 91 D8 00 FF FF FF FF FF FF FF FF FF FF FF FF FF FF FF FF 00 00 00 00 00 00 00 00 00 00 00 F0 F3 09 BD 00 83 C8 
18:49:45 FE 00 11 02 D9 D4 00 
18:49:45 FD 00 00 10 28 32 56 77 06 00 40 0F 90 1F 90 18 95 90 EC F3 CF 90 E8 9F BD F4 CF F8 94 FF CF 0A 0D 48 69 65 72 20 69 73 74 20 64 61 73 20 41 6E 77 65 6E 64 75 6E 67 73 70 72 6F 67 72 61 6D FF FF FF FF FF FF FF FF FF FF FF FF 00 00 00 00 00 00 00 00 00 00 00 F0 F3 09 BD 00 F9 5E 
18:49:45 FE 00 31 02 BD 90 00 
18:49:45 FD 00 00 10 28 32 56 77 06 00 40 0F 90 1F 90 18 95 90 EC F3 CF 90 E8 9F BD F4 CF F8 94 FF CF 0A 0D 48 69 65 72 20 69 73 74 20 64 61 73 20 41 6E 77 65 6E 64 75 6E 67 73 70 72 6F 67 72 61 6D FF FF FF FF FF FF FF FF FF FF FF FF 00 00 00 00 00 00 00 00 00 00 00 F0 F3 09 BD 00 F9 5E 
18:49:45 FE 00 31 02 BD 90 00 
18:49:45 FD 00 00 10 28 59 00 00 00 00 02 5C 94 
18:49:45 FD FF FF FF FF D0 04 67 00 E6 3A 
18:49:45 FD FF FF FF FF D0 04 67 00 E6 3A 
18:49:45 FD FF FF FF FF D0 04 67 00 E6 3A 
18:49:45 FD FF FF FF FF D0 04 67 00 E6 3A 
18:49:45 FD FF FF FF FF D0 04 67 00 E6 3A 
18:49:45 FD FF FF FF FF D0 04 67 00 E6 3A 
18:49:45 FD FF FF FF FF D0 04 67 00 E6 3A 
18:49:45 FD FF FF FF FF D0 04 67 00 E6 3A 
18:49:45 FD FF FF FF FF D0 04 67 00 E6 3A 
18:49:46 FD FF FF FF FF D0 04 67 00 E6 3A 
