19:13:48 ,00 
19:13:48 FD FF FF FF FF 94 04 75 00 71 4E 
19:13:48 FD FF FF FF FF 94 04 75 00 71 4E 
19:13:48 FD FF FF FF FF 94 04 75 00 71 4E 
19:13:48 FD FF FF FF FF 94 04 75 00 71 4E 
19:13:48 FD FF FF FF FF 94 04 75 00 71 4E 
19:13:48 FD FF FF FF FF 94 04 75 00 71 4E 
19:13:48 FD FF FF FF FF 94 04 75 00 71 4E 
19:13:48 FD FF FF FF FF 94 04 75 00 71 4E 
19:13:48 FD FF FF FF FF 94 04 75 00 71 4E 
19:13:48 FD FF FF FF FF 94 04 75 00 71 4E 
19:13:48 FD 00 00 10 28 94 03 70 1C 84 
19:13:48 FE 00 52 04 00 40 A6 84 00 
19:13:48 FD 08 98 FB 28 39 00 7E 38 40 02 27 D6 
19:13:49 FD 00 00 10 28 39 00 00 00 00 02 61 DC 
19:13:49 FD 00 00 10 28 39 00 00 00 00 02 61 DC 
19:13:49 FD 00 00 10 28 B6 46 77 00 00 40 2D CA 18 95 F9 C9 84 C0 18 95 18 95 18 95 18 95 18 95 05 CA 18 95 18 95 18 95 18 95 18 95 18 95 18 95 18 95 18 95 21 01 A6 05 11 06 22 1F 06 08 7E 06 07 21 06 01 5A 06 04 37 06 03 0E 06 09 78 57 54 
19:13:49 FE 00 71 02 75 18 00 
19:13:49 FD 00 00 10 28 30 56 77 00 40 40 06 05 48 06 03 7E 06 06 72 06 02 54 06 02 03 06 01 4C 06 04 0A 06 FB 00 AE 02 22 01 00 00 52 00 D0 00 CE 15 18 E0 E2 E2 F1 E0 21 81 27 FF 02 C0 21 E0 01 C0 20 E0 32 2F 40 81 51 81 44 0F 55 1F 00 10 C0 00 00 00 00 00 00 00 00 00 00 00 00 20 A7 E6 
19:13:49 FE 00 11 02 D9 D4 00 
19:13:49 FD 00 00 10 28 30 56 77 00 40 40 06 05 48 06 03 7E 06 06 72 06 02 54 06 02 03 06 01 4C 06 04 0A 06 FB 00 AE 02 22 01 00 00 52 00 D0 00 CE 15 18 E0 E2 E2 F1 E0 21 81 27 FF 02 C0 21 E0 01 C0 20 E0 32 2F 40 81 51 81 44 0F 55 1F 00 10 C0 00 00 00 00 00 00 00 00 00 00 00 00 20 A7 E6 
19:13:49 FE 00 11 02 D9 D4 00 
19:13:49 FD 00 00 10 28 30 56 77 00 40 40 06 05 48 06 03 7E 06 06 72 06 02 54 06 02 03 06 01 4C 06 04 0A 06 FB 00 AE 02 22 01 00 00 52 00 D0 00 CE 15 18 E0 E2 E2 F1 E0 21 81 27 FF 02 C0 21 E0 01 C0 20 E0 32 2F 40 81 51 81 44 0F 55 1F 00 10 C0 00 00 00 00 00 00 00 00 00 00 00 00 20 A7 E6 
19:13:49 FE 00 11 02 D9 D4 00 
19:13:49 FD 00 00 10 28 32 56 77 00 C0 40 40 83 51 83 07 FB 1E F4 24 2F 21 60 20 83 00 0F 33 23 39 F0 22 E0 30 E1 40 81 42 27 53 27 40 83 51 83 1A 95 01 F7 08 95 0F EF E2 E2 F1 E0 00 83 01 83 08 95 40 2F 3F 3F 19 F0 33 23 09 F0 33 95 00 10 C0 00 00 00 00 00 00 00 00 00 00 00 00 20 C9 1C 
19:13:49 FE 00 31 02 BD 90 00 
19:13:49 FD 00 00 10 28 34 56 77 01 80 40 F8 94 E0 ED F0 E0 50 E0 E0 0F F5 1F 32 87 14 87 26 87 50 8B 87 D0 00 95 12 B3 10 23 12 BB 78 94 08 95 00 E0 02 BD 02 B5 00 FC 7D FC 7D CF 0B E0 05 BD 02 B5 01 FC 7D FC 7D CF 0C E7 03 BD 09 B7 00 68 09 BF 00 10 C0 00 00 00 00 00 00 00 00 00 00 00 00 20 13 56 
19:13:49 FE 00 51 02 11 5C 00 
19:13:49 FD 00 00 10 28 36 56 77 02 80 40 09 B7 0F 7B 09 BF 08 95 01 B3 00 63 01 BB E9 CF BA 93 AA 93 FA 93 EA 93 5A 93 4A 93 3A 93 2A 93 1A 93 0A 93 3F B7 E0 ED F0 E0 02 89 01 60 02 8B 04 89 03 95 04 8B 0A 30 29 F4 00 E0 04 8B 02 89 00 10 C0 00 00 00 00 00 00 00 00 00 00 00 00 20 A7 40 
19:13:50 FE 00 71 02 75 18 00 
19:13:50 FD 00 00 10 28 30 56 77 03 C0 40 02 60 02 8B 03 89 03 95 03 8B 04 31 11 F4 00 E0 03 8B 05 89 03 95 05 8B 04 36 31 F4 00 E0 05 8B 02 89 04 60 02 8B 02 C0 0A 30 58 F4 05 89 10 E0 DF 01 A0 0F B1 1F 0C 91 00 23 19 F0 0C 91 0A 95 00 10 C0 00 00 00 00 00 00 00 00 00 00 00 00 20 39 98 
19:13:50 FE 00 11 02 D9 D4 00 
19:13:50 FD 00 00 10 28 30 56 77 03 C0 40 02 60 02 8B 03 89 03 95 03 8B 04 31 11 F4 00 E0 03 8B 05 89 03 95 05 8B 04 36 31 F4 00 E0 05 8B 02 89 04 60 02 8B 02 C0 0A 30 58 F4 05 89 10 E0 DF 01 A0 0F B1 1F 0C 91 00 23 19 F0 0C 91 0A 95 00 10 C0 00 00 00 00 00 00 00 00 00 00 00 00 20 39 98 
19:13:50 FE 00 11 02 D9 D4 00 
19:13:50 FD 00 00 10 28 30 56 77 03 C0 40 02 60 02 8B 03 89 03 95 03 8B 04 31 11 F4 00 E0 03 8B 05 89 03 95 05 8B 04 36 31 F4 00 E0 05 8B 02 89 04 60 02 8B 02 C0 0A 30 58 F4 05 89 10 E0 DF 01 A0 0F B1 1F 0C 91 00 23 19 F0 0C 91 0A 95 00 10 C0 00 00 00 00 00 00 00 00 00 00 00 00 20 39 98 
19:13:50 FE 00 11 02 D9 D4 00 
19:13:50 FD 00 00 10 28 32 56 77 05 40 40 0C 93 43 89 42 30 10 F5 50 E0 E4 0F F5 1F 22 85 22 23 E1 F0 00 89 00 23 19 F0 0A 95 00 8B 16 C0 21 D0 12 B3 10 23 31 F0 16 85 10 8B 00 95 12 B3 10 23 0B C0 14 85 10 8B 2F 3F 29 F0 12 2F 1A 95 00 10 C0 00 00 00 00 00 00 00 00 00 00 00 00 20 76 D8 
19:13:50 FE 00 31 02 BD 90 00 
19:13:50 FD 00 00 10 28 34 56 77 07 00 40 12 87 11 23 19 F0 12 B3 10 2B 12 BB 3F BF 09 91 19 91 29 91 39 91 49 91 59 91 E9 91 F9 91 A9 91 B9 91 18 95 01 E0 10 E0 4C 5F 4D C9 E1 99 FC 7E CF 1F BB 0E BB 01 E0 0C BB 0D B3 08 95 A4 D9 C8 01 00 10 C0 00 00 00 00 00 00 00 00 00 00 00 00 20 53 54 
19:13:50 FE 00 51 02 11 5C 00 
19:13:50 FD 00 00 10 28 36 56 77 09 00 40 A2 2F F4 DF 0A 17 51 F0 E1 99 FC 7E CF 9F BB 8E BB AD BB F8 94 04 E0 0C BB E1 9A 78 94 E3 E0 A3 C9 F8 01 00 E0 04 83 03 83 02 83 45 83 20 83 31 83 08 95 88 D9 F8 01 44 81 55 81 45 17 10 F0 00 E0 00 10 C0 00 00 00 00 00 00 00 00 00 00 00 00 20 5C 94 
19:13:50 FE 00 71 02 75 18 00 
19:13:50 FD 00 00 10 28 30 56 77 0B 40 40 15 C0 A0 81 B1 81 43 81 52 E0 45 9F A0 0D B1 1D 2D 93 3C 93 23 81 23 95 23 83 35 81 23 17 10 F0 20 E0 23 83 04 81 03 95 04 83 01 E0 E4 E0 7A C9 69 D9 F8 01 04 81 00 23 11 F4 00 E0 F7 CF A0 81 00 10 C0 00 00 00 00 00 00 00 00 00 00 00 00 20 34 72 
19:13:50 FE 00 11 02 D9 D4 00 
19:13:50 FD 00 00 10 28 30 56 77 0B 40 40 15 C0 A0 81 B1 81 43 81 52 E0 45 9F A0 0D B1 1D 2D 93 3C 93 23 81 23 95 23 83 35 81 23 17 10 F0 20 E0 23 83 04 81 03 95 04 83 01 E0 E4 E0 7A C9 69 D9 F8 01 04 81 00 23 11 F4 00 E0 F7 CF A0 81 00 10 C0 00 00 00 00 00 00 00 00 00 00 00 00 20 34 72 
19:13:51 FE 00 11 02 D9 D4 00 
19:13:51 FD 00 00 10 28 30 56 77 0B 40 40 15 C0 A0 81 B1 81 43 81 52 E0 45 9F A0 0D B1 1D 2D 93 3C 93 23 81 23 95 23 83 35 81 23 17 10 F0 20 E0 23 83 04 81 03 95 04 83 01 E0 E4 E0 7A C9 69 D9 F8 01 04 81 00 23 11 F4 00 E0 F7 CF A0 81 00 10 C0 00 00 00 00 00 00 00 00 00 00 00 00 20 34 72 
19:13:51 FE 00 11 02 D9 D4 00 
19:13:51 FD 00 00 10 28 32 56 77 0D C0 40 B1 81 02 81 12 E0 01 9F A0 0D B1 1D 0D 91 1C 91 D9 01 0D 93 1C 93 44 23 11 F4 01 E0 EF CF 02 81 03 95 02 83 15 81 01 17 10 F0 00 E0 02 83 04 81 0A 95 04 83 F2 CF 01 B3 0F 73 01 BB 02 B3 00 6C 00 10 C0 00 00 00 00 00 00 00 00 00 00 00 00 20 43 9A 
19:13:51 FE 00 31 02 BD 90 00 
19:13:51 FD 00 00 10 28 34 56 77 10 80 40 02 BB E1 E0 F1 E0 00 81 00 FC 7D 05 C0 04 B3 08 61 04 BB AC 98 03 C0 04 B3 07 7E 04 BB AB 9A 01 81 00 FC 7D 05 C0 04 B3 03 60 04 BB A9 98 03 C0 04 B3 0C 7F 04 BB A8 9A 03 E8 06 B9 08 95 DC CF 22 D9 00 10 C0 00 00 00 00 00 00 00 00 00 00 00 00 20 13 3A 
19:13:51 FE 00 51 02 11 5C 00 
19:13:51 FD 00 00 10 28 36 56 77 13 80 40 F8 94 20 91 E2 00 00 E0 00 93 E2 00 78 94 02 2F 05 70 11 F4 00 E0 95 C0 A6 EE B0 E0 00 E0 FC 7D 01 02 83 01 83 30 B3 30 95 35 95 35 95 35 95 35 95 3C 70 00 84 00 2D 03 70 30 2B 15 B2 36 99 67 C0 00 10 C0 00 00 00 00 00 00 00 00 00 00 00 00 20 2B 5A 
19:13:51 FE 00 71 02 75 18 00 
19:13:51 FD 00 00 10 28 30 56 77 16 C0 40 65 B1 52 85 55 23 11 F4 06 E2 01 C0 07 E2 07 B9 36 9A 10 E0 E5 0F F1 1F 01 E0 45 2F 94 D8 65 32 18 F5 17 85 11 23 21 F4 10 E0 15 87 43 87 03 C0 13 85 61 17 08 F4 63 87 15 85 61 17 08 F0 65 87 00 10 C0 00 00 00 00 00 00 00 00 00 00 00 00 20 07 DA 
19:13:51 FE 00 11 02 D9 D4 00 
19:13:51 FD 00 00 10 28 30 56 77 16 C0 40 65 B1 52 85 55 23 11 F4 06 E2 01 C0 07 E2 07 B9 36 9A 10 E0 E5 0F F1 1F 01 E0 45 2F 94 D8 65 32 18 F5 17 85 11 23 21 F4 10 E0 15 87 43 87 03 C0 13 85 61 17 08 F4 63 87 15 85 61 17 08 F0 65 87 00 10 C0 00 00 00 00 00 00 00 00 00 00 00 00 20 07 DA 
19:13:51 FE 00 11 02 D9 D4 00 
19:13:51 FD 00 00 10 28 30 56 77 16 C0 40 65 B1 52 85 55 23 11 F4 06 E2 01 C0 07 E2 07 B9 36 9A 10 E0 E5 0F F1 1F 01 E0 45 2F 94 D8 65 32 18 F5 17 85 11 23 21 F4 10 E0 15 87 43 87 03 C0 13 85 61 17 08 F4 63 87 15 85 61 17 08 F0 65 87 00 10 C0 00 00 00 00 00 00 00 00 00 00 00 00 20 07 DA 
19:13:51 FE 00 11 02 D9 D4 00 
19:13:52 FD 00 00 10 28 32 56 77 1A 40 40 17 85 13 95 17 87 14 31 58 F0 85 85 90 E0 63 85 86 1B 90 40 83 30 90 40 0C F4 30 2B 00 E0 07 87 55 23 29 F0 00 E0 04 C0 00 95 30 23 F7 CF 01 E0 FC 7D 01 02 87 15 BA 30 15 61 F5 01 85 00 23 11 F0 00 10 C0 00 00 00 00 00 00 00 00 00 00 00 3F 3F 00 20 58 E4 
19:13:52 FE 00 00 02 00 00 FC 00 00 02 00 00 FC 00 00 02 00 00 FC 00 00 02 14 87 FC 00 09 0B 00 14 87 FC 00 3F 3F 09 0B 00 14 87 FC 00 09 0B 00 14 87 FC 00 00 03 00 00 40 00 00 FC 00 00 03 00 00 00 FC 00 0A C1 3F 3F 00 40 01 FC 00 00 02 00 00 FC 00 58 87 00 C0 04 FC 00 02 F7 00 00 FC 00 00 02 00 00 FC 00 00 02 00 00 00 00 
19:13:52 FD 00 00 10 28 32 56 77 1A 40 40 17 85 13 95 17 87 14 31 58 F0 85 85 90 E0 63 85 86 1B 90 40 83 30 90 40 0C F4 30 2B 00 E0 07 87 55 23 29 F0 00 E0 04 C0 00 95 30 23 F7 CF 01 E0 FC 7D 01 02 87 15 BA 30 15 61 F5 01 85 00 23 11 F0 00 10 C0 00 00 00 00 00 00 00 00 00 00 00 00 20 58 E4 
19:13:52 FD 00 00 10 28 32 56 77 1A 40 40 17 85 13 95 17 87 14 31 58 F0 85 85 90 E0 63 85 86 1B 90 40 83 30 90 40 0C F4 30 2B 00 E0 07 87 55 23 29 F0 00 E0 04 C0 00 95 30 23 F7 CF 01 E0 FC 7D 01 02 87 15 BA 30 15 61 F5 01 85 00 23 11 F0 00 10 C0 00 00 00 00 00 00 00 00 00 00 00 00 20 58 E4 
19:13:53 FD 00 00 10 28 34 56 77 1E 00 40 0A 95 01 87 01 85 00 23 C9 F5 60 E0 FC 7D 01 57 81 70 E0 E6 0F F7 1F 03 81 03 30 28 F4 34 D0 10 2F 15 23 09 F0 30 2B 63 95 64 30 80 F3 3C 93 35 27 FC 7D 01 31 83 60 E0 27 D0 1C 91 10 23 C9 F0 FC 7D 01 00 10 C0 00 00 00 00 00 00 00 00 00 00 00 00 20 18 5A 
19:13:53 FD 00 00 10 28 34 56 77 1E 00 40 0A 95 01 87 01 85 00 23 C9 F5 60 E0 FC 7D 01 57 81 70 E0 E6 0F F7 1F 03 81 03 30 28 F4 34 D0 10 2F 15 23 09 F0 30 2B 63 95 64 30 80 F3 3C 93 35 27 FC 7D 01 31 83 60 E0 27 D0 1C 91 10 23 C9 F0 FC 7D 01 00 10 C0 00 00 00 00 00 00 00 00 00 00 00 00 20 18 5A 
19:13:53 FD 00 00 10 28 34 56 77 1E 00 40 0A 95 01 87 01 85 00 23 C9 F5 60 E0 FC 7D 01 57 81 70 E0 E6 0F F7 1F 03 81 03 30 28 F4 34 D0 10 2F 15 23 09 F0 30 2B 63 95 64 30 80 F3 3C 93 35 27 FC 7D 01 31 83 60 E0 27 D0 1C 91 10 23 C9 F0 FC 7D 01 00 10 C0 00 00 00 00 00 00 00 00 00 00 00 00 20 18 5A 
19:13:53 FD 00 00 10 28 36 56 77 22 00 40 E6 0F F7 1F 10 2F 13 23 41 F0 73 83 0D C0 15 BA 81 CF 30 87 0A E0 01 87 11 C0 22 FB 4E F4 13 81 1F 3F 31 F0 13 95 13 83 FC 7D 01 12 81 10 2B 12 83 63 95 64 30 00 F3 0C 91 FC 7D 01 07 83 12 81 01 81 00 10 C0 00 00 00 00 00 00 00 00 00 00 00 00 20 3B 1A 
19:13:54 FD 00 00 10 28 36 56 77 22 00 40 E6 0F F7 1F 10 2F 13 23 41 F0 73 83 0D C0 15 BA 81 CF 30 87 0A E0 01 87 11 C0 22 FB 4E F4 13 81 1F 3F 31 F0 13 95 13 83 FC 7D 01 12 81 10 2B 12 83 63 95 64 30 00 F3 0C 91 FC 7D 01 07 83 12 81 01 81 00 10 C0 00 00 00 00 00 00 00 00 00 00 00 00 20 3B 1A 
19:13:54 FD 00 00 10 28 36 56 77 22 00 40 E6 0F F7 1F 10 2F 13 23 41 F0 73 83 0D C0 15 BA 81 CF 30 87 0A E0 01 87 11 C0 22 FB 4E F4 13 81 1F 3F 31 F0 13 95 13 83 FC 7D 01 12 81 10 2B 12 83 63 95 64 30 00 F3 0C 91 FC 7D 01 07 83 12 81 01 81 00 10 C0 00 00 00 00 00 00 00 00 00 00 00 00 20 3B 1A 
19:13:54 FD 00 00 10 28 30 56 77 26 40 40 01 2B E4 E0 8F C8 01 E0 10 E0 46 2F 1C C8 78 D8 02 30 38 F5 40 2E 55 24 D2 01 AA 0F BB 1F CD 01 03 96 8C 01 C3 DE 90 2F 8D 01 0C 5F 21 D1 80 2F 0F 3F 0F EF 90 07 11 F4 80 E0 90 E0 82 01 09 5F 00 10 C0 00 00 00 00 00 00 00 00 00 00 00 00 20 4B D0 
19:13:54 FD 00 00 10 28 30 56 77 26 40 40 01 2B E4 E0 8F C8 01 E0 10 E0 46 2F 1C C8 78 D8 02 30 38 F5 40 2E 55 24 D2 01 AA 0F BB 1F CD 01 03 96 8C 01 C3 DE 90 2F 8D 01 0C 5F 21 D1 80 2F 0F 3F 0F EF 90 07 11 F4 80 E0 90 E0 82 01 09 5F 00 10 C0 00 00 00 00 00 00 00 00 00 00 00 00 20 4B D0 
19:13:55 FD 00 00 10 28 30 56 77 26 40 40 01 2B E4 E0 8F C8 01 E0 10 E0 46 2F 1C C8 78 D8 02 30 38 F5 40 2E 55 24 D2 01 AA 0F BB 1F CD 01 03 96 8C 01 C3 DE 90 2F 8D 01 0C 5F 21 D1 80 2F 0F 3F 0F EF 90 07 11 F4 80 E0 90 E0 82 01 09 5F 00 10 C0 00 00 00 00 00 00 00 00 00 00 00 00 20 4B D0 
19:13:55 FD 00 00 10 28 32 56 77 2A C0 40 17 D1 0F 3F 11 F0 00 23 69 F4 80 E0 90 E0 00 E0 F2 01 EF 5F FC 7E 4F 02 8B FC 7D 01 EF 5F FC 7E 4F 86 83 97 83 C1 C0 01 30 99 F7 01 E0 F2 CF 40 2F 21 2F 02 30 80 F4 1B D0 2F 3F 19 F4 18 B3 10 27 04 C0 00 10 C0 00 00 00 00 00 00 00 00 00 00 00 00 20 05 7C 
19:13:55 FD 00 00 10 28 32 56 77 2A C0 40 17 D1 0F 3F 11 F0 00 23 69 F4 80 E0 90 E0 00 E0 F2 01 EF 5F FC 7E 4F 02 8B FC 7D 01 EF 5F FC 7E 4F 86 83 97 83 C1 C0 01 30 99 F7 01 E0 F2 CF 40 2F 21 2F 02 30 80 F4 1B D0 2F 3F 19 F4 18 B3 10 27 04 C0 00 10 C0 00 00 00 00 00 00 00 00 00 00 00 00 20 05 7C 
19:13:56 FD 00 00 10 28 32 56 77 2A C0 40 17 D1 0F 3F 11 F0 00 23 69 F4 80 E0 90 E0 00 E0 F2 01 EF 5F FC 7E 4F 02 8B FC 7D 01 EF 5F FC 7E 4F 86 83 97 83 C1 C0 01 30 99 F7 01 E0 F2 CF 40 2F 21 2F 02 30 80 F4 1B D0 2F 3F 19 F4 18 B3 10 27 04 C0 00 10 C0 00 00 00 00 00 00 00 00 00 00 00 00 20 05 7C 
19:13:56 FD 00 00 10 28 34 56 77 2F 80 40 22 23 21 F0 18 B3 10 2B 18 BB 08 95 00 95 18 B3 10 23 18 BB 08 95 40 2F 02 30 30 F4 28 B3 06 D0 02 23 11 F0 01 E0 08 95 00 E0 08 95 65 D1 CB C7 25 D8 80 2F 41 2E A0 E8 B0 E0 90 E0 01 E0 60 2E 00 10 C0 00 00 00 00 00 00 00 00 00 00 00 00 20 E3 2A 
19:13:56 FD 00 00 10 28 34 56 77 2F 80 40 22 23 21 F0 18 B3 10 2B 18 BB 08 95 00 95 18 B3 10 23 18 BB 08 95 40 2F 02 30 30 F4 28 B3 06 D0 02 23 11 F0 01 E0 08 95 00 E0 08 95 65 D1 CB C7 25 D8 80 2F 41 2E A0 E8 B0 E0 90 E0 01 E0 60 2E 00 10 C0 00 00 00 00 00 00 00 00 00 00 00 00 20 E3 2A 
19:13:56 FD 00 00 10 28 34 56 77 2F 80 40 22 23 21 F0 18 B3 10 2B 18 BB 08 95 00 95 18 B3 10 23 18 BB 08 95 40 2F 02 30 30 F4 28 B3 06 D0 02 23 11 F0 01 E0 08 95 00 E0 08 95 65 D1 CB C7 25 D8 80 2F 41 2E A0 E8 B0 E0 90 E0 01 E0 60 2E 00 10 C0 00 00 00 00 00 00 00 00 00 00 00 00 20 E3 2A 
19:13:57 FD 00 00 10 28 36 56 77 34 80 40 01 E0 70 2E D3 D0 08 17 19 F4 24 2D 39 2F 1A D0 16 96 93 95 90 34 90 F3 38 2F 24 2D 30 6F 12 D0 F3 01 20 89 46 D1 02 23 59 F0 2F E0 28 23 32 2F 24 2D 30 6E 06 E1 60 0E 00 E0 70 1E 83 01 79 DE 00 10 C0 00 00 00 00 00 00 00 00 00 00 00 00 20 EA 52 
19:13:57 FD 00 00 10 28 36 56 77 34 80 40 01 E0 70 2E D3 D0 08 17 19 F4 24 2D 39 2F 1A D0 16 96 93 95 90 34 90 F3 38 2F 24 2D 30 6F 12 D0 F3 01 20 89 46 D1 02 23 59 F0 2F E0 28 23 32 2F 24 2D 30 6E 06 E1 60 0E 00 E0 70 1E 83 01 79 DE 00 10 C0 00 00 00 00 00 00 00 00 00 00 00 00 20 EA 52 
19:13:57 FD 00 00 10 28 36 56 77 34 80 40 01 E0 70 2E D3 D0 08 17 19 F4 24 2D 39 2F 1A D0 16 96 93 95 90 34 90 F3 38 2F 24 2D 30 6F 12 D0 F3 01 20 89 46 D1 02 23 59 F0 2F E0 28 23 32 2F 24 2D 30 6E 06 E1 60 0E 00 E0 70 1E 83 01 79 DE 00 10 C0 00 00 00 00 00 00 00 00 00 00 00 00 20 EA 52 
19:13:58 FD 00 00 10 28 30 56 77 39 C0 40 E8 E0 0C C8 83 01 0D C4 FB D7 26 97 00 91 B3 02 00 23 09 F0 67 C0 41 E0 9E 01 07 E1 11 E0 88 DE 00 23 09 F4 5F C0 88 81 09 81 10 E0 08 83 19 83 8F D2 00 91 B3 02 E0 0F F1 1F 08 81 00 7F 10 91 00 10 C0 00 00 00 00 00 00 00 00 00 00 00 00 20 E6 F4 
19:13:58 FD 00 00 10 28 30 56 77 39 C0 40 E8 E0 0C C8 83 01 0D C4 FB D7 26 97 00 91 B3 02 00 23 09 F0 67 C0 41 E0 9E 01 07 E1 11 E0 88 DE 00 23 09 F4 5F C0 88 81 09 81 10 E0 08 83 19 83 8F D2 00 91 B3 02 E0 0F F1 1F 08 81 00 7F 10 91 00 10 C0 00 00 00 00 00 00 00 00 00 00 00 00 20 E6 F4 
19:13:58 FD 00 00 10 28 30 56 77 39 C0 40 E8 E0 0C C8 83 01 0D C4 FB D7 26 97 00 91 B3 02 00 23 09 F0 67 C0 41 E0 9E 01 07 E1 11 E0 88 DE 00 23 09 F4 5F C0 88 81 09 81 10 E0 08 83 19 83 8F D2 00 91 B3 02 E0 0F F1 1F 08 81 00 7F 10 91 00 10 C0 00 00 00 00 00 00 00 00 00 00 00 00 20 E6 F4 
19:13:58 FD 00 00 10 28 32 56 77 3F 40 40 B3 02 13 95 00 3D 28 F1 10 93 B3 02 11 F4 13 E7 01 C0 1B E4 10 83 28 81 2F 70 40 91 B3 02 50 E0 FA 01 53 D0 20 83 E3 EB F2 E0 10 81 13 95 10 83 00 3F 19 F4 07 EF 10 E0 02 C0 0C EF 10 E0 3A D6 00 10 C0 00 00 00 00 00 00 00 00 00 00 00 00 20 70 90 
19:13:59 FD 00 00 10 28 32 56 77 3F 40 40 B3 02 13 95 00 3D 28 F1 10 93 B3 02 11 F4 13 E7 01 C0 1B E4 10 83 28 81 2F 70 40 91 B3 02 50 E0 FA 01 53 D0 20 83 E3 EB F2 E0 10 81 13 95 10 83 00 3F 19 F4 07 EF 10 E0 02 C0 0C EF 10 E0 3A D6 00 10 C0 00 00 00 00 00 00 00 00 00 00 00 00 20 70 90 
19:13:59 FD 00 00 10 28 32 56 77 3F 40 40 B3 02 13 95 00 3D 28 F1 10 93 B3 02 11 F4 13 E7 01 C0 1B E4 10 83 28 81 2F 70 40 91 B3 02 50 E0 FA 01 53 D0 20 83 E3 EB F2 E0 10 81 13 95 10 83 00 3F 19 F4 07 EF 10 E0 02 C0 0C EF 10 E0 3A D6 00 10 C0 00 00 00 00 00 00 00 00 00 00 00 00 20 70 90 
19:13:59 FD 00 00 10 28 34 56 77 45 00 40 00 E0 20 91 B3 02 30 E0 F9 01 3F D0 00 83 2D D0 24 C0 0B E4 00 83 41 2E 01 2F BD D3 48 81 59 81 06 E0 10 E0 48 D7 00 58 1F 4F 27 D0 55 24 2A D0 90 E0 21 D0 FC 7E 01 E9 0F F5 1D 02 83 8E 01 0E 5F 00 10 C0 00 00 00 00 00 00 00 00 00 00 00 00 20 AB 82 
19:13:59 FD 00 00 10 28 34 56 77 45 00 40 00 E0 20 91 B3 02 30 E0 F9 01 3F D0 00 83 2D D0 24 C0 0B E4 00 83 41 2E 01 2F BD D3 48 81 59 81 06 E0 10 E0 48 D7 00 58 1F 4F 27 D0 55 24 2A D0 90 E0 21 D0 FC 7E 01 E9 0F F5 1D 02 83 8E 01 0E 5F 00 10 C0 00 00 00 00 00 00 00 00 00 00 00 00 20 AB 82 
19:14:00 FD 00 00 10 28 34 56 77 45 00 40 00 E0 20 91 B3 02 30 E0 F9 01 3F D0 00 83 2D D0 24 C0 0B E4 00 83 41 2E 01 2F BD D3 48 81 59 81 06 E0 10 E0 48 D7 00 58 1F 4F 27 D0 55 24 2A D0 90 E0 21 D0 FC 7E 01 E9 0F F5 1D 02 83 8E 01 0E 5F 00 10 C0 00 00 00 00 00 00 00 00 00 00 00 00 20 AB 82 
19:14:00 FD 00 00 10 28 36 56 77 4B 00 40 1F 4F 18 D6 93 95 94 30 A0 F3 40 90 B3 02 04 2D A2 D3 11 D0 17 D0 00 91 B3 02 10 E0 F8 01 15 D0 80 83 03 D0 26 96 E6 E0 9B C7 E3 EB F2 E0 00 81 03 95 00 83 08 95 08 81 19 81 D8 01 11 96 A8 83 00 10 C0 00 00 00 00 00 00 00 00 00 00 00 00 20 4D AE 
19:14:00 FD 00 00 10 28 36 56 77 4B 00 40 1F 4F 18 D6 93 95 94 30 A0 F3 40 90 B3 02 04 2D A2 D3 11 D0 17 D0 00 91 B3 02 10 E0 F8 01 15 D0 80 83 03 D0 26 96 E6 E0 9B C7 E3 EB F2 E0 00 81 03 95 00 83 08 95 08 81 19 81 D8 01 11 96 A8 83 00 10 C0 00 00 00 00 00 00 00 00 00 00 00 00 20 4D AE 
19:14:01 FD 00 00 10 28 36 56 77 4B 00 40 1F 4F 18 D6 93 95 94 30 A0 F3 40 90 B3 02 04 2D A2 D3 11 D0 17 D0 00 91 B3 02 10 E0 F8 01 15 D0 80 83 03 D0 26 96 E6 E0 9B C7 E3 EB F2 E0 00 81 03 95 00 83 08 95 08 81 19 81 D8 01 11 96 A8 83 00 10 C0 00 00 00 00 00 00 00 00 00 00 00 00 20 4D AE 
19:14:01 FD 00 00 10 28 30 56 77 51 40 40 B9 83 D4 CD F2 01 01 D0 F4 CF E1 53 FC 7D 4F 08 95 75 D7 28 01 39 01 A0 E8 B0 E0 90 E4 27 D0 06 15 E1 F4 8D 01 0B 5F 24 D0 07 15 B9 F4 80 E0 19 D0 0F 5F 1E D0 30 E0 F2 01 E8 0F F3 1F 10 81 01 17 00 10 C0 00 00 00 00 00 00 00 00 00 00 00 00 20 8B F4 
19:14:01 FD 00 00 10 28 30 56 77 51 40 40 B9 83 D4 CD F2 01 01 D0 F4 CF E1 53 FC 7D 4F 08 95 75 D7 28 01 39 01 A0 E8 B0 E0 90 E4 27 D0 06 15 E1 F4 8D 01 0B 5F 24 D0 07 15 B9 F4 80 E0 19 D0 0F 5F 1E D0 30 E0 F2 01 E8 0F F3 1F 10 81 01 17 00 10 C0 00 00 00 00 00 00 00 00 00 00 00 00 20 8B F4 
19:14:01 FD 00 00 10 28 30 56 77 51 40 40 B9 83 D4 CD F2 01 01 D0 F4 CF E1 53 FC 7D 4F 08 95 75 D7 28 01 39 01 A0 E8 B0 E0 90 E4 27 D0 06 15 E1 F4 8D 01 0B 5F 24 D0 07 15 B9 F4 80 E0 19 D0 0F 5F 1E D0 30 E0 F2 01 E8 0F F3 1F 10 81 01 17 00 10 C0 00 00 00 00 00 00 00 00 00 00 00 00 20 8B F4 
19:14:02 FD 00 00 10 28 32 56 77 57 C0 40 19 F4 83 95 84 30 98 F3 84 30 39 F4 80 E0 2F EF 08 D0 B4 DD 83 95 86 30 D0 F3 16 96 9A 95 F1 F6 4F CF 08 2F 10 E0 0A 0F 1B 1F 08 95 8D 01 9E CD 1F 4F 9C CD 44 D7 28 01 C9 01 A0 E8 B0 E0 C8 DF 00 10 C0 00 00 00 00 00 00 00 00 00 00 00 00 20 38 2E 
19:14:02 FD 00 00 10 28 32 56 77 57 C0 40 19 F4 83 95 84 30 98 F3 84 30 39 F4 80 E0 2F EF 08 D0 B4 DD 83 95 86 30 D0 F3 16 96 9A 95 F1 F6 4F CF 08 2F 10 E0 0A 0F 1B 1F 08 95 8D 01 9E CD 1F 4F 9C CD 44 D7 28 01 C9 01 A0 E8 B0 E0 C8 DF 00 10 C0 00 00 00 00 00 00 00 00 00 00 00 00 20 38 2E 
19:14:02 FD 00 00 10 28 32 56 77 57 C0 40 19 F4 83 95 84 30 98 F3 84 30 39 F4 80 E0 2F EF 08 D0 B4 DD 83 95 86 30 D0 F3 16 96 9A 95 F1 F6 4F CF 08 2F 10 E0 0A 0F 1B 1F 08 95 8D 01 9E CD 1F 4F 9C CD 44 D7 28 01 C9 01 A0 E8 B0 E0 C8 DF 00 10 C0 00 00 00 00 00 00 00 00 00 00 00 00 20 38 2E 
19:14:02 FD 00 00 10 28 34 56 77 5E 80 40 66 24 F4 DF 0F 3F 89 F4 28 2F 16 D0 11 96 80 E0 10 E0 F2 01 E8 0F F1 1F 20 81 0E D0 11 96 83 95 84 30 B0 F3 29 2F 08 D0 05 C0 16 96 63 94 00 E4 60 16 38 F3 E7 E0 33 C7 8D 01 80 CD 23 D7 A1 E0 00 10 C0 00 00 00 00 00 00 00 00 00 00 00 00 20 B2 2E 
19:14:03 FD 00 00 10 28 34 56 77 5E 80 40 66 24 F4 DF 0F 3F 89 F4 28 2F 16 D0 11 96 80 E0 10 E0 F2 01 E8 0F F1 1F 20 81 0E D0 11 96 83 95 84 30 B0 F3 29 2F 08 D0 05 C0 16 96 63 94 00 E4 60 16 38 F3 E7 E0 33 C7 8D 01 80 CD 23 D7 A1 E0 00 10 C0 00 00 00 00 00 00 00 00 00 00 00 00 20 B2 2E 
19:14:03 FD 00 00 10 28 34 56 77 5E 80 40 66 24 F4 DF 0F 3F 89 F4 28 2F 16 D0 11 96 80 E0 10 E0 F2 01 E8 0F F1 1F 20 81 0E D0 11 96 83 95 84 30 B0 F3 29 2F 08 D0 05 C0 16 96 63 94 00 E4 60 16 38 F3 E7 E0 33 C7 8D 01 80 CD 23 D7 A1 E0 00 10 C0 00 00 00 00 00 00 00 00 00 00 00 00 20 B2 2E 
19:14:03 FD 00 00 10 28 36 56 77 65 80 40 B1 E0 1C 96 0C 91 18 96 1C 91 54 97 1A 95 39 F0 1A 95 49 F0 1A 95 B9 F0 1A 95 A9 F0 08 C0 3F EF 25 E0 15 E0 07 C0 3F EF 2F E0 1F E0 03 C0 30 E0 20 E0 10 E0 BF DC 30 E0 20 E0 10 E0 01 E0 1C 96 00 10 C0 00 00 00 00 00 00 00 00 00 00 00 00 20 91 C0 
19:14:03 FD 00 00 10 28 36 56 77 65 80 40 B1 E0 1C 96 0C 91 18 96 1C 91 54 97 1A 95 39 F0 1A 95 49 F0 1A 95 B9 F0 1A 95 A9 F0 08 C0 3F EF 25 E0 15 E0 07 C0 3F EF 2F E0 1F E0 03 C0 30 E0 20 E0 10 E0 BF DC 30 E0 20 E0 10 E0 01 E0 1C 96 00 10 C0 00 00 00 00 00 00 00 00 00 00 00 00 20 91 C0 
19:14:04 FD 00 00 10 28 36 56 77 65 80 40 B1 E0 1C 96 0C 91 18 96 1C 91 54 97 1A 95 39 F0 1A 95 49 F0 1A 95 B9 F0 1A 95 A9 F0 08 C0 3F EF 25 E0 15 E0 07 C0 3F EF 2F E0 1F E0 03 C0 30 E0 20 E0 10 E0 BF DC 30 E0 20 E0 10 E0 01 E0 1C 96 00 10 C0 00 00 00 00 00 00 00 00 00 00 00 00 20 91 C0 
19:14:04 FD 00 00 10 28 30 56 77 6C C0 40 4C 91 04 1B B7 DC E4 E0 0D C7 FB D6 C8 01 41 2E 0C E0 40 22 45 94 45 94 08 2F 79 DE 01 E0 11 E0 30 E0 D8 01 A8 0F B3 1F 93 7F 29 F0 90 51 61 F0 90 51 C9 F0 16 C0 FC 7D 01 22 89 F8 01 31 89 19 D0 00 10 C0 00 00 00 00 00 00 00 00 00 00 00 00 20 66 72 
19:14:04 FD 00 00 10 28 30 56 77 6C C0 40 4C 91 04 1B B7 DC E4 E0 0D C7 FB D6 C8 01 41 2E 0C E0 40 22 45 94 45 94 08 2F 79 DE 01 E0 11 E0 30 E0 D8 01 A8 0F B3 1F 93 7F 29 F0 90 51 61 F0 90 51 C9 F0 16 C0 FC 7D 01 22 89 F8 01 31 89 19 D0 00 10 C0 00 00 00 00 00 00 00 00 00 00 00 00 20 66 72 
19:14:05 FD 00 00 10 28 30 56 77 6C C0 40 4C 91 04 1B B7 DC E4 E0 0D C7 FB D6 C8 01 41 2E 0C E0 40 22 45 94 45 94 08 2F 79 DE 01 E0 11 E0 30 E0 D8 01 A8 0F B3 1F 93 7F 29 F0 90 51 61 F0 90 51 C9 F0 16 C0 FC 7D 01 22 89 F8 01 31 89 19 D0 00 10 C0 00 00 00 00 00 00 00 00 00 00 00 00 20 66 72 
19:14:05 FD 00 00 10 28 32 56 77 74 40 40 03 23 39 F0 22 23 11 F0 11 E0 06 C0 14 2D 11 70 03 C0 22 23 C9 F7 1F EF 08 2F 88 DE 03 E0 FC 7D 01 05 87 E5 E0 DE C6 FC 7D 01 02 89 00 23 B9 F7 10 E0 F3 CF 02 D0 48 2F 67 C6 01 E0 10 E0 08 95 8A 93 00 10 C0 00 00 00 00 00 00 00 00 00 00 00 00 20 BE 62 
19:14:05 FD 00 00 10 28 32 56 77 74 40 40 03 23 39 F0 22 23 11 F0 11 E0 06 C0 14 2D 11 70 03 C0 22 23 C9 F7 1F EF 08 2F 88 DE 03 E0 FC 7D 01 05 87 E5 E0 DE C6 FC 7D 01 02 89 00 23 B9 F7 10 E0 F3 CF 02 D0 48 2F 67 C6 01 E0 10 E0 08 95 8A 93 00 10 C0 00 00 00 00 00 00 00 00 00 00 00 00 20 BE 62 
19:14:05 FD 00 00 10 28 32 56 77 74 40 40 03 23 39 F0 22 23 11 F0 11 E0 06 C0 14 2D 11 70 03 C0 22 23 C9 F7 1F EF 08 2F 88 DE 03 E0 FC 7D 01 05 87 E5 E0 DE C6 FC 7D 01 02 89 00 23 B9 F7 10 E0 F3 CF 02 D0 48 2F 67 C6 01 E0 10 E0 08 95 8A 93 00 10 C0 00 00 00 00 00 00 00 00 00 00 00 00 20 BE 62 
19:14:06 FD 00 00 10 28 34 56 77 7C 00 40 80 2F E0 2F F0 E0 70 96 8F 01 10 DD 0F 3F 09 F4 08 2F 89 91 08 95 B8 D6 90 2F 81 2F 00 91 10 01 00 23 49 F4 09 2F 84 DE 09 2F E9 DF 10 2F 10 7F 91 F4 18 2F 0F C0 01 30 71 F4 93 95 92 95 90 7F 00 10 C0 00 00 00 00 00 00 00 00 00 00 00 00 20 07 4E 
19:14:06 FD 00 00 10 28 34 56 77 7C 00 40 80 2F E0 2F F0 E0 70 96 8F 01 10 DD 0F 3F 09 F4 08 2F 89 91 08 95 B8 D6 90 2F 81 2F 00 91 10 01 00 23 49 F4 09 2F 84 DE 09 2F E9 DF 10 2F 10 7F 91 F4 18 2F 0F C0 01 30 71 F4 93 95 92 95 90 7F 00 10 C0 00 00 00 00 00 00 00 00 00 00 00 00 20 07 4E 
19:14:06 FD 00 00 10 28 34 56 77 7C 00 40 80 2F E0 2F F0 E0 70 96 8F 01 10 DD 0F 3F 09 F4 08 2F 89 91 08 95 B8 D6 90 2F 81 2F 00 91 10 01 00 23 49 F4 09 2F 84 DE 09 2F E9 DF 10 2F 10 7F 91 F4 18 2F 0F C0 01 30 71 F4 93 95 92 95 90 7F 00 10 C0 00 00 00 00 00 00 00 00 00 00 00 00 20 07 4E 
19:14:06 FD 00 00 10 28 36 56 77 84 00 40 91 2B 19 2F 00 E0 74 DE 00 E0 D9 DF 10 2F 10 7F 11 F4 19 2F 9A DF E2 E0 A7 C6 89 D6 08 D1 00 95 C0 90 E7 00 C0 22 03 D1 D0 90 E7 00 D0 22 A1 E0 B1 E0 FC 7D 01 14 89 E1 2E 09 EE 40 2E 00 E0 50 2E 00 10 C0 00 00 00 00 00 00 00 00 00 00 00 00 20 D6 AA 
19:14:07 FD 00 00 10 28 36 56 77 84 00 40 91 2B 19 2F 00 E0 74 DE 00 E0 D9 DF 10 2F 10 7F 11 F4 19 2F 9A DF E2 E0 A7 C6 89 D6 08 D1 00 95 C0 90 E7 00 C0 22 03 D1 D0 90 E7 00 D0 22 A1 E0 B1 E0 FC 7D 01 14 89 E1 2E 09 EE 40 2E 00 E0 50 2E 00 10 C0 00 00 00 00 00 00 00 00 00 00 00 00 20 D6 AA 
19:14:07 FD 00 00 10 28 36 56 77 84 00 40 91 2B 19 2F 00 E0 74 DE 00 E0 D9 DF 10 2F 10 7F 11 F4 19 2F 9A DF E2 E0 A7 C6 89 D6 08 D1 00 95 C0 90 E7 00 C0 22 03 D1 D0 90 E7 00 D0 22 A1 E0 B1 E0 FC 7D 01 14 89 E1 2E 09 EE 40 2E 00 E0 50 2E 00 10 C0 00 00 00 00 00 00 00 00 00 00 00 00 20 D6 AA 
19:14:07 FD 00 00 10 28 30 56 77 8C 40 40 11 23 69 F0 1A 95 09 F4 6A C0 1A 95 09 F4 87 C0 12 50 09 F4 9A C0 12 50 09 F4 AC C0 C0 C0 88 24 FC 7D 01 07 85 01 30 29 F4 E2 D0 03 70 03 30 09 F4 41 C0 BB 24 CD 01 88 0D 9B 1D 3D 01 68 0C 7B 1C 00 10 C0 00 00 00 00 00 00 00 00 00 00 00 00 20 A7 50 
19:14:08 FD 00 00 10 28 30 56 77 8C 40 40 11 23 69 F0 1A 95 09 F4 6A C0 1A 95 09 F4 87 C0 12 50 09 F4 9A C0 12 50 09 F4 AC C0 C0 C0 88 24 FC 7D 01 07 85 01 30 29 F4 E2 D0 03 70 03 30 09 F4 41 C0 BB 24 CD 01 88 0D 9B 1D 3D 01 68 0C 7B 1C 00 10 C0 00 00 00 00 00 00 00 00 00 00 00 00 20 A7 50 
19:14:08 FD 00 00 10 28 30 56 77 8C 40 40 11 23 69 F0 1A 95 09 F4 6A C0 1A 95 09 F4 87 C0 12 50 09 F4 9A C0 12 50 09 F4 AC C0 C0 C0 88 24 FC 7D 01 07 85 01 30 29 F4 E2 D0 03 70 03 30 09 F4 41 C0 BB 24 CD 01 88 0D 9B 1D 3D 01 68 0C 7B 1C 00 10 C0 00 00 00 00 00 00 00 00 00 00 00 00 20 A7 50 
19:14:08 FD 00 00 10 28 32 56 77 94 C0 40 ED D0 90 2E 0D 21 49 F0 DA D0 01 FC 7D 02 C0 12 85 1B C0 04 E0 02 87 14 E0 13 C0 09 2D 0C 21 A9 F0 CE D0 01 FC 7D 09 C0 12 85 12 60 C7 D0 FC 7C 01 02 85 0C 5F 0C 70 02 87 09 C0 02 85 03 7F 02 87 10 2F 00 10 C0 00 00 00 00 00 00 00 00 00 00 00 00 20 71 B0 
19:14:08 FD 00 00 10 28 32 56 77 94 C0 40 ED D0 90 2E 0D 21 49 F0 DA D0 01 FC 7D 02 C0 12 85 1B C0 04 E0 02 87 14 E0 13 C0 09 2D 0C 21 A9 F0 CE D0 01 FC 7D 09 C0 12 85 12 60 C7 D0 FC 7C 01 02 85 0C 5F 0C 70 02 87 09 C0 02 85 03 7F 02 87 10 2F 00 10 C0 00 00 00 00 00 00 00 00 00 00 00 00 20 71 B0 
19:14:09 FD 00 00 10 28 32 56 77 94 C0 40 ED D0 90 2E 0D 21 49 F0 DA D0 01 FC 7D 02 C0 12 85 1B C0 04 E0 02 87 14 E0 13 C0 09 2D 0C 21 A9 F0 CE D0 01 FC 7D 09 C0 12 85 12 60 C7 D0 FC 7C 01 02 85 0C 5F 0C 70 02 87 09 C0 02 85 03 7F 02 87 10 2F 00 10 C0 00 00 00 00 00 00 00 00 00 00 00 00 20 71 B0 
19:14:09 FD 00 00 10 28 34 56 77 9D 80 40 BC D0 FC 7C 01 12 85 12 60 B8 D0 00 91 E8 00 09 21 89 F0 B5 D0 01 FC 7D 0E C0 32 01 68 0C 7B 1C AF D0 0A 30 09 F4 A7 D0 AB D0 0D 30 21 F4 A3 D0 0A E0 F3 01 00 83 99 D0 08 F4 B3 CF 80 2E 20 91 E8 00 00 10 C0 00 00 00 00 00 00 00 00 00 00 00 00 20 EB 28 
19:14:09 FD 00 00 10 28 34 56 77 9D 80 40 BC D0 FC 7C 01 12 85 12 60 B8 D0 00 91 E8 00 09 21 89 F0 B5 D0 01 FC 7D 0E C0 32 01 68 0C 7B 1C AF D0 0A 30 09 F4 A7 D0 AB D0 0D 30 21 F4 A3 D0 0A E0 F3 01 00 83 99 D0 08 F4 B3 CF 80 2E 20 91 E8 00 00 10 C0 00 00 00 00 00 00 00 00 00 00 00 00 20 EB 28 
19:14:09 FD 00 00 10 28 34 56 77 9D 80 40 BC D0 FC 7C 01 12 85 12 60 B8 D0 00 91 E8 00 09 21 89 F0 B5 D0 01 FC 7D 0E C0 32 01 68 0C 7B 1C AF D0 0A 30 09 F4 A7 D0 AB D0 0D 30 21 F4 A3 D0 0A E0 F3 01 00 83 99 D0 08 F4 B3 CF 80 2E 20 91 E8 00 00 10 C0 00 00 00 00 00 00 00 00 00 00 00 00 20 EB 28 
19:14:10 FD 00 00 10 28 36 56 77 A6 80 40 AD D0 02 23 41 F0 A5 D0 0E 31 29 F4 01 E0 B1 D0 08 2D 02 50 04 87 84 D0 08 F0 61 C0 EF CF 88 24 A1 D0 31 F0 8F D0 21 FC 7D 03 C0 FC 7D 01 24 85 9D D0 7B D0 B0 F3 80 2E 03 C0 73 D0 08 F0 50 C0 8E D0 00 10 C0 00 00 00 00 00 00 00 00 00 00 00 00 20 93 DE 
19:14:10 FD 00 00 10 28 36 56 77 A6 80 40 AD D0 02 23 41 F0 A5 D0 0E 31 29 F4 01 E0 B1 D0 08 2D 02 50 04 87 84 D0 08 F0 61 C0 EF CF 88 24 A1 D0 31 F0 8F D0 21 FC 7D 03 C0 FC 7D 01 24 85 9D D0 7B D0 B0 F3 80 2E 03 C0 73 D0 08 F0 50 C0 8E D0 00 10 C0 00 00 00 00 00 00 00 00 00 00 00 00 20 93 DE 
19:14:10 FD 00 00 10 28 36 56 77 A6 80 40 AD D0 02 23 41 F0 A5 D0 0E 31 29 F4 01 E0 B1 D0 08 2D 02 50 04 87 84 D0 08 F0 61 C0 EF CF 88 24 A1 D0 31 F0 8F D0 21 FC 7D 03 C0 FC 7D 01 24 85 9D D0 7B D0 B0 F3 80 2E 03 C0 73 D0 08 F0 50 C0 8E D0 00 10 C0 00 00 00 00 00 00 00 00 00 00 00 00 20 93 DE 
19:14:11 FD 00 00 10 28 30 56 77 AF C0 40 10 2F 1D 21 19 F0 00 E0 94 D0 49 C0 10 91 E8 00 10 23 91 F3 7E D0 0C 33 79 F7 02 E0 F5 CF 88 24 81 D0 29 F0 6F D0 21 FC 7D 02 C0 2E EF 7E D0 5C D0 B8 F3 80 2E 02 C0 54 D0 90 F5 70 D0 0D 21 D9 F3 00 10 C0 00 00 00 00 00 00 00 00 00 00 00 00 20 A7 00 
19:14:11 FD 00 00 10 28 30 56 77 AF C0 40 10 2F 1D 21 19 F0 00 E0 94 D0 49 C0 10 91 E8 00 10 23 91 F3 7E D0 0C 33 79 F7 02 E0 F5 CF 88 24 81 D0 29 F0 6F D0 21 FC 7D 02 C0 2E EF 7E D0 5C D0 B8 F3 80 2E 02 C0 54 D0 90 F5 70 D0 0D 21 D9 F3 00 10 C0 00 00 00 00 00 00 00 00 00 00 00 00 20 A7 00 
19:14:11 FD 00 00 10 28 30 56 77 AF C0 40 10 2F 1D 21 19 F0 00 E0 94 D0 49 C0 10 91 E8 00 10 23 91 F3 7E D0 0C 33 79 F7 02 E0 F5 CF 88 24 81 D0 29 F0 6F D0 21 FC 7D 02 C0 2E EF 7E D0 5C D0 B8 F3 80 2E 02 C0 54 D0 90 F5 70 D0 0D 21 D9 F3 00 10 C0 00 00 00 00 00 00 00 00 00 00 00 00 20 A7 00 
19:14:11 FD 00 00 10 28 32 56 77 B9 40 40 04 E0 77 D0 06 E0 05 8B 2A C0 C2 FA 16 F4 00 E0 04 8B 00 91 E8 00 02 FF 22 C0 E9 EE F0 E0 02 81 0E 31 E9 F4 FC 7D 01 05 89 04 8B 00 E0 E9 EE F0 E0 02 83 15 C0 3C D0 02 FF C6 CF 3F EF 20 E0 1E EF 00 10 C0 00 00 00 00 00 00 00 00 00 00 00 00 20 39 06 
19:14:12 FD 00 00 10 28 32 56 77 B9 40 40 04 E0 77 D0 06 E0 05 8B 2A C0 C2 FA 16 F4 00 E0 04 8B 00 91 E8 00 02 FF 22 C0 E9 EE F0 E0 02 81 0E 31 E9 F4 FC 7D 01 05 89 04 8B 00 E0 E9 EE F0 E0 02 83 15 C0 3C D0 02 FF C6 CF 3F EF 20 E0 1E EF 00 10 C0 00 00 00 00 00 00 00 00 00 00 00 00 20 39 06 
19:14:12 FD 00 00 10 28 32 56 77 B9 40 40 04 E0 77 D0 06 E0 05 8B 2A C0 C2 FA 16 F4 00 E0 04 8B 00 91 E8 00 02 FF 22 C0 E9 EE F0 E0 02 81 0E 31 E9 F4 FC 7D 01 05 89 04 8B 00 E0 E9 EE F0 E0 02 83 15 C0 3C D0 02 FF C6 CF 3F EF 20 E0 1E EF 00 10 C0 00 00 00 00 00 00 00 00 00 00 00 00 20 39 06 
19:14:12 FD 00 00 10 28 34 56 77 C3 00 40 00 E0 78 DB 80 E0 90 E0 2F EF 8C 01 17 DC 01 96 92 30 D0 F3 FC 7D 01 04 81 15 81 F8 01 09 95 FC 7D 01 04 89 0E 15 09 F0 8A DE 0C 91 00 FC 7D 0A C0 FC 7D 01 03 85 02 FC 7D 04 C0 05 B3 03 60 05 BB 02 C0 A9 98 00 10 C0 00 00 00 00 00 00 00 00 00 00 00 00 20 B4 18 
19:14:12 FD 00 00 10 28 34 56 77 C3 00 40 00 E0 78 DB 80 E0 90 E0 2F EF 8C 01 17 DC 01 96 92 30 D0 F3 FC 7D 01 04 81 15 81 F8 01 09 95 FC 7D 01 04 89 0E 15 09 F0 8A DE 0C 91 00 FC 7D 0A C0 FC 7D 01 03 85 02 FC 7D 04 C0 05 B3 03 60 05 BB 02 C0 A9 98 00 10 C0 00 00 00 00 00 00 00 00 00 00 00 00 20 B4 18 
19:14:13 FD 00 00 10 28 34 56 77 C3 00 40 00 E0 78 DB 80 E0 90 E0 2F EF 8C 01 17 DC 01 96 92 30 D0 F3 FC 7D 01 04 81 15 81 F8 01 09 95 FC 7D 01 04 89 0E 15 09 F0 8A DE 0C 91 00 FC 7D 0A C0 FC 7D 01 03 85 02 FC 7D 04 C0 05 B3 03 60 05 BB 02 C0 A9 98 00 10 C0 00 00 00 00 00 00 00 00 00 00 00 00 20 B4 18 
19:14:13 FD 00 00 10 28 36 56 77 CD 00 40 A8 9A FC 7D 01 01 81 00 FC 7D 09 C0 02 85 02 FC 7D 04 C0 05 B3 08 61 05 BB 02 C0 AC 98 AB 9A EF E0 97 C5 83 94 04 E0 80 16 08 95 83 94 02 E0 FB CF 00 91 E6 00 08 95 FC 7C 01 12 85 11 60 08 2D CC CE F3 01 00 10 C0 00 00 00 00 00 00 00 00 00 00 00 00 20 E0 68 
19:14:13 FD 00 00 10 28 36 56 77 CD 00 40 A8 9A FC 7D 01 01 81 00 FC 7D 09 C0 02 85 02 FC 7D 04 C0 05 B3 08 61 05 BB 02 C0 AC 98 AB 9A EF E0 97 C5 83 94 04 E0 80 16 08 95 83 94 02 E0 FB CF 00 91 E6 00 08 95 FC 7C 01 12 85 11 60 08 2D CC CE F3 01 00 10 C0 00 00 00 00 00 00 00 00 00 00 00 00 20 E0 68 
19:14:14 FD 00 00 10 28 36 56 77 CD 00 40 A8 9A FC 7D 01 01 81 00 FC 7D 09 C0 02 85 02 FC 7D 04 C0 05 B3 08 61 05 BB 02 C0 AC 98 AB 9A EF E0 97 C5 83 94 04 E0 80 16 08 95 83 94 02 E0 FB CF 00 91 E6 00 08 95 FC 7C 01 12 85 11 60 08 2D CC CE F3 01 00 10 C0 00 00 00 00 00 00 00 00 00 00 00 00 20 E0 68 
19:14:14 FD 00 00 10 28 30 56 77 D7 40 40 00 81 08 95 08 2D 10 E0 FC 7D 01 E8 0D F1 1F 20 81 08 95 99 24 F2 01 E8 0D F9 1D F2 CF 01 E0 10 E0 48 2D 11 C5 FB DF 0C 21 08 95 00 5F 1F 4F C6 DB 00 E0 FC 7D 01 04 8B 08 95 0B D0 44 23 11 F0 41 E7 00 10 C0 00 00 00 00 00 00 00 00 00 00 00 00 20 08 22 
19:14:14 FD 00 00 10 28 30 56 77 D7 40 40 00 81 08 95 08 2D 10 E0 FC 7D 01 E8 0D F1 1F 20 81 08 95 99 24 F2 01 E8 0D F9 1D F2 CF 01 E0 10 E0 48 2D 11 C5 FB DF 0C 21 08 95 00 5F 1F 4F C6 DB 00 E0 FC 7D 01 04 8B 08 95 0B D0 44 23 11 F0 41 E7 00 10 C0 00 00 00 00 00 00 00 00 00 00 00 00 20 08 22 
19:14:14 FD 00 00 10 28 30 56 77 D7 40 40 00 81 08 95 08 2D 10 E0 FC 7D 01 E8 0D F1 1F 20 81 08 95 99 24 F2 01 E8 0D F9 1D F2 CF 01 E0 10 E0 48 2D 11 C5 FB DF 0C 21 08 95 00 5F 1F 4F C6 DB 00 E0 FC 7D 01 04 8B 08 95 0B D0 44 23 11 F0 41 E7 00 10 C0 00 00 00 00 00 00 00 00 00 00 00 00 20 08 22 
19:14:15 FD 00 00 10 28 32 56 77 E1 C0 40 01 C0 43 E6 40 83 21 83 32 83 D4 D3 03 E0 64 C1 EF EC F2 E0 08 95 56 D5 A1 E0 B1 E0 00 E0 25 D0 1F 96 0C 93 1F 97 02 30 20 F0 00 E0 1F 96 0C 93 1F 97 09 E0 1A D0 00 95 50 96 0D 93 0A E0 15 D0 00 10 C0 00 00 00 00 00 00 00 00 00 00 00 00 20 44 B6 
19:14:15 FD 00 00 10 28 32 56 77 E1 C0 40 01 C0 43 E6 40 83 21 83 32 83 D4 D3 03 E0 64 C1 EF EC F2 E0 08 95 56 D5 A1 E0 B1 E0 00 E0 25 D0 1F 96 0C 93 1F 97 02 30 20 F0 00 E0 1F 96 0C 93 1F 97 09 E0 1A D0 00 95 50 96 0D 93 0A E0 15 D0 00 10 C0 00 00 00 00 00 00 00 00 00 00 00 00 20 44 B6 
19:14:15 FD 00 00 10 28 32 56 77 E1 C0 40 01 C0 43 E6 40 83 21 83 32 83 D4 D3 03 E0 64 C1 EF EC F2 E0 08 95 56 D5 A1 E0 B1 E0 00 E0 25 D0 1F 96 0C 93 1F 97 02 30 20 F0 00 E0 1F 96 0C 93 1F 97 09 E0 1A D0 00 95 50 96 0D 93 0A E0 15 D0 00 10 C0 00 00 00 00 00 00 00 00 00 00 00 00 20 44 B6 
19:14:15 FD 00 00 10 28 34 56 77 EC 80 40 0C 93 51 97 02 E1 11 D0 0C 93 04 30 10 F0 00 E0 0C 93 03 E1 0A D0 11 96 0C 93 11 97 04 30 18 F0 00 E0 11 96 0C 93 0A DC 2E CE 10 E0 7F CB 21 D5 CC 24 A1 E0 B1 E0 FC 7D 01 C4 8A CD DF 07 B3 03 60 00 10 C0 00 00 00 00 00 00 00 00 00 00 00 00 20 81 3C 
19:14:16 FD 00 00 10 28 34 56 77 EC 80 40 0C 93 51 97 02 E1 11 D0 0C 93 04 30 10 F0 00 E0 0C 93 03 E1 0A D0 11 96 0C 93 11 97 04 30 18 F0 00 E0 11 96 0C 93 0A DC 2E CE 10 E0 7F CB 21 D5 CC 24 A1 E0 B1 E0 FC 7D 01 C4 8A CD DF 07 B3 03 60 00 10 C0 00 00 00 00 00 00 00 00 00 00 00 00 20 81 3C 
19:14:16 FD 00 00 10 28 34 56 77 EC 80 40 0C 93 51 97 02 E1 11 D0 0C 93 04 30 10 F0 00 E0 0C 93 03 E1 0A D0 11 96 0C 93 11 97 04 30 18 F0 00 E0 11 96 0C 93 0A DC 2E CE 10 E0 7F CB 21 D5 CC 24 A1 E0 B1 E0 FC 7D 01 C4 8A CD DF 07 B3 03 60 00 10 C0 00 00 00 00 00 00 00 00 00 00 00 00 20 81 3C 
19:14:16 FD 00 00 10 28 36 56 77 F7 80 40 07 BB 08 B3 0C 7F 08 BB FF DA 2E D1 40 E4 24 E2 31 E0 8D 01 0A 5E 1F 4F 83 DB 78 94 FC 7D 01 37 85 33 95 2F E0 1F E0 00 E0 C5 DA 54 C0 12 30 71 F4 10 91 B2 02 11 23 51 F4 03 17 41 F4 40 E0 30 2F 00 10 C0 00 00 00 00 00 00 00 00 00 00 00 00 20 8A DC 
19:14:17 FD 00 00 10 28 36 56 77 F7 80 40 07 BB 08 B3 0C 7F 08 BB FF DA 2E D1 40 E4 24 E2 31 E0 8D 01 0A 5E 1F 4F 83 DB 78 94 FC 7D 01 37 85 33 95 2F E0 1F E0 00 E0 C5 DA 54 C0 12 30 71 F4 10 91 B2 02 11 23 51 F4 03 17 41 F4 40 E0 30 2F 00 10 C0 00 00 00 00 00 00 00 00 00 00 00 00 20 8A DC 
19:14:17 FD 00 00 10 28 36 56 77 F7 80 40 07 BB 08 B3 0C 7F 08 BB FF DA 2E D1 40 E4 24 E2 31 E0 8D 01 0A 5E 1F 4F 83 DB 78 94 FC 7D 01 37 85 33 95 2F E0 1F E0 00 E0 C5 DA 54 C0 12 30 71 F4 10 91 B2 02 11 23 51 F4 03 17 41 F4 40 E0 30 2F 00 10 C0 00 00 00 00 00 00 00 00 00 00 00 00 20 8A DC 
19:14:17 FD 00 00 10 28 30 56 77 02 C0 40 03 EA 12 E0 99 DF 00 E0 94 DF D8 DD 00 E0 00 93 AD 02 CC 20 F9 F5 E0 ED F0 E0 01 81 00 23 D1 F5 F8 94 0A E0 01 83 78 94 AA 24 8A 2D 90 E0 24 DE 4A 2D 4C 5F 88 D4 60 2E 8C 01 00 0F 11 1F FC 7D 01 00 10 C0 00 00 00 00 00 00 00 00 00 00 00 00 20 BF E0 
19:14:17 FD 00 00 10 28 30 56 77 02 C0 40 03 EA 12 E0 99 DF 00 E0 94 DF D8 DD 00 E0 00 93 AD 02 CC 20 F9 F5 E0 ED F0 E0 01 81 00 23 D1 F5 F8 94 0A E0 01 83 78 94 AA 24 8A 2D 90 E0 24 DE 4A 2D 4C 5F 88 D4 60 2E 8C 01 00 0F 11 1F FC 7D 01 00 10 C0 00 00 00 00 00 00 00 00 00 00 00 00 20 BF E0 
19:14:18 FD 00 00 10 28 30 56 77 02 C0 40 03 EA 12 E0 99 DF 00 E0 94 DF D8 DD 00 E0 00 93 AD 02 CC 20 F9 F5 E0 ED F0 E0 01 81 00 23 D1 F5 F8 94 0A E0 01 83 78 94 AA 24 8A 2D 90 E0 24 DE 4A 2D 4C 5F 88 D4 60 2E 8C 01 00 0F 11 1F FC 7D 01 00 10 C0 00 00 00 00 00 00 00 00 00 00 00 00 20 BF E0 
19:14:18 FD 00 00 10 28 32 56 77 0E 40 40 E0 0F F1 1F 06 81 17 81 01 2B 89 F0 06 81 01 50 10 40 06 83 17 83 01 2B 51 F4 10 E0 0A 2D 86 DC FC 7D 01 00 89 06 21 19 F0 CD D0 20 68 D8 D0 FC 7D 01 EA 0D F9 1F 05 85 00 23 49 F0 0A 95 05 87 31 F4 00 10 C0 00 00 00 00 00 00 00 00 00 00 00 00 20 3A A0 
19:14:18 FD 00 00 10 28 32 56 77 0E 40 40 E0 0F F1 1F 06 81 17 81 01 2B 89 F0 06 81 01 50 10 40 06 83 17 83 01 2B 51 F4 10 E0 0A 2D 86 DC FC 7D 01 00 89 06 21 19 F0 CD D0 20 68 D8 D0 FC 7D 01 EA 0D F9 1F 05 85 00 23 49 F0 0A 95 05 87 31 F4 00 10 C0 00 00 00 00 00 00 00 00 00 00 00 00 20 3A A0 
19:14:18 FD 00 00 10 28 32 56 77 0E 40 40 E0 0F F1 1F 06 81 17 81 01 2B 89 F0 06 81 01 50 10 40 06 83 17 83 01 2B 51 F4 10 E0 0A 2D 86 DC FC 7D 01 00 89 06 21 19 F0 CD D0 20 68 D8 D0 FC 7D 01 EA 0D F9 1F 05 85 00 23 49 F0 0A 95 05 87 31 F4 00 10 C0 00 00 00 00 00 00 00 00 00 00 00 00 20 3A A0 
19:14:19 FD 00 00 10 28 34 56 77 1A 00 40 FC 7D 01 00 89 06 21 11 F0 BD D0 C9 D0 A3 94 02 E0 A0 16 58 F2 94 DB 00 23 09 F0 1F DE B5 DC 6E D3 00 91 AD 02 00 23 09 F4 B4 CF 84 EA 91 E0 FC 7C 01 62 80 71 80 B3 80 0F EC 40 2E 02 E0 50 2E 00 81 00 10 C0 00 00 00 00 00 00 00 00 00 00 00 00 20 9C 82 
19:14:19 FD 00 00 10 28 34 56 77 1A 00 40 FC 7D 01 00 89 06 21 11 F0 BD D0 C9 D0 A3 94 02 E0 A0 16 58 F2 94 DB 00 23 09 F0 1F DE B5 DC 6E D3 00 91 AD 02 00 23 09 F4 B4 CF 84 EA 91 E0 FC 7C 01 62 80 71 80 B3 80 0F EC 40 2E 02 E0 50 2E 00 81 00 10 C0 00 00 00 00 00 00 00 00 00 00 00 00 20 9C 82 
19:14:19 FD 00 00 10 28 34 56 77 1A 00 40 FC 7D 01 00 89 06 21 11 F0 BD D0 C9 D0 A3 94 02 E0 A0 16 58 F2 94 DB 00 23 09 F0 1F DE B5 DC 6E D3 00 91 AD 02 00 23 09 F4 B4 CF 84 EA 91 E0 FC 7C 01 62 80 71 80 B3 80 0F EC 40 2E 02 E0 50 2E 00 81 00 10 C0 00 00 00 00 00 00 00 00 00 00 00 00 20 9C 82 
19:14:20 FD 00 00 10 28 36 56 77 26 00 40 E6 E2 F0 E0 4F C4 F8 94 FC 7D 01 02 81 13 81 F8 01 09 95 9C CF CC 24 C3 94 F8 94 98 CF CC 24 78 94 95 CF 00 91 AD 02 02 30 08 F4 90 CF FC 7C 01 00 81 70 16 09 F0 8B CF FC 7D 01 04 81 15 81 E8 CF 2B DF 00 10 C0 00 00 00 00 00 00 00 00 00 00 00 00 20 9C 7C 
19:14:20 FD 00 00 10 28 36 56 77 26 00 40 E6 E2 F0 E0 4F C4 F8 94 FC 7D 01 02 81 13 81 F8 01 09 95 9C CF CC 24 C3 94 F8 94 98 CF CC 24 78 94 95 CF 00 91 AD 02 02 30 08 F4 90 CF FC 7C 01 00 81 70 16 09 F0 8B CF FC 7D 01 04 81 15 81 E8 CF 2B DF 00 10 C0 00 00 00 00 00 00 00 00 00 00 00 00 20 9C 7C 
19:14:20 FD 00 00 10 28 36 56 77 26 00 40 E6 E2 F0 E0 4F C4 F8 94 FC 7D 01 02 81 13 81 F8 01 09 95 9C CF CC 24 C3 94 F8 94 98 CF CC 24 78 94 95 CF 00 91 AD 02 02 30 08 F4 90 CF FC 7C 01 00 81 70 16 09 F0 8B CF FC 7D 01 04 81 15 81 E8 CF 2B DF 00 10 C0 00 00 00 00 00 00 00 00 00 00 00 00 20 9C 7C 
19:14:20 FD 00 00 10 28 30 56 77 32 40 40 85 CF AA 24 0B C0 83 01 D1 DA 11 E0 61 0E 10 E0 71 1E F2 01 EA 0D F1 1F 00 83 A3 94 FC 7C 01 03 81 A0 16 88 F3 79 D0 07 EC 12 E0 E4 D2 6F CF AA 24 FC 7C 01 03 81 A0 16 08 F0 69 CF BB 24 EA 0D FB 1D 00 10 C0 00 00 00 00 00 00 00 00 00 00 00 00 20 B8 40 
19:14:21 FD 00 00 10 28 30 56 77 32 40 40 85 CF AA 24 0B C0 83 01 D1 DA 11 E0 61 0E 10 E0 71 1E F2 01 EA 0D F1 1F 00 83 A3 94 FC 7C 01 03 81 A0 16 88 F3 79 D0 07 EC 12 E0 E4 D2 6F CF AA 24 FC 7C 01 03 81 A0 16 08 F0 69 CF BB 24 EA 0D FB 1D 00 10 C0 00 00 00 00 00 00 00 00 00 00 00 00 20 B8 40 
19:14:21 FD 00 00 10 28 30 56 77 32 40 40 85 CF AA 24 0B C0 83 01 D1 DA 11 E0 61 0E 10 E0 71 1E F2 01 EA 0D F1 1F 00 83 A3 94 FC 7C 01 03 81 A0 16 88 F3 79 D0 07 EC 12 E0 E4 D2 6F CF AA 24 FC 7C 01 03 81 A0 16 08 F0 69 CF BB 24 EA 0D FB 1D 00 10 C0 00 00 00 00 00 00 00 00 00 00 00 00 20 B8 40 
19:14:21 FD 00 00 10 28 32 56 77 3E C0 40 24 81 83 01 BB DA 01 E0 60 0E 7B 1C A3 94 F0 CF 01 E0 FC 7E DE 00 83 24 C0 02 E0 FA DE 00 83 00 E0 F7 DE 01 83 02 E0 DE CF 1B 2D 06 2D FF DB 06 2D CE DB 4C CF ED DE 70 82 02 E0 70 16 18 F4 07 2D 00 10 C0 00 00 00 00 00 00 00 00 00 00 00 00 20 A8 A2 
19:14:21 FD 00 00 10 28 32 56 77 3E C0 40 24 81 83 01 BB DA 01 E0 60 0E 7B 1C A3 94 F0 CF 01 E0 FC 7E DE 00 83 24 C0 02 E0 FA DE 00 83 00 E0 F7 DE 01 83 02 E0 DE CF 1B 2D 06 2D FF DB 06 2D CE DB 4C CF ED DE 70 82 02 E0 70 16 18 F4 07 2D 00 10 C0 00 00 00 00 00 00 00 00 00 00 00 00 20 A8 A2 
19:14:22 FD 00 00 10 28 32 56 77 3E C0 40 24 81 83 01 BB DA 01 E0 60 0E 7B 1C A3 94 F0 CF 01 E0 FC 7E DE 00 83 24 C0 02 E0 FA DE 00 83 00 E0 F7 DE 01 83 02 E0 DE CF 1B 2D 06 2D FF DB 06 2D CE DB 4C CF ED DE 70 82 02 E0 70 16 18 F4 07 2D 00 10 C0 00 00 00 00 00 00 00 00 00 00 00 00 20 A8 A2 
19:14:22 FD 00 00 10 28 34 56 77 4B 80 40 0A DC EE CF 04 E0 70 16 68 F7 20 91 E6 00 74 DD 8A 0D 91 1F FC 7C 01 40 81 42 50 D5 D3 02 23 F9 F2 01 E0 DE CF 34 D0 09 F0 31 CF 27 D0 E3 DC 2E CF 2E D0 09 F0 2B CF 21 D0 AB DC 28 CF FC 7C 01 00 81 00 10 C0 00 00 00 00 00 00 00 00 00 00 00 00 20 28 1A 
19:14:22 FD 00 00 10 28 34 56 77 4B 80 40 0A DC EE CF 04 E0 70 16 68 F7 20 91 E6 00 74 DD 8A 0D 91 1F FC 7C 01 40 81 42 50 D5 D3 02 23 F9 F2 01 E0 DE CF 34 D0 09 F0 31 CF 27 D0 E3 DC 2E CF 2E D0 09 F0 2B CF 21 D0 AB DC 28 CF FC 7C 01 00 81 00 10 C0 00 00 00 00 00 00 00 00 00 00 00 00 20 28 1A 
19:14:23 FD 00 00 10 28 34 56 77 4B 80 40 0A DC EE CF 04 E0 70 16 68 F7 20 91 E6 00 74 DD 8A 0D 91 1F FC 7C 01 40 81 42 50 D5 D3 02 23 F9 F2 01 E0 DE CF 34 D0 09 F0 31 CF 27 D0 E3 DC 2E CF 2E D0 09 F0 2B CF 21 D0 AB DC 28 CF FC 7C 01 00 81 00 10 C0 00 00 00 00 00 00 00 00 00 00 00 00 20 28 1A 
19:14:23 FD 00 00 10 28 36 56 77 58 80 40 0B 36 19 F4 93 01 0B 2D 03 C0 3B 2D 27 2D 06 2D FC 7D 01 14 89 11 23 41 F4 10 91 B2 02 11 23 09 F0 15 CF 13 2F 12 DD 12 CF 34 85 11 30 09 F0 FC 7E CE 0E D0 09 F4 0B CF 41 E0 03 CF 36 2D 27 2D 03 EA 00 10 C0 00 00 00 00 00 00 00 00 00 00 00 00 20 41 50 
19:14:23 FD 00 00 10 28 36 56 77 58 80 40 0B 36 19 F4 93 01 0B 2D 03 C0 3B 2D 27 2D 06 2D FC 7D 01 14 89 11 23 41 F4 10 91 B2 02 11 23 09 F0 15 CF 13 2F 12 DD 12 CF 34 85 11 30 09 F0 FC 7E CE 0E D0 09 F4 0B CF 41 E0 03 CF 36 2D 27 2D 03 EA 00 10 C0 00 00 00 00 00 00 00 00 00 00 00 00 20 41 50 
19:14:23 FD 00 00 10 28 36 56 77 58 80 40 0B 36 19 F4 93 01 0B 2D 03 C0 3B 2D 27 2D 06 2D FC 7D 01 14 89 11 23 41 F4 10 91 B2 02 11 23 09 F0 15 CF 13 2F 12 DD 12 CF 34 85 11 30 09 F0 FC 7E CE 0E D0 09 F4 0B CF 41 E0 03 CF 36 2D 27 2D 03 EA 00 10 C0 00 00 00 00 00 00 00 00 00 00 00 00 20 41 50 
19:14:24 FD 00 00 10 28 30 56 77 65 C0 40 12 E0 08 95 0A 2D C7 DB 20 2F 3A 2D 08 95 00 91 B2 02 00 23 08 95 03 95 00 93 B3 02 08 95 30 6D 8D 01 0A 5E 1F 4F 65 CA 00 E0 00 BD 0C E0 09 B9 00 E1 0A B9 06 EA 00 BD E3 EA F2 E0 00 E0 02 8F 00 10 C0 00 00 00 00 00 00 00 00 00 00 00 00 20 B1 86 
19:14:24 FD 00 00 10 28 30 56 77 65 C0 40 12 E0 08 95 0A 2D C7 DB 20 2F 3A 2D 08 95 00 91 B2 02 00 23 08 95 03 95 00 93 B3 02 08 95 30 6D 8D 01 0A 5E 1F 4F 65 CA 00 E0 00 BD 0C E0 09 B9 00 E1 0A B9 06 EA 00 BD E3 EA F2 E0 00 E0 02 8F 00 10 C0 00 00 00 00 00 00 00 00 00 00 00 00 20 B1 86 
19:14:24 FD 00 00 10 28 30 56 77 65 C0 40 12 E0 08 95 0A 2D C7 DB 20 2F 3A 2D 08 95 00 91 B2 02 00 23 08 95 03 95 00 93 B3 02 08 95 30 6D 8D 01 0A 5E 1F 4F 65 CA 00 E0 00 BD 0C E0 09 B9 00 E1 0A B9 06 EA 00 BD E3 EA F2 E0 00 E0 02 8F 00 10 C0 00 00 00 00 00 00 00 00 00 00 00 00 20 B1 86 
19:14:24 FD 00 00 10 28 32 56 77 73 40 40 00 8B 02 87 02 8B 0F EF 03 8B 00 91 1D 01 07 83 06 83 05 83 04 83 01 B3 06 60 01 BB 92 98 05 B7 03 7F 04 60 05 BF 0B B7 00 68 0B BF 01 E0 07 8B 02 E0 03 BF 09 B7 01 60 09 BF 08 95 C3 D3 A3 EA 00 10 C0 00 00 00 00 00 00 00 00 00 00 00 00 20 F7 A0 
19:14:25 FD 00 00 10 28 32 56 77 73 40 40 00 8B 02 87 02 8B 0F EF 03 8B 00 91 1D 01 07 83 06 83 05 83 04 83 01 B3 06 60 01 BB 92 98 05 B7 03 7F 04 60 05 BF 0B B7 00 68 0B BF 01 E0 07 8B 02 E0 03 BF 09 B7 01 60 09 BF 08 95 C3 D3 A3 EA 00 10 C0 00 00 00 00 00 00 00 00 00 00 00 00 20 F7 A0 
19:14:25 FD 00 00 10 28 32 56 77 73 40 40 00 8B 02 87 02 8B 0F EF 03 8B 00 91 1D 01 07 83 06 83 05 83 04 83 01 B3 06 60 01 BB 92 98 05 B7 03 7F 04 60 05 BF 0B B7 00 68 0B BF 01 E0 07 8B 02 E0 03 BF 09 B7 01 60 09 BF 08 95 C3 D3 A3 EA 00 10 C0 00 00 00 00 00 00 00 00 00 00 00 00 20 F7 A0 
19:14:25 FD 00 00 10 28 34 56 77 81 00 40 B2 E0 51 D1 5F 99 02 C0 00 E0 6B C2 1B B1 0C B1 14 71 D1 F7 17 8D 0C 3F 29 F4 11 23 19 F4 01 E0 07 8F F2 CF 21 A1 23 95 21 A3 0D 3F 89 F4 00 E0 01 A3 03 8F 04 8F 03 E0 05 8F 01 E0 00 A3 00 E0 00 10 C0 00 00 00 00 00 00 00 00 00 00 00 00 20 EC 8C 
19:14:26 FD 00 00 10 28 34 56 77 81 00 40 B2 E0 51 D1 5F 99 02 C0 00 E0 6B C2 1B B1 0C B1 14 71 D1 F7 17 8D 0C 3F 29 F4 11 23 19 F4 01 E0 07 8F F2 CF 21 A1 23 95 21 A3 0D 3F 89 F4 00 E0 01 A3 03 8F 04 8F 03 E0 05 8F 01 E0 00 A3 00 E0 00 10 C0 00 00 00 00 00 00 00 00 00 00 00 00 20 EC 8C 
19:14:26 FD 00 00 10 28 34 56 77 81 00 40 B2 E0 51 D1 5F 99 02 C0 00 E0 6B C2 1B B1 0C B1 14 71 D1 F7 17 8D 0C 3F 29 F4 11 23 19 F4 01 E0 07 8F F2 CF 21 A1 23 95 21 A3 0D 3F 89 F4 00 E0 01 A3 03 8F 04 8F 03 E0 05 8F 01 E0 00 A3 00 E0 00 10 C0 00 00 00 00 00 00 00 00 00 00 00 00 20 EC 8C 
19:14:26 FD 00 00 10 28 36 56 77 8F 00 40 03 83 02 83 01 83 0C 93 4F D9 0D EF 2B D9 DC CF 0E 3F 19 F4 00 E0 00 A3 D7 CF 11 23 19 F0 00 68 10 E0 17 8F 10 A1 11 23 79 F2 24 8D 50 E0 24 30 D8 F4 10 91 1D 01 01 17 19 F0 15 8D 1D 7F 15 8F 00 10 C0 00 00 00 00 00 00 00 00 00 00 00 00 20 4B F8 
19:14:26 FD 00 00 10 28 36 56 77 8F 00 40 03 83 02 83 01 83 0C 93 4F D9 0D EF 2B D9 DC CF 0E 3F 19 F4 00 E0 00 A3 D7 CF 11 23 19 F0 00 68 10 E0 17 8F 10 A1 11 23 79 F2 24 8D 50 E0 24 30 D8 F4 10 91 1D 01 01 17 19 F0 15 8D 1D 7F 15 8F 00 10 C0 00 00 00 00 00 00 00 00 00 00 00 00 20 4B F8 
19:14:27 FD 00 00 10 28 36 56 77 8F 00 40 03 83 02 83 01 83 0C 93 4F D9 0D EF 2B D9 DC CF 0E 3F 19 F4 00 E0 00 A3 D7 CF 11 23 19 F0 00 68 10 E0 17 8F 10 A1 11 23 79 F2 24 8D 50 E0 24 30 D8 F4 10 91 1D 01 01 17 19 F0 15 8D 1D 7F 15 8F 00 10 C0 00 00 00 00 00 00 00 00 00 00 00 00 20 4B F8 
19:14:27 FD 00 00 10 28 30 56 77 9D 40 40 EC EF FF E1 E2 0F F5 1F 14 91 01 17 21 F0 FC 7D 01 15 8D 1E 7F 15 8F FC 7D 01 E2 0F F5 1F 03 87 FC 7D 01 14 8D 13 95 14 8F D2 CF C9 F4 15 8D 11 FF 02 C0 11 E0 01 C0 10 E0 17 87 01 8B 15 8D 11 23 11 F0 00 10 C0 00 00 00 00 00 00 00 00 00 00 00 00 20 A4 B6 
19:14:27 FD 00 00 10 28 30 56 77 9D 40 40 EC EF FF E1 E2 0F F5 1F 14 91 01 17 21 F0 FC 7D 01 15 8D 1E 7F 15 8F FC 7D 01 E2 0F F5 1F 03 87 FC 7D 01 14 8D 13 95 14 8F D2 CF C9 F4 15 8D 11 FF 02 C0 11 E0 01 C0 10 E0 17 87 01 8B 15 8D 11 23 11 F0 00 10 C0 00 00 00 00 00 00 00 00 00 00 00 00 20 A4 B6 
19:14:28 FD 00 00 10 28 30 56 77 9D 40 40 EC EF FF E1 E2 0F F5 1F 14 91 01 17 21 F0 FC 7D 01 15 8D 1E 7F 15 8F FC 7D 01 E2 0F F5 1F 03 87 FC 7D 01 14 8D 13 95 14 8F D2 CF C9 F4 15 8D 11 FF 02 C0 11 E0 01 C0 10 E0 17 87 01 8B 15 8D 11 23 11 F0 00 10 C0 00 00 00 00 00 00 00 00 00 00 00 00 20 A4 B6 
19:14:28 FD 00 00 10 28 32 56 77 AB C0 40 21 E0 01 C0 20 E0 11 89 17 70 13 30 11 F4 11 E0 01 C0 10 E0 12 2B 10 A3 15 E0 E4 CF 11 89 13 FF 0A C0 17 70 13 30 39 F0 29 30 28 F4 E2 0F F5 1F 35 97 00 83 D4 CF 2F 3F 21 F0 1F EF 14 8F 06 8F 00 10 C0 00 00 00 00 00 00 00 00 00 00 00 00 20 63 58 
19:14:28 FD 00 00 10 28 32 56 77 AB C0 40 21 E0 01 C0 20 E0 11 89 17 70 13 30 11 F4 11 E0 01 C0 10 E0 12 2B 10 A3 15 E0 E4 CF 11 89 13 FF 0A C0 17 70 13 30 39 F0 29 30 28 F4 E2 0F F5 1F 35 97 00 83 D4 CF 2F 3F 21 F0 1F EF 14 8F 06 8F 00 10 C0 00 00 00 00 00 00 00 00 00 00 00 00 20 63 58 
19:14:28 FD 00 00 10 28 32 56 77 AB C0 40 21 E0 01 C0 20 E0 11 89 17 70 13 30 11 F4 11 E0 01 C0 10 E0 12 2B 10 A3 15 E0 E4 CF 11 89 13 FF 0A C0 17 70 13 30 39 F0 29 30 28 F4 E2 0F F5 1F 35 97 00 83 D4 CF 2F 3F 21 F0 1F EF 14 8F 06 8F 00 10 C0 00 00 00 00 00 00 00 00 00 00 00 00 20 63 58 
19:14:29 FD 00 00 10 28 34 56 77 BA 80 40 A5 CF 23 8D 30 E0 F9 01 EC 55 FC 7E 4F 00 83 CA D8 FC 7D 01 03 8D 10 E0 86 8D 90 E0 01 97 08 17 19 07 89 F4 00 E0 05 8F BE D8 A3 D1 E2 E2 F1 E0 00 81 11 81 01 2B 11 F0 B7 D0 67 CF FC 7D 01 06 8D 02 87 00 10 C0 00 00 00 00 00 00 00 00 00 00 00 00 20 3E 7E 
19:14:29 FD 00 00 10 28 34 56 77 BA 80 40 A5 CF 23 8D 30 E0 F9 01 EC 55 FC 7E 4F 00 83 CA D8 FC 7D 01 03 8D 10 E0 86 8D 90 E0 01 97 08 17 19 07 89 F4 00 E0 05 8F BE D8 A3 D1 E2 E2 F1 E0 00 81 11 81 01 2B 11 F0 B7 D0 67 CF FC 7D 01 06 8D 02 87 00 10 C0 00 00 00 00 00 00 00 00 00 00 00 00 20 3E 7E 
19:14:29 FD 00 00 10 28 34 56 77 BA 80 40 A5 CF 23 8D 30 E0 F9 01 EC 55 FC 7E 4F 00 83 CA D8 FC 7D 01 03 8D 10 E0 86 8D 90 E0 01 97 08 17 19 07 89 F4 00 E0 05 8F BE D8 A3 D1 E2 E2 F1 E0 00 81 11 81 01 2B 11 F0 B7 D0 67 CF FC 7D 01 06 8D 02 87 00 10 C0 00 00 00 00 00 00 00 00 00 00 00 00 20 3E 7E 
19:14:29 FD 00 00 10 28 36 56 77 C9 80 40 01 E0 63 CF 0F 3F B9 F3 03 95 03 8F 5D CF 08 E0 0A B9 92 9A 5E 9A 08 EF 0C B9 5E 9B FC 7E CF 00 E1 0A B9 92 98 08 95 54 2F 4A 95 55 23 81 F0 F8 01 50 81 F9 01 60 81 56 17 10 F4 0F EF 08 95 51 91 00 10 C0 00 00 00 00 00 00 00 00 00 00 00 00 20 29 92 
19:14:30 FD 00 00 10 28 36 56 77 C9 80 40 01 E0 63 CF 0F 3F B9 F3 03 95 03 8F 5D CF 08 E0 0A B9 92 9A 5E 9A 08 EF 0C B9 5E 9B FC 7E CF 00 E1 0A B9 92 98 08 95 54 2F 4A 95 55 23 81 F0 F8 01 50 81 F9 01 60 81 56 17 10 F4 0F EF 08 95 51 91 00 10 C0 00 00 00 00 00 00 00 00 00 00 00 00 20 29 92 
19:14:30 FD 00 00 10 28 36 56 77 C9 80 40 01 E0 63 CF 0F 3F B9 F3 03 95 03 8F 5D CF 08 E0 0A B9 92 9A 5E 9A 08 EF 0C B9 5E 9B FC 7E CF 00 E1 0A B9 92 98 08 95 54 2F 4A 95 55 23 81 F0 F8 01 50 81 F9 01 60 81 56 17 10 F4 0F EF 08 95 51 91 00 10 C0 00 00 00 00 00 00 00 00 00 00 00 00 20 29 92 
19:14:30 FD 00 00 10 28 30 56 77 D8 C0 40 9F 01 F8 01 61 91 8F 01 56 17 68 F7 93 C0 00 E0 08 95 06 C0 F9 01 51 91 9F 01 F8 01 51 93 8F 01 54 2F 4A 95 55 23 B1 F7 08 95 EC D2 A3 EA B2 E0 FC 7D 01 02 85 00 23 11 F0 00 E0 74 C0 1F DF 00 23 00 10 C0 00 00 00 00 00 00 00 00 00 00 00 00 20 99 CA 
19:14:30 FD 00 00 10 28 30 56 77 D8 C0 40 9F 01 F8 01 61 91 8F 01 56 17 68 F7 93 C0 00 E0 08 95 06 C0 F9 01 51 91 9F 01 F8 01 51 93 8F 01 54 2F 4A 95 55 23 B1 F7 08 95 EC D2 A3 EA B2 E0 FC 7D 01 02 85 00 23 11 F0 00 E0 74 C0 1F DF 00 23 00 10 C0 00 00 00 00 00 00 00 00 00 00 00 00 20 99 CA 
19:14:31 FD 00 00 10 28 30 56 77 D8 C0 40 9F 01 F8 01 61 91 8F 01 56 17 68 F7 93 C0 00 E0 08 95 06 C0 F9 01 51 91 9F 01 F8 01 51 93 8F 01 54 2F 4A 95 55 23 B1 F7 08 95 EC D2 A3 EA B2 E0 FC 7D 01 02 85 00 23 11 F0 00 E0 74 C0 1F DF 00 23 00 10 C0 00 00 00 00 00 00 00 00 00 00 00 00 20 99 CA 
19:14:31 FD 00 00 10 28 32 56 77 E8 40 40 D9 F3 FC 7D 01 21 89 02 2F 07 70 03 30 29 F5 00 E0 02 87 26 95 26 95 26 95 23 95 05 C0 14 91 13 17 59 F7 28 50 03 95 22 23 A9 F0 50 E0 FC 7D 01 E0 0F F5 1F 33 85 EC EF FF E1 E0 0F F5 1F 28 30 70 F7 00 10 C0 00 00 00 00 00 00 00 00 00 00 00 00 20 1E 8C 
19:14:31 FD 00 00 10 28 32 56 77 E8 40 40 D9 F3 FC 7D 01 21 89 02 2F 07 70 03 30 29 F5 00 E0 02 87 26 95 26 95 26 95 23 95 05 C0 14 91 13 17 59 F7 28 50 03 95 22 23 A9 F0 50 E0 FC 7D 01 E0 0F F5 1F 33 85 EC EF FF E1 E0 0F F5 1F 28 30 70 F7 00 10 C0 00 00 00 00 00 00 00 00 00 00 00 00 20 1E 8C 
19:14:32 FD 00 00 10 28 32 56 77 E8 40 40 D9 F3 FC 7D 01 21 89 02 2F 07 70 03 30 29 F5 00 E0 02 87 26 95 26 95 26 95 23 95 05 C0 14 91 13 17 59 F7 28 50 03 95 22 23 A9 F0 50 E0 FC 7D 01 E0 0F F5 1F 33 85 EC EF FF E1 E0 0F F5 1F 28 30 70 F7 00 10 C0 00 00 00 00 00 00 00 00 00 00 00 00 20 1E 8C 
19:14:32 FD 00 00 10 28 34 56 77 F8 00 40 0F EF 10 E0 48 E0 42 1B 5E D2 14 91 10 23 03 23 10 17 91 F6 03 E0 46 C0 02 2F 01 71 17 85 11 23 21 F0 00 31 49 F2 3F D0 C7 CF 00 31 89 F5 26 95 23 70 82 2F 01 89 07 FF 02 C0 0F EF 03 8B 03 89 00 10 C0 00 00 00 00 00 00 00 00 00 00 00 00 20 1F 3A 
19:14:32 FD 00 00 10 28 34 56 77 F8 00 40 0F EF 10 E0 48 E0 42 1B 5E D2 14 91 10 23 03 23 10 17 91 F6 03 E0 46 C0 02 2F 01 71 17 85 11 23 21 F0 00 31 49 F2 3F D0 C7 CF 00 31 89 F5 26 95 23 70 82 2F 01 89 07 FF 02 C0 0F EF 03 8B 03 89 00 10 C0 00 00 00 00 00 00 00 00 00 00 00 00 20 1F 3A 
19:14:32 FD 00 00 10 28 34 56 77 F8 00 40 0F EF 10 E0 48 E0 42 1B 5E D2 14 91 10 23 03 23 10 17 91 F6 03 E0 46 C0 02 2F 01 71 17 85 11 23 21 F0 00 31 49 F2 3F D0 C7 CF 00 31 89 F5 26 95 23 70 82 2F 01 89 07 FF 02 C0 0F EF 03 8B 03 89 00 10 C0 00 00 00 00 00 00 00 00 00 00 00 00 20 1F 3A 
19:14:33 FD 00 00 10 28 36 56 77 08 00 40 02 17 F1 F4 EB D1 8D 01 8E DF 00 23 C9 F4 2B D0 FC 7D 01 02 8D 06 30 11 F5 81 89 82 95 8F 70 86 95 83 70 41 D1 46 D1 F9 F6 FC 7D 01 06 89 06 95 03 70 80 17 C9 F6 01 89 07 79 01 31 71 F4 02 E0 12 C0 00 10 C0 00 00 00 00 00 00 00 00 00 00 00 00 20 6A AC 
19:14:33 FD 00 00 10 28 36 56 77 08 00 40 02 17 F1 F4 EB D1 8D 01 8E DF 00 23 C9 F4 2B D0 FC 7D 01 02 8D 06 30 11 F5 81 89 82 95 8F 70 86 95 83 70 41 D1 46 D1 F9 F6 FC 7D 01 06 89 06 95 03 70 80 17 C9 F6 01 89 07 79 01 31 71 F4 02 E0 12 C0 00 10 C0 00 00 00 00 00 00 00 00 00 00 00 00 20 6A AC 
19:14:33 FD 00 00 10 28 36 56 77 08 00 40 02 17 F1 F4 EB D1 8D 01 8E DF 00 23 C9 F4 2B D0 FC 7D 01 02 8D 06 30 11 F5 81 89 82 95 8F 70 86 95 83 70 41 D1 46 D1 F9 F6 FC 7D 01 06 89 06 95 03 70 80 17 C9 F6 01 89 07 79 01 31 71 F4 02 E0 12 C0 00 10 C0 00 00 00 00 00 00 00 00 00 00 00 00 20 6A AC 
19:14:33 FD 00 00 10 28 30 56 77 18 40 40 FC 7D 01 83 8B 30 D1 8D 01 0C 5D 1F 4F 82 DF E0 CF 27 79 21 31 41 F6 DB CF 01 E0 04 C0 11 89 11 70 01 E0 01 27 1E C1 00 E0 FC 7D 01 02 87 08 95 5D 9B 6E CF 0C B9 01 E0 08 95 8A 93 80 2F 0D 3F 21 F0 00 10 C0 00 00 00 00 00 00 00 00 00 00 00 00 20 5B 56 
19:14:34 FD 00 00 10 28 30 56 77 18 40 40 FC 7D 01 83 8B 30 D1 8D 01 0C 5D 1F 4F 82 DF E0 CF 27 79 21 31 41 F6 DB CF 01 E0 04 C0 11 89 11 70 01 E0 01 27 1E C1 00 E0 FC 7D 01 02 87 08 95 5D 9B 6E CF 0C B9 01 E0 08 95 8A 93 80 2F 0D 3F 21 F0 00 10 C0 00 00 00 00 00 00 00 00 00 00 00 00 20 5B 56 
19:14:34 FD 00 00 10 28 30 56 77 18 40 40 FC 7D 01 83 8B 30 D1 8D 01 0C 5D 1F 4F 82 DF E0 CF 27 79 21 31 41 F6 DB CF 01 E0 04 C0 11 89 11 70 01 E0 01 27 1E C1 00 E0 FC 7D 01 02 87 08 95 5D 9B 6E CF 0C B9 01 E0 08 95 8A 93 80 2F 0D 3F 21 F0 00 10 C0 00 00 00 00 00 00 00 00 00 00 00 00 20 5B 56 
19:14:34 FD 00 00 10 28 32 56 77 28 C0 40 0E 3F 11 F0 0C 3F 71 F4 00 91 CF 03 00 23 49 F4 0C EF ED DF 00 23 11 F4 00 E0 0D C0 01 E0 00 93 CF 03 8F 77 08 2F E3 DF 00 23 B1 F3 5E 9A 00 E0 00 93 CF 03 01 E0 89 91 08 95 44 D2 A3 EA B2 E0 00 10 C0 00 00 00 00 00 00 00 00 00 00 00 00 20 C5 D0 
19:14:35 FD 00 00 10 28 32 56 77 28 C0 40 0E 3F 11 F0 0C 3F 71 F4 00 91 CF 03 00 23 49 F4 0C EF ED DF 00 23 11 F4 00 E0 0D C0 01 E0 00 93 CF 03 8F 77 08 2F E3 DF 00 23 B1 F3 5E 9A 00 E0 00 93 CF 03 01 E0 89 91 08 95 44 D2 A3 EA B2 E0 00 10 C0 00 00 00 00 00 00 00 00 00 00 00 00 20 C5 D0 
19:14:35 FD 00 00 10 28 32 56 77 28 C0 40 0E 3F 11 F0 0C 3F 71 F4 00 91 CF 03 00 23 49 F4 0C EF ED DF 00 23 11 F4 00 E0 0D C0 01 E0 00 93 CF 03 8F 77 08 2F E3 DF 00 23 B1 F3 5E 9A 00 E0 00 93 CF 03 01 E0 89 91 08 95 44 D2 A3 EA B2 E0 00 10 C0 00 00 00 00 00 00 00 00 00 00 00 00 20 C5 D0 
19:14:35 FD 00 00 10 28 34 56 77 39 80 40 A4 D0 00 23 91 F4 08 E0 0A B9 92 9A ED D7 A0 D0 00 E0 02 A3 06 89 07 79 01 31 8D 01 11 F4 0C 5D 01 C0 08 5D 1F 4F 00 87 11 87 05 89 01 30 51 F4 0D EF BD DF 00 23 11 F4 00 E0 79 C0 02 E0 96 D0 00 10 C0 00 00 00 00 00 00 00 00 00 00 00 00 20 E9 52 
19:14:35 FD 00 00 10 28 34 56 77 39 80 40 A4 D0 00 23 91 F4 08 E0 0A B9 92 9A ED D7 A0 D0 00 E0 02 A3 06 89 07 79 01 31 8D 01 11 F4 0C 5D 01 C0 08 5D 1F 4F 00 87 11 87 05 89 01 30 51 F4 0D EF BD DF 00 23 11 F4 00 E0 79 C0 02 E0 96 D0 00 10 C0 00 00 00 00 00 00 00 00 00 00 00 00 20 E9 52 
19:14:36 FD 00 00 10 28 34 56 77 39 80 40 A4 D0 00 23 91 F4 08 E0 0A B9 92 9A ED D7 A0 D0 00 E0 02 A3 06 89 07 79 01 31 8D 01 11 F4 0C 5D 01 C0 08 5D 1F 4F 00 87 11 87 05 89 01 30 51 F4 0D EF BD DF 00 23 11 F4 00 E0 79 C0 02 E0 96 D0 00 10 C0 00 00 00 00 00 00 00 00 00 00 00 00 20 E9 52 
19:14:36 FD 00 00 10 28 36 56 77 4A 80 40 0D EF B0 D7 82 D0 02 30 71 F4 09 C0 80 85 91 85 77 D0 00 81 73 D0 81 F3 FC 7C 01 00 81 7E D0 02 A1 04 30 A0 F3 76 D0 05 89 03 30 29 F4 86 89 65 D0 19 F3 04 E0 78 D0 69 D0 04 30 99 F4 06 89 03 FC 7D 00 10 C0 00 00 00 00 00 00 00 00 00 00 00 00 20 A0 C2 
19:14:36 FD 00 00 10 28 36 56 77 4A 80 40 0D EF B0 D7 82 D0 02 30 71 F4 09 C0 80 85 91 85 77 D0 00 81 73 D0 81 F3 FC 7C 01 00 81 7E D0 02 A1 04 30 A0 F3 76 D0 05 89 03 30 29 F4 86 89 65 D0 19 F3 04 E0 78 D0 69 D0 04 30 99 F4 06 89 03 FC 7D 00 10 C0 00 00 00 00 00 00 00 00 00 00 00 00 20 A0 C2 
19:14:36 FD 00 00 10 28 36 56 77 4A 80 40 0D EF B0 D7 82 D0 02 30 71 F4 09 C0 80 85 91 85 77 D0 00 81 73 D0 81 F3 FC 7C 01 00 81 7E D0 02 A1 04 30 A0 F3 76 D0 05 89 03 30 29 F4 86 89 65 D0 19 F3 04 E0 78 D0 69 D0 04 30 99 F4 06 89 03 FC 7D 00 10 C0 00 00 00 00 00 00 00 00 00 00 00 00 20 A0 C2 
19:14:37 FD 00 00 10 28 30 56 77 5B C0 40 0C C0 05 E0 05 8B 10 C0 88 EF 9F E1 59 D0 04 91 55 D0 91 F2 FC 7C 01 04 91 60 D0 02 A1 08 30 A0 F3 58 D0 05 89 05 30 41 F4 43 D0 09 F4 80 E0 8E 5F 44 D0 11 F2 06 E0 57 D0 48 D0 06 30 C9 F4 38 D0 00 10 C0 00 00 00 00 00 00 00 00 00 00 00 00 20 BB 1E 
19:14:37 FD 00 00 10 28 30 56 77 5B C0 40 0C C0 05 E0 05 8B 10 C0 88 EF 9F E1 59 D0 04 91 55 D0 91 F2 FC 7C 01 04 91 60 D0 02 A1 08 30 A0 F3 58 D0 05 89 05 30 41 F4 43 D0 09 F4 80 E0 8E 5F 44 D0 11 F2 06 E0 57 D0 48 D0 06 30 C9 F4 38 D0 00 10 C0 00 00 00 00 00 00 00 00 00 00 00 00 20 BB 1E 
19:14:37 FD 00 00 10 28 30 56 77 5B C0 40 0C C0 05 E0 05 8B 10 C0 88 EF 9F E1 59 D0 04 91 55 D0 91 F2 FC 7C 01 04 91 60 D0 02 A1 08 30 A0 F3 58 D0 05 89 05 30 41 F4 43 D0 09 F4 80 E0 8E 5F 44 D0 11 F2 06 E0 57 D0 48 D0 06 30 C9 F4 38 D0 00 10 C0 00 00 00 00 00 00 00 00 00 00 00 00 20 BB 1E 
19:14:38 FD 00 00 10 28 32 56 77 6D 40 40 89 F4 80 E0 0F C0 10 E0 F8 01 E1 53 FC 7D 4F 90 81 09 2F 34 D0 09 F4 B0 CF 09 2F 64 D7 FC 7D 01 04 89 03 95 04 8B 04 89 08 17 70 F3 42 D0 41 D0 30 D0 05 89 07 30 41 F4 00 91 23 01 20 D0 09 F4 9C CF 00 10 C0 00 00 00 00 00 00 00 00 00 00 00 00 20 75 32 
19:14:38 FD 00 00 10 28 32 56 77 6D 40 40 89 F4 80 E0 0F C0 10 E0 F8 01 E1 53 FC 7D 4F 90 81 09 2F 34 D0 09 F4 B0 CF 09 2F 64 D7 FC 7D 01 04 89 03 95 04 8B 04 89 08 17 70 F3 42 D0 41 D0 30 D0 05 89 07 30 41 F4 00 91 23 01 20 D0 09 F4 9C CF 00 10 C0 00 00 00 00 00 00 00 00 00 00 00 00 20 75 32 
19:14:38 FD 00 00 10 28 32 56 77 6D 40 40 89 F4 80 E0 0F C0 10 E0 F8 01 E1 53 FC 7D 4F 90 81 09 2F 34 D0 09 F4 B0 CF 09 2F 64 D7 FC 7D 01 04 89 03 95 04 8B 04 89 08 17 70 F3 42 D0 41 D0 30 D0 05 89 07 30 41 F4 00 91 23 01 20 D0 09 F4 9C CF 00 10 C0 00 00 00 00 00 00 00 00 00 00 00 00 20 75 32 
19:14:38 FD 00 00 10 28 34 56 77 7F 00 40 08 E0 34 D0 02 C0 08 30 41 F4 00 91 22 01 16 D0 09 F4 92 CF 09 E0 2A D0 02 C0 09 30 39 F4 5E 9B 8B CF 00 E1 0A B9 92 98 0A E0 05 8B 01 E0 59 C0 80 89 06 89 01 71 01 31 08 95 08 2F 3D DF E5 C0 00 10 C0 00 00 00 00 00 00 00 00 00 00 00 00 20 88 76 
19:14:39 FD 00 00 10 28 34 56 77 7F 00 40 08 E0 34 D0 02 C0 08 30 41 F4 00 91 22 01 16 D0 09 F4 92 CF 09 E0 2A D0 02 C0 09 30 39 F4 5E 9B 8B CF 00 E1 0A B9 92 98 0A E0 05 8B 01 E0 59 C0 80 89 06 89 01 71 01 31 08 95 08 2F 3D DF E5 C0 00 10 C0 00 00 00 00 00 00 00 00 00 00 00 00 20 88 76 
19:14:39 FD 00 00 10 28 34 56 77 7F 00 40 08 E0 34 D0 02 C0 08 30 41 F4 00 91 22 01 16 D0 09 F4 92 CF 09 E0 2A D0 02 C0 09 30 39 F4 5E 9B 8B CF 00 E1 0A B9 92 98 0A E0 05 8B 01 E0 59 C0 80 89 06 89 01 71 01 31 08 95 08 2F 3D DF E5 C0 00 10 C0 00 00 00 00 00 00 00 00 00 00 00 00 20 88 76 
19:14:39 FD 00 00 10 28 36 56 77 91 00 40 10 E0 80 0F 91 1F FC 7C 01 08 95 FC 7D 01 05 89 08 95 FC 7D 01 05 89 03 95 05 8B 08 95 24 D7 FC 7D 01 02 A1 03 95 02 A3 08 95 02 D0 08 2F 1C C7 FC 7D 01 F3 CF 00 E0 18 C7 44 E0 98 01 0B EC 12 E0 8A CE 82 D1 00 10 C0 00 00 00 00 00 00 00 00 00 00 00 00 20 0D C8 
19:14:39 FD 00 00 10 28 36 56 77 91 00 40 10 E0 80 0F 91 1F FC 7C 01 08 95 FC 7D 01 05 89 08 95 FC 7D 01 05 89 03 95 05 8B 08 95 24 D7 FC 7D 01 02 A1 03 95 02 A3 08 95 02 D0 08 2F 1C C7 FC 7D 01 F3 CF 00 E0 18 C7 44 E0 98 01 0B EC 12 E0 8A CE 82 D1 00 10 C0 00 00 00 00 00 00 00 00 00 00 00 00 20 0D C8 
19:14:40 FD 00 00 10 28 36 56 77 91 00 40 10 E0 80 0F 91 1F FC 7C 01 08 95 FC 7D 01 05 89 08 95 FC 7D 01 05 89 03 95 05 8B 08 95 24 D7 FC 7D 01 02 A1 03 95 02 A3 08 95 02 D0 08 2F 1C C7 FC 7D 01 F3 CF 00 E0 18 C7 44 E0 98 01 0B EC 12 E0 8A CE 82 D1 00 10 C0 00 00 00 00 00 00 00 00 00 00 00 00 20 0D C8 
19:14:40 FD 00 00 10 28 30 56 77 A3 40 40 A3 EA B2 E0 D5 D0 14 96 0C 91 59 97 03 30 B9 F4 52 96 2D 91 1C 91 13 96 12 95 10 7F 11 0F 02 2F 00 0F 01 2B 08 61 0C 93 56 97 23 30 18 F0 00 E0 52 96 03 C0 52 96 02 2F 03 95 0C 93 52 97 13 D0 00 10 C0 00 00 00 00 00 00 00 00 00 00 00 00 20 85 3C 
19:14:40 FD 00 00 10 28 30 56 77 A3 40 40 A3 EA B2 E0 D5 D0 14 96 0C 91 59 97 03 30 B9 F4 52 96 2D 91 1C 91 13 96 12 95 10 7F 11 0F 02 2F 00 0F 01 2B 08 61 0C 93 56 97 23 30 18 F0 00 E0 52 96 03 C0 52 96 02 2F 03 95 0C 93 52 97 13 D0 00 10 C0 00 00 00 00 00 00 00 00 00 00 00 00 20 85 3C 
19:14:41 FD 00 00 10 28 30 56 77 A3 40 40 A3 EA B2 E0 D5 D0 14 96 0C 91 59 97 03 30 B9 F4 52 96 2D 91 1C 91 13 96 12 95 10 7F 11 0F 02 2F 00 0F 01 2B 08 61 0C 93 56 97 23 30 18 F0 00 E0 52 96 03 C0 52 96 02 2F 03 95 0C 93 52 97 13 D0 00 10 C0 00 00 00 00 00 00 00 00 00 00 00 00 20 85 3C 
19:14:41 FD 00 00 10 28 32 56 77 B5 C0 40 2C 5F 3F 4F 16 D0 29 F0 56 96 0C 91 00 68 0C 93 56 97 0C D0 31 F0 07 D0 28 5D 3F 4F 14 96 8D 01 58 DE E4 E0 5F C1 44 E0 9D 01 08 95 44 E0 2D E1 31 E0 8D 01 08 5D 1F 4F 36 DE 87 C0 43 D1 55 DE 00 10 C0 00 00 00 00 00 00 00 00 00 00 00 00 20 33 DC 
19:14:41 FD 00 00 10 28 32 56 77 B5 C0 40 2C 5F 3F 4F 16 D0 29 F0 56 96 0C 91 00 68 0C 93 56 97 0C D0 31 F0 07 D0 28 5D 3F 4F 14 96 8D 01 58 DE E4 E0 5F C1 44 E0 9D 01 08 95 44 E0 2D E1 31 E0 8D 01 08 5D 1F 4F 36 DE 87 C0 43 D1 55 DE 00 10 C0 00 00 00 00 00 00 00 00 00 00 00 00 20 33 DC 
19:14:41 FD 00 00 10 28 32 56 77 B5 C0 40 2C 5F 3F 4F 16 D0 29 F0 56 96 0C 91 00 68 0C 93 56 97 0C D0 31 F0 07 D0 28 5D 3F 4F 14 96 8D 01 58 DE E4 E0 5F C1 44 E0 9D 01 08 95 44 E0 2D E1 31 E0 8D 01 08 5D 1F 4F 36 DE 87 C0 43 D1 55 DE 00 10 C0 00 00 00 00 00 00 00 00 00 00 00 00 20 33 DC 
19:14:42 FD 00 00 10 28 34 56 77 C8 80 40 03 30 11 F4 24 DE 7F C0 A3 EA B2 E0 50 96 1C 91 1A 96 2C 91 5A 97 22 23 81 F0 2A 95 D1 F0 2A 95 F9 F1 2A 95 09 F4 49 C0 2A 95 09 F4 4F C0 2A 95 A1 F1 2A 95 09 F4 50 C0 66 C0 01 30 11 F4 01 E0 00 10 C0 00 00 00 00 00 00 00 00 00 00 00 00 20 51 98 
19:14:42 FD 00 00 10 28 34 56 77 C8 80 40 03 30 11 F4 24 DE 7F C0 A3 EA B2 E0 50 96 1C 91 1A 96 2C 91 5A 97 22 23 81 F0 2A 95 D1 F0 2A 95 F9 F1 2A 95 09 F4 49 C0 2A 95 09 F4 4F C0 2A 95 A1 F1 2A 95 09 F4 50 C0 66 C0 01 30 11 F4 01 E0 00 10 C0 00 00 00 00 00 00 00 00 00 00 00 00 20 51 98 
19:14:42 FD 00 00 10 28 34 56 77 C8 80 40 03 30 11 F4 24 DE 7F C0 A3 EA B2 E0 50 96 1C 91 1A 96 2C 91 5A 97 22 23 81 F0 2A 95 D1 F0 2A 95 F9 F1 2A 95 09 F4 49 C0 2A 95 09 F4 4F C0 2A 95 A1 F1 2A 95 09 F4 50 C0 66 C0 01 30 11 F4 01 E0 00 10 C0 00 00 00 00 00 00 00 00 00 00 00 00 20 51 98 
19:14:42 FD 00 00 10 28 36 56 77 DB 80 40 60 C0 11 23 09 F4 5F C0 02 E0 65 D0 03 E0 0E 93 5A C0 5D D0 09 F0 57 C0 11 23 71 F0 5F D0 C9 DF 59 F4 03 E0 59 96 0C 93 8A DF 02 B7 0F 70 0C 59 0E 93 12 96 03 E0 0B C0 5B D0 12 97 0C 91 13 96 00 10 C0 00 00 00 00 00 00 00 00 00 00 00 00 20 D1 F6 
19:14:43 FD 00 00 10 28 36 56 77 DB 80 40 60 C0 11 23 09 F4 5F C0 02 E0 65 D0 03 E0 0E 93 5A C0 5D D0 09 F0 57 C0 11 23 71 F0 5F D0 C9 DF 59 F4 03 E0 59 96 0C 93 8A DF 02 B7 0F 70 0C 59 0E 93 12 96 03 E0 0B C0 5B D0 12 97 0C 91 13 96 00 10 C0 00 00 00 00 00 00 00 00 00 00 00 00 20 D1 F6 
19:14:43 FD 00 00 10 28 36 56 77 DB 80 40 60 C0 11 23 09 F4 5F C0 02 E0 65 D0 03 E0 0E 93 5A C0 5D D0 09 F0 57 C0 11 23 71 F0 5F D0 C9 DF 59 F4 03 E0 59 96 0C 93 8A DF 02 B7 0F 70 0C 59 0E 93 12 96 03 E0 0B C0 5B D0 12 97 0C 91 13 96 00 10 C0 00 00 00 00 00 00 00 00 00 00 00 00 20 D1 F6 
19:14:43 FD 00 00 10 28 30 56 77 EE C0 40 02 95 00 7F 00 0F 09 61 0C 93 14 96 05 E0 0C 93 5A 97 3A D0 C1 F1 00 E0 34 C0 36 D0 E1 F7 33 C0 01 30 69 F2 34 D0 79 F5 6A DF A0 DF 11 F4 04 E0 01 C0 03 E0 30 D0 A1 DE 26 C0 26 D0 21 F1 06 E0 00 10 C0 00 00 00 00 00 00 00 00 00 00 00 00 20 04 DE 
19:14:44 FD 00 00 10 28 30 56 77 EE C0 40 02 95 00 7F 00 0F 09 61 0C 93 14 96 05 E0 0C 93 5A 97 3A D0 C1 F1 00 E0 34 C0 36 D0 E1 F7 33 C0 01 30 69 F2 34 D0 79 F5 6A DF A0 DF 11 F4 04 E0 01 C0 03 E0 30 D0 A1 DE 26 C0 26 D0 21 F1 06 E0 00 10 C0 00 00 00 00 00 00 00 00 00 00 00 00 20 04 DE 
19:14:44 FD 00 00 10 28 30 56 77 EE C0 40 02 95 00 7F 00 0F 09 61 0C 93 14 96 05 E0 0C 93 5A 97 3A D0 C1 F1 00 E0 34 C0 36 D0 E1 F7 33 C0 01 30 69 F2 34 D0 79 F5 6A DF A0 DF 11 F4 04 E0 01 C0 03 E0 30 D0 A1 DE 26 C0 26 D0 21 F1 06 E0 00 10 C0 00 00 00 00 00 00 00 00 00 00 00 00 20 04 DE 
19:14:44 FD 00 00 10 28 32 56 77 02 40 40 2A D0 12 97 02 B7 0F 70 0C 59 1C C0 1D D0 D9 F0 00 E0 21 D0 1A 97 16 C0 02 30 11 F4 24 D0 DB CF 01 30 11 F4 20 D0 AB CF 58 96 0C 91 58 97 00 23 51 F4 59 96 0C 91 0A 95 0C 93 59 97 00 23 71 F3 00 10 C0 00 00 00 00 00 00 00 00 00 00 00 00 20 FC 7E 94 
19:14:44 FD 00 00 10 28 32 56 77 02 40 40 2A D0 12 97 02 B7 0F 70 0C 59 1C C0 1D D0 D9 F0 00 E0 21 D0 1A 97 16 C0 02 30 11 F4 24 D0 DB CF 01 30 11 F4 20 D0 AB CF 58 96 0C 91 58 97 00 23 51 F4 59 96 0C 91 0A 95 0C 93 59 97 00 23 71 F3 00 10 C0 00 00 00 00 00 00 00 00 00 00 00 00 20 FC 7E 94 
19:14:45 FD 00 00 10 28 32 56 77 02 40 40 2A D0 12 97 02 B7 0F 70 0C 59 1C C0 1D D0 D9 F0 00 E0 21 D0 1A 97 16 C0 02 30 11 F4 24 D0 DB CF 01 30 11 F4 20 D0 AB CF 58 96 0C 91 58 97 00 23 51 F4 59 96 0C 91 0A 95 0C 93 59 97 00 23 71 F3 00 10 C0 00 00 00 00 00 00 00 00 00 00 00 00 20 FC 7E 94 
19:14:45 FD 00 00 10 28 34 56 77 16 00 40 02 E0 5A 96 0C 93 6D CF 78 DE 00 23 08 95 57 96 0C 91 57 97 FA CF 5A 96 0C 93 08 95 44 E0 9D 01 2C 5D 3F 4F 08 95 00 E0 50 96 0C 93 50 97 08 95 00 E0 54 96 0D 93 F0 CF 28 D0 0A B7 00 68 0A BF 00 10 C0 00 00 00 00 00 00 00 00 00 00 00 00 20 BF 9E 
19:14:45 FD 00 00 10 28 34 56 77 16 00 40 02 E0 5A 96 0C 93 6D CF 78 DE 00 23 08 95 57 96 0C 91 57 97 FA CF 5A 96 0C 93 08 95 44 E0 9D 01 2C 5D 3F 4F 08 95 00 E0 50 96 0C 93 50 97 08 95 00 E0 54 96 0D 93 F0 CF 28 D0 0A B7 00 68 0A BF 00 10 C0 00 00 00 00 00 00 00 00 00 00 00 00 20 BF 9E 
19:14:45 FD 00 00 10 28 34 56 77 16 00 40 02 E0 5A 96 0C 93 6D CF 78 DE 00 23 08 95 57 96 0C 91 57 97 FA CF 5A 96 0C 93 08 95 44 E0 9D 01 2C 5D 3F 4F 08 95 00 E0 50 96 0C 93 50 97 08 95 00 E0 54 96 0D 93 F0 CF 28 D0 0A B7 00 68 0A BF 00 10 C0 00 00 00 00 00 00 00 00 00 00 00 00 20 BF 9E 
19:14:46 FD 00 00 10 28 36 56 77 2A 00 40 E3 EA F2 E0 01 E0 07 8B 02 B7 07 70 06 5F 03 A3 00 E0 02 BF 08 B7 01 60 08 BF 11 D0 18 95 15 D0 E3 EA F2 E0 03 A1 0A 95 03 A3 11 F4 00 E0 07 8B 00 8D 00 23 19 F0 00 8D 0A 95 00 8F EE CF 1F BF 00 10 C0 00 00 00 00 00 00 00 00 00 00 00 00 20 ED 32 
19:14:46 FD 00 00 10 28 36 56 77 2A 00 40 E3 EA F2 E0 01 E0 07 8B 02 B7 07 70 06 5F 03 A3 00 E0 02 BF 08 B7 01 60 08 BF 11 D0 18 95 15 D0 E3 EA F2 E0 03 A1 0A 95 03 A3 11 F4 00 E0 07 8B 00 8D 00 23 19 F0 00 8D 0A 95 00 8F EE CF 1F BF 00 10 C0 00 00 00 00 00 00 00 00 00 00 00 00 20 ED 32 
19:14:46 FD 00 00 10 28 36 56 77 2A 00 40 E3 EA F2 E0 01 E0 07 8B 02 B7 07 70 06 5F 03 A3 00 E0 02 BF 08 B7 01 60 08 BF 11 D0 18 95 15 D0 E3 EA F2 E0 03 A1 0A 95 03 A3 11 F4 00 E0 07 8B 00 8D 00 23 19 F0 00 8D 0A 95 00 8F EE CF 1F BF 00 10 C0 00 00 00 00 00 00 00 00 00 00 00 00 20 ED 32 
19:14:47 FD 00 00 10 28 30 56 77 3E 40 40 09 91 19 91 E9 91 F9 91 08 95 FA 93 EA 93 1A 93 0A 93 1F B7 08 95 00 00 88 95 FC 7E CF 0F EC 0D BF 00 E0 0E BF C0 EB D0 E0 88 D0 00 23 09 F0 95 D0 3E DB F1 DF F0 CF 14 9F 10 2D 05 9F 10 0D 04 9F 00 10 C0 00 00 00 00 00 00 00 00 00 00 00 00 20 DE D2 
19:14:47 FD 00 00 10 28 30 56 77 3E 40 40 09 91 19 91 E9 91 F9 91 08 95 FA 93 EA 93 1A 93 0A 93 1F B7 08 95 00 00 88 95 FC 7E CF 0F EC 0D BF 00 E0 0E BF C0 EB D0 E0 88 D0 00 23 09 F0 95 D0 3E DB F1 DF F0 CF 14 9F 10 2D 05 9F 10 0D 04 9F 00 10 C0 00 00 00 00 00 00 00 00 00 00 00 00 20 DE D2 
19:14:47 FD 00 00 10 28 30 56 77 3E 40 40 09 91 19 91 E9 91 F9 91 08 95 FA 93 EA 93 1A 93 0A 93 1F B7 08 95 00 00 88 95 FC 7E CF 0F EC 0D BF 00 E0 0E BF C0 EB D0 E0 88 D0 00 23 09 F0 95 D0 3E DB F1 DF F0 CF 14 9F 10 2D 05 9F 10 0D 04 9F 00 10 C0 00 00 00 00 00 00 00 00 00 00 00 00 20 DE D2 
19:14:47 FD 00 00 10 28 32 56 77 52 C0 40 00 2D 11 0D 08 95 4A 95 1A F0 00 0F 11 1F FB CF 08 95 75 91 65 91 55 91 45 91 15 90 11 FA 25 90 35 90 08 95 F9 DF 04 1B 10 E0 03 C0 F4 DF 04 1B 15 0B 20 E0 30 E0 05 C0 EC DF 04 1B 15 0B 26 0B 00 10 C0 00 00 00 00 00 00 00 00 00 00 00 00 20 0A B6 
19:14:48 FD 00 00 10 28 32 56 77 52 C0 40 00 2D 11 0D 08 95 4A 95 1A F0 00 0F 11 1F FB CF 08 95 75 91 65 91 55 91 45 91 15 90 11 FA 25 90 35 90 08 95 F9 DF 04 1B 10 E0 03 C0 F4 DF 04 1B 15 0B 20 E0 30 E0 05 C0 EC DF 04 1B 15 0B 26 0B 00 10 C0 00 00 00 00 00 00 00 00 00 00 00 00 20 0A B6 
19:14:48 FD 00 00 10 28 32 56 77 52 C0 40 00 2D 11 0D 08 95 4A 95 1A F0 00 0F 11 1F FB CF 08 95 75 91 65 91 55 91 45 91 15 90 11 FA 25 90 35 90 08 95 F9 DF 04 1B 10 E0 03 C0 F4 DF 04 1B 15 0B 20 E0 30 E0 05 C0 EC DF 04 1B 15 0B 26 0B 00 10 C0 00 00 00 00 00 00 00 00 00 00 00 00 20 0A B6 
19:14:48 FD 00 00 10 28 34 56 77 67 80 40 37 0B B8 F0 10 FC 7C 17 C0 45 91 05 90 E0 0F F1 1F 04 17 10 05 40 E0 24 07 34 07 58 F4 36 F4 04 91 00 24 F1 01 E0 1B F0 09 09 94 E0 0F F1 1F 25 90 35 90 F1 01 09 94 11 F4 D6 F7 F1 CF 31 96 0E F0 00 10 C0 00 00 00 00 00 00 00 00 00 00 00 00 20 BE 78 
19:14:48 FD 00 00 10 28 34 56 77 67 80 40 37 0B B8 F0 10 FC 7C 17 C0 45 91 05 90 E0 0F F1 1F 04 17 10 05 40 E0 24 07 34 07 58 F4 36 F4 04 91 00 24 F1 01 E0 1B F0 09 09 94 E0 0F F1 1F 25 90 35 90 F1 01 09 94 11 F4 D6 F7 F1 CF 31 96 0E F0 00 10 C0 00 00 00 00 00 00 00 00 00 00 00 00 20 BE 78 
19:14:49 FD 00 00 10 28 34 56 77 67 80 40 37 0B B8 F0 10 FC 7C 17 C0 45 91 05 90 E0 0F F1 1F 04 17 10 05 40 E0 24 07 34 07 58 F4 36 F4 04 91 00 24 F1 01 E0 1B F0 09 09 94 E0 0F F1 1F 25 90 35 90 F1 01 09 94 11 F4 D6 F7 F1 CF 31 96 0E F0 00 10 C0 00 00 00 00 00 00 00 00 00 00 00 00 20 BE 78 
19:14:49 FD 00 00 10 28 36 56 77 7C 80 40 31 96 50 E0 60 E0 70 E0 45 91 4B 3F 48 F0 89 F3 4F 3F 29 F0 4E 3F 11 F0 75 91 65 91 55 91 45 91 04 1B 15 0B 26 0B 37 0B 39 F3 18 F3 E7 CF EA 92 DA 92 CA 92 BA 92 AA 92 9A 92 8A 92 7A 92 6A 92 00 10 C0 00 00 00 00 00 00 00 00 00 00 00 00 20 C2 DE 
19:14:49 FD 00 00 10 28 36 56 77 7C 80 40 31 96 50 E0 60 E0 70 E0 45 91 4B 3F 48 F0 89 F3 4F 3F 29 F0 4E 3F 11 F0 75 91 65 91 55 91 45 91 04 1B 15 0B 26 0B 37 0B 39 F3 18 F3 E7 CF EA 92 DA 92 CA 92 BA 92 AA 92 9A 92 8A 92 7A 92 6A 92 00 10 C0 00 00 00 00 00 00 00 00 00 00 00 00 20 C2 DE 
19:14:50 FD 00 00 10 28 36 56 77 7C 80 40 31 96 50 E0 60 E0 70 E0 45 91 4B 3F 48 F0 89 F3 4F 3F 29 F0 4E 3F 11 F0 75 91 65 91 55 91 45 91 04 1B 15 0B 26 0B 37 0B 39 F3 18 F3 E7 CF EA 92 DA 92 CA 92 BA 92 AA 92 9A 92 8A 92 7A 92 6A 92 00 10 C0 00 00 00 00 00 00 00 00 00 00 00 00 20 C2 DE 
19:14:50 FD 00 00 10 28 30 56 77 91 C0 40 5A 92 4A 92 BA 93 AA 93 9A 93 8A 93 08 95 EE 84 DD 84 CC 84 BB 84 AA 84 99 84 88 84 7F 80 6E 80 5D 80 4C 80 BB 81 AA 81 99 81 88 81 F0 E0 0F B6 F8 94 CE 0F DF 1F 0F BE 08 95 01 E0 08 95 20 E0 00 10 C0 00 00 00 00 00 00 00 00 00 00 00 00 20 27 98 
19:14:50 FD 00 00 10 28 30 56 77 91 C0 40 5A 92 4A 92 BA 93 AA 93 9A 93 8A 93 08 95 EE 84 DD 84 CC 84 BB 84 AA 84 99 84 88 84 7F 80 6E 80 5D 80 4C 80 BB 81 AA 81 99 81 88 81 F0 E0 0F B6 F8 94 CE 0F DF 1F 0F BE 08 95 01 E0 08 95 20 E0 00 10 C0 00 00 00 00 00 00 00 00 00 00 00 00 20 27 98 
19:14:50 FD 00 00 10 28 30 56 77 91 C0 40 5A 92 4A 92 BA 93 AA 93 9A 93 8A 93 08 95 EE 84 DD 84 CC 84 BB 84 AA 84 99 84 88 84 7F 80 6E 80 5D 80 4C 80 BB 81 AA 81 99 81 88 81 F0 E0 0F B6 F8 94 CE 0F DF 1F 0F BE 08 95 01 E0 08 95 20 E0 00 10 C0 00 00 00 00 00 00 00 00 00 00 00 00 20 27 98 
19:14:51 FD 00 00 10 28 32 56 77 A7 40 40 06 D0 E9 F7 08 95 25 91 02 D0 E9 F7 08 95 2D 93 01 50 10 40 20 2F 21 2B 08 95 88 E5 90 E0 FC 7C 01 05 91 14 91 FC 7C 01 32 96 A5 91 B4 91 FC 7C 01 34 96 25 91 34 91 42 2F 43 2B 19 F0 F9 01 E4 DF 01 C0 00 10 C0 00 00 00 00 00 00 00 00 00 00 00 00 20 2E A0 
19:14:51 FD 00 00 10 28 32 56 77 A7 40 40 06 D0 E9 F7 08 95 25 91 02 D0 E9 F7 08 95 2D 93 01 50 10 40 20 2F 21 2B 08 95 88 E5 90 E0 FC 7C 01 05 91 14 91 FC 7C 01 32 96 A5 91 B4 91 FC 7C 01 34 96 25 91 34 91 42 2F 43 2B 19 F0 F9 01 E4 DF 01 C0 00 10 C0 00 00 00 00 00 00 00 00 00 00 00 00 20 2E A0 
19:14:51 FD 00 00 10 28 32 56 77 A7 40 40 06 D0 E9 F7 08 95 25 91 02 D0 E9 F7 08 95 2D 93 01 50 10 40 20 2F 21 2B 08 95 88 E5 90 E0 FC 7C 01 05 91 14 91 FC 7C 01 32 96 A5 91 B4 91 FC 7C 01 34 96 25 91 34 91 42 2F 43 2B 19 F0 F9 01 E4 DF 01 C0 00 10 C0 00 00 00 00 00 00 00 00 00 00 00 00 20 2E A0 
19:14:51 FD 00 00 10 28 34 56 77 BD 00 40 DE DF 06 96 10 E0 84 36 91 07 48 F3 08 95 00 00 00 00 00 00 00 00 00 00 00 00 00 00 00 00 00 00 00 FF 01 02 00 00 00 00 00 00 00 00 00 00 00 FF FF 00 00 00 00 FF FF FF FF 00 00 00 00 01 00 00 00 10 C0 00 00 00 00 00 00 00 00 00 00 00 00 20 B8 CE 
19:14:52 FD 00 00 10 28 34 56 77 BD 00 40 DE DF 06 96 10 E0 84 36 91 07 48 F3 08 95 00 00 00 00 00 00 00 00 00 00 00 00 00 00 00 00 00 00 00 FF 01 02 00 00 00 00 00 00 00 00 00 00 00 FF FF 00 00 00 00 FF FF FF FF 00 00 00 00 01 00 00 00 10 C0 00 00 00 00 00 00 00 00 00 00 00 00 20 B8 CE 
19:14:52 FD 00 00 10 28 34 56 77 BD 00 40 DE DF 06 96 10 E0 84 36 91 07 48 F3 08 95 00 00 00 00 00 00 00 00 00 00 00 00 00 00 00 00 00 00 00 FF 01 02 00 00 00 00 00 00 00 00 00 00 00 FF FF 00 00 00 00 FF FF FF FF 00 00 00 00 01 00 00 00 10 C0 00 00 00 00 00 00 00 00 00 00 00 00 20 B8 CE 
19:14:52 FD 00 00 10 28 36 56 77 D3 00 40 00 00 0C 00 00 00 00 00 00 04 04 00 00 00 00 00 00 00 00 00 00 00 00 00 00 00 00 FF FF FF FF 00 FF FF FF FF 00 00 00 00 00 00 00 00 00 00 00 FF FF 00 00 00 00 FF FF FF FF 00 00 00 00 01 00 00 00 10 C0 00 00 00 00 00 00 00 00 00 00 00 00 20 D0 20 
19:14:52 FD 00 00 10 28 36 56 77 D3 00 40 00 00 0C 00 00 00 00 00 00 04 04 00 00 00 00 00 00 00 00 00 00 00 00 00 00 00 00 FF FF FF FF 00 FF FF FF FF 00 00 00 00 00 00 00 00 00 00 00 FF FF 00 00 00 00 FF FF FF FF 00 00 00 00 01 00 00 00 10 C0 00 00 00 00 00 00 00 00 00 00 00 00 20 D0 20 
19:14:53 FD 00 00 10 28 36 56 77 D3 00 40 00 00 0C 00 00 00 00 00 00 04 04 00 00 00 00 00 00 00 00 00 00 00 00 00 00 00 00 FF FF FF FF 00 FF FF FF FF 00 00 00 00 00 00 00 00 00 00 00 FF FF 00 00 00 00 FF FF FF FF 00 00 00 00 01 00 00 00 10 C0 00 00 00 00 00 00 00 00 00 00 00 00 20 D0 20 
19:14:53 FD 00 00 10 28 36 56 77 D3 00 40 00 00 0C 00 00 00 00 00 00 04 04 00 00 00 00 00 00 00 00 00 00 00 00 00 00 00 00 FF FF FF FF 00 FF FF FF FF FF FF FF FF FF FF FF FF FF FF FF FF FF FF FF FF FF FF FF FF FF FF FF FF FF FF FF FF 00 10 C0 00 00 00 00 00 00 00 00 00 00 00 00 20 57 B8 
19:14:53 FD 00 00 10 28 36 56 77 D3 00 40 00 00 0C 00 00 00 00 00 00 04 04 00 00 00 00 00 00 00 00 00 00 00 00 00 00 00 00 FF FF FF FF 00 FF FF FF FF FF FF FF FF FF FF FF FF FF FF FF FF FF FF FF FF FF FF FF FF FF FF FF FF FF FF FF FF 00 10 C0 00 00 00 00 00 00 00 00 00 00 00 00 20 57 B8 
19:14:53 FD 00 00 10 28 36 56 77 D3 00 40 00 00 0C 00 00 00 00 00 00 04 04 00 00 00 00 00 00 00 00 00 00 00 00 00 00 00 00 FF FF FF FF 00 FF FF FF FF FF FF FF FF FF FF FF FF FF FF FF FF FF FF FF FF FF FF FF FF FF FF FF FF FF FF FF FF 00 10 C0 00 00 00 00 00 00 00 00 00 00 00 00 20 57 B8 
19:14:54 FD 00 00 10 28 59 00 00 00 00 02 5C 94 
19:14:54 FD FF FF FF FF D0 04 67 00 E6 3A 
19:14:54 FD FF FF FF FF D0 04 67 00 E6 3A 
19:14:54 FD FF FF FF FF D0 04 67 00 E6 3A 
19:14:54 FD FF FF FF FF D0 04 67 00 E6 3A 
19:14:54 FD FF FF FF FF D0 04 67 00 E6 3A 
19:14:54 FD FF FF FF FF D0 04 67 00 E6 3A 
19:14:54 FD FF FF FF FF D0 04 67 00 E6 3A 
19:14:54 FD FF FF FF FF D0 04 67 00 E6 3A 
19:14:54 FD FF FF FF FF D0 04 67 00 E6 3A 
19:14:55 FD FF FF FF FF D0 04 67 00 E6 3A 
