07:32:41 FD FF FF FF FF F0 04 75 00 14 98 
07:32:41 FD FF FF FF FF F0 04 75 00 14 98 
07:32:41 FD FF FF FF FF F0 04 75 00 14 98 
07:32:42 FD FF FF FF FF F0 04 75 00 14 98 
07:32:42 FD FF FF FF FF F0 04 75 00 14 98 
07:32:42 FD FF FF FF FF F0 04 75 00 14 98 
07:32:42 FD FF FF FF FF F0 04 75 00 14 98 
07:32:42 FD FF FF FF FF F0 04 75 00 14 98 
07:32:42 FD FF FF FF FF F0 04 75 00 14 98 
07:32:42 FD FF FF FF FF F0 04 75 00 14 98 
07:32:42 FE 04 00 AE 
07:32:42 FD 00 00 00 00 03 02 6C 76 F8 00 
07:32:42 FD 00 00 00 00 0B 02 FC 7D 66 F8 00 
07:32:42 FD 00 00 00 00 13 02 5E 54 F8 00 
07:32:42 FD 00 00 00 00 1B 02 CF 44 F8 00 
07:32:42 FD 00 00 00 00 23 02 08 32 F8 00 
07:32:42 FD 00 00 00 00 2B 02 99 22 F8 00 
07:32:42 FD 00 00 00 00 33 02 3A 10 F8 00 
07:32:42 FD 00 00 00 00 3B 02 AB 00 F8 00 
07:32:42 FD 00 00 00 00 43 02 A4 FC 7E F8 00 
07:32:42 FD 00 00 00 00 4B 02 35 EE F8 00 
07:32:42 FD 00 00 00 00 53 02 96 DC F8 00 
07:32:42 FD 00 00 00 00 5B 02 07 CC F8 00 
07:32:42 FD 00 00 00 00 63 02 C0 BA F8 00 
07:32:42 FD 00 00 00 00 6B 02 51 AA F8 00 
07:32:42 FD 00 00 00 00 73 02 F2 98 F8 00 
07:32:42 FD 00 00 00 00 7B 02 63 88 F8 00 
07:32:42 FD 00 00 00 00 83 02 ED 64 F8 00 
07:32:42 FD 00 00 00 00 8B 02 7C 74 F8 00 
07:32:42 FD 00 00 00 00 93 02 DF 46 F8 00 
07:32:42 FD 00 00 00 00 9B 02 4E 56 
07:32:42 FD 00 00 00 00 9B 02 4E 56 
07:32:42 FD 00 00 10 00 9B 02 3C 34 F8 00 
07:32:42 FD 00 00 10 00 A3 02 FB 42 F8 00 
07:32:42 FD 00 00 10 00 AB 02 6A 52 F8 00 
07:32:42 FD 00 00 10 00 B3 02 C9 60 F8 00 
07:32:42 FD 00 00 10 00 BB 02 58 70 F8 00 
07:32:42 FD 00 00 10 00 C3 02 57 8E F8 00 
07:32:42 FD 00 00 10 00 CB 02 C6 9E F8 00 
07:32:42 FD 00 00 10 00 D3 02 65 AC 
07:32:42 FD 00 00 10 00 D3 02 65 AC 
07:32:42 FD 00 00 10 20 D3 02 01 68 F8 00 
07:32:42 FD 00 00 10 20 DB 02 90 78 F8 00 
07:32:42 FD 00 00 10 20 E3 02 57 0E 
07:32:42 FD 00 00 10 20 E3 02 57 0E 
07:32:42 FD 00 00 10 28 E3 02 C6 3E F8 00 
07:32:42 FD 00 00 10 28 EB 02 57 2E F8 00 
07:32:42 FD 00 00 10 28 F3 02 F4 1C F8 00 
07:32:42 FD 00 00 10 28 FB 02 65 0C F8 00 
07:32:42 FD 00 00 10 29 FB 02 77 2A 
07:32:42 FD 00 00 10 29 FB 02 77 2A 
07:32:42 FD 00 00 10 2A F3 02 D0 50 
07:32:42 FD 00 00 10 2A F3 02 D0 50 
07:32:42 FD 00 00 10 2C EB 02 1F B6 
07:32:43 FD 00 00 10 2C EB 02 1F B6 
07:32:43 FD 00 00 10 30 DB 02 A2 1A 
07:32:43 FD 00 00 10 30 DB 02 A2 1A 
07:32:43 FD 00 00 10 40 CB 02 0F 16 
07:32:43 FD 00 00 10 40 CB 02 0F 16 
07:32:43 FD 00 00 10 80 C3 02 D4 9C 
07:32:43 FD 00 00 10 80 C3 02 D4 9C 
07:32:43 FD 00 00 11 00 BB 02 4E 56 
07:32:43 FD 00 00 11 00 BB 02 4E 56 
07:32:43 FD 00 00 12 00 B3 02 E5 2C 
07:32:43 FD 00 00 12 00 B3 02 E5 2C 
07:32:43 FD 00 00 14 00 AB 02 32 CA 
07:32:43 FD 00 00 14 00 AB 02 32 CA 
07:32:43 FD 00 00 18 00 A3 02 4A 72 
07:32:43 FD 00 00 18 00 A3 02 4A 72 
07:32:43 FD 00 00 20 00 93 02 3B 82 
07:32:43 FD 00 00 20 00 93 02 3B 82 
07:32:43 FD 00 00 40 00 8B 02 A5 FC 7E 
07:32:43 FD 00 00 40 00 8B 02 A5 FC 7E 
07:32:43 FD 00 00 80 00 83 02 4E 72 
07:32:43 FD 00 00 80 00 83 02 4E 72 
07:32:43 FD 00 01 00 00 7B 02 35 A6 
07:32:43 FD 00 01 00 00 7B 02 35 A6 
07:32:43 FD 00 02 00 00 73 02 5E C4 
07:32:43 FD 00 02 00 00 73 02 5E C4 
07:32:43 FD 00 04 00 00 6B 02 19 10 
07:32:43 FD 00 04 00 00 6B 02 19 10 
07:32:43 FD 00 08 00 00 63 02 51 CE 
07:32:43 FD 00 08 00 00 63 02 51 CE 
07:32:43 FD 00 10 00 00 5B 02 35 26 
07:32:43 FD 00 10 00 00 5B 02 35 26 
07:32:43 FD 00 20 00 00 53 02 F3 08 
07:32:43 FD 00 20 00 00 53 02 F3 08 
07:32:43 FD 00 40 00 00 4B 02 FC 7E 46 
07:32:43 FD 00 40 00 00 4B 02 FC 7E 46 
07:32:43 FD 00 80 00 00 43 02 23 AC 
07:32:43 FD 00 80 00 00 43 02 23 AC 
07:32:43 FD 01 00 00 00 3B 02 B5 A6 
07:32:43 FD 01 00 00 00 3B 02 B5 A6 
07:32:43 FD 02 00 00 00 33 02 07 5C 
07:32:43 FD 02 00 00 00 33 02 07 5C 
07:32:43 FD 04 00 00 00 2B 02 E3 BA 
07:32:43 FD 04 00 00 00 2B 02 E3 BA 
07:32:43 FD 08 00 00 00 23 02 FC 7D 02 
07:32:43 FD 08 00 00 00 23 02 FC 7D 02 
07:32:43 FD 10 00 00 00 1B 02 35 26 
07:32:43 FD 10 00 00 00 1B 02 35 26 
07:32:43 FD 20 00 00 00 13 02 BA 92 
07:32:43 FD 20 00 00 00 13 02 BA 92 
07:32:43 FD 40 00 00 00 0B 02 24 E8 
07:32:44 FD 40 00 00 00 0B 02 24 E8 D0 
07:32:45 FD 00 00 10 28 F0 03 68 69 62 
07:32:45 FE 00 10 04 01 01 11 EA 00 
07:32:45 FD 00 00 10 28 19 00 00 00 00 02 85 1A 
07:32:45 FD 00 00 10 28 19 00 00 00 00 02 85 1A 
07:32:45 FD FF FF FF FF 92 04 67 00 13 FC 7C 
07:32:45 FD FF FF FF FF 92 04 67 00 13 FC 7C 
07:32:46 FD FF FF FF FF 92 04 67 00 13 FC 7C 
07:32:46 FD FF FF FF FF 92 04 67 00 13 FC 7C 
07:32:46 FD FF FF FF FF 92 04 67 00 13 FC 7C 
07:32:46 FD FF FF FF FF 92 04 67 00 13 FC 7C 
07:32:46 FD FF FF FF FF 92 04 67 00 13 FC 7C 
07:32:46 FD FF FF FF FF 92 04 67 00 13 FC 7C 
07:32:46 FD FF FF FF FF 92 04 67 00 13 FC 7C 
07:32:46 FD FF FF FF FF 92 04 67 00 13 FC 7C 
07:32:46 FD 00 00 10 28 9A 00 00 00 00 03 76 BC CA 
07:32:46 FD 00 00 00 00 B8 00 00 10 28 04 02 00 06 58 00 
07:32:46 FD 00 00 10 28 19 00 00 00 00 02 85 1A 
07:32:47 FD 00 00 10 28 19 00 00 00 00 02 85 1A 
