17:30:57 Open Port COM11 with 19200 Baud
17:31:10 FD 00 00 3C 7F 98 00 00 00 00 06 73 00 11 00 7C A2 
17:31:10 FD 00 00 00 00 19 00 00 3C 7F 02 67 44 
17:31:10 FD 00 00 3C 7F 98 00 00 00 00 04 53 11 64 1C 
17:31:10 FD 00 00 00 00 1A 00 00 3C 7F 04 11 00 8D 9C 
17:31:11 FD 00 00 00 00 1A 00 00 3C 7F 04 11 00 8D 9C 
17:31:11 FD 00 00 00 00 1A 00 00 3C 7F 04 11 00 8D 9C 
17:31:11 FD 00 00 0F E6 98 00 00 00 00 03 46 3B C6 
17:31:11 FD 00 00 00 00 1C 00 00 0F E6 05 00 DA 26 BE 2A 
17:31:11 FE 
17:31:11 FD 00 00 00 00 1C 00 00 0F E6 05 00 DA 26 BE 2A FC 
17:31:11 FD 00 00 00 00 1C 00 00 0F E6 05 00 DA 26 BE 2A 
17:31:12 FE 

17:31:15 FD 00 00 10 01 98 00 00 00 00 06 73 00 02 00 75 E0 
17:31:16 FD 00 00 00 00 19 00 00 10 01 02 B9 1A 
17:31:17 FD 00 00 10 01 98 00 00 00 00 04 53 02 D3 52 
17:31:17 FD 00 00 0F E6 98 00 00 00 00 03 46 3B C6 
17:31:17 FD 00 00 00 00 1E 00 00 0F E6 05 00 DA 26 32 12 
17:31:17 FE 
17:31:17 FD 00 00 00 00 1E 00 00 0F E6 05 00 DA 26 32 12 
17:31:17 FE 
17:31:18 FD 00 00 00 00 1E 00 00 0F E6 05 00 DA 26 32 12 FC 
Close Port COM11
