18:58:44 FD FF FF FF FF 90 04 75 00 29 D6 
18:58:44 FD FF FF FF FF 90 04 75 00 29 D6 
18:58:45 FD FF FF FF FF 90 04 75 00 29 D6 
18:58:45 FD FF FF FF FF 90 04 75 00 29 D6 
18:58:45 FD FF FF FF FF 90 04 75 00 29 D6 
18:58:45 FD FF FF FF FF 90 04 75 00 29 D6 
18:58:45 FD FF FF FF FF 90 04 75 00 29 D6 
18:58:45 FD FF FF FF FF 90 04 75 00 29 D6 
18:58:45 FD FF FF FF FF 90 04 75 00 29 D6 
18:58:45 FD FF FF FF FF 90 04 75 00 29 D6 
18:58:45 FD 00 00 10 28 90 03 70 54 1C 
18:58:45 FE 00 12 04 00 40 7F 0E 00 3F 3F 
18:58:45 FE 00 11 04 00 40 45 E4 
18:58:45 FD 00 00 10 28 39 00 00 00 00 02 61 DC 
18:58:45 FD 00 00 DC 
18:58:45 FD 00 00 10 28 B2 46 77 00 00 40 D4 C9 18 95 A0 C9 84 C0 18 95 18 95 18 95 18 95 18 95 AC C9 18 95 18 95 18 95 18 95 18 95 18 95 18 95 18 95 18 95 21 01 17 06 84 05 22 92 05 08 EE 05 07 94 05 01 C6 05 04 AA 05 03 81 05 09 E9 51 8C 
18:58:45 FE 00 31 02 BD 90 00 
18:58:45 FD 00 00 10 28 34 46 77 00 40 40 05 05 BB 05 03 EE 05 06 E4 05 02 C2 05 02 76 05 01 BB 05 04 7D 05 FB 00 B9 02 FC 7E 00 00 00 3E 00 C0 00 1C 15 18 E0 EE EF F0 E0 21 81 27 FF 02 C0 21 E0 01 C0 20 E0 32 2F 40 81 51 81 44 0F 55 1F EB 5A 
18:58:45 FE 00 51 02 11 5C 00 
18:58:46 FD 00 00 10 28 36 46 77 00 80 40 40 83 51 83 07 FB 1E F4 24 2F 21 60 20 83 00 0F 33 23 39 F0 22 E0 30 E1 40 81 42 27 53 27 40 83 51 83 1A 95 01 F7 08 95 0F EF EE EF F0 E0 00 83 01 83 08 95 40 2F 3F 3F 19 F0 33 23 09 F0 33 95 BA A2 
18:58:46 FE 00 71 02 75 18 00 
18:58:46 FD 00 00 10 28 30 46 77 00 C0 40 F8 94 E0 EC F0 E0 50 E0 E0 0F F5 1F 32 87 14 87 26 87 50 8B 87 D0 00 95 12 B3 10 23 12 BB 78 94 08 95 00 E0 02 BD 02 B5 00 FC 7D FC 7D CF 0B E0 05 BD 02 B5 01 FC 7D FC 7D CF 0C E7 03 BD 09 B7 00 68 09 BF FC 7C CC 
18:58:46 FE 00 11 02 D9 D4 00 
18:58:46 FD 00 00 10 28 32 46 77 01 00 40 09 B7 0F 7B 09 BF 08 95 01 B3 00 63 01 BB E9 CF BA 93 AA 93 FA 93 EA 93 5A 93 4A 93 3A 93 2A 93 1A 93 0A 93 3F B7 E0 EC F0 E0 02 89 01 60 02 8B 04 89 03 95 04 8B 0A 30 29 F4 00 E0 04 8B 02 89 57 78 
18:58:46 FE 00 31 02 BD 90 00 
18:58:46 FD 00 00 10 28 34 46 77 01 40 40 02 60 02 8B 03 89 03 95 03 8B 04 31 11 F4 00 E0 03 8B 05 89 03 95 05 8B 04 36 31 F4 00 E0 05 8B 02 89 04 60 02 8B 02 C0 0A 30 58 F4 05 89 10 E0 DF 01 A0 0F B1 1F 0C 91 00 23 19 F0 0C 91 0A 95 FC 7D CE 
18:58:46 FE 00 51 02 11 5C 00 
18:58:46 FD 00 00 10 28 36 46 77 01 80 40 0C 93 43 89 42 30 10 F5 50 E0 E4 0F F5 1F 22 85 22 23 E1 F0 00 89 00 23 19 F0 0A 95 00 8B 16 C0 21 D0 12 B3 10 23 31 F0 16 85 10 8B 00 95 12 B3 10 23 0B C0 14 85 10 8B 2F 3F 29 F0 12 2F 1A 95 9E AE 
18:58:46 FE 00 71 02 75 18 00 
18:58:46 FD 00 00 10 28 30 46 77 01 C0 40 12 87 11 23 19 F0 12 B3 10 2B 12 BB 3F BF 09 91 19 91 29 91 39 91 49 91 59 91 E9 91 F9 91 A9 91 B9 91 18 95 01 E0 10 E0 4C 5F F4 C8 E1 99 FC 7E CF 1F BB 0E BB 01 E0 0C BB 0D B3 08 95 E1 99 FC 7E CF 52 36 
18:58:46 FE 00 11 02 D9 D4 00 
18:58:46 FD 00 00 10 28 32 46 77 02 00 40 1F BB 0E BB 2D BB F8 94 04 E0 0C BB E1 9A 78 94 08 95 F8 01 00 E0 04 83 03 83 02 83 45 83 20 83 31 83 08 95 36 D9 F8 01 44 81 55 81 45 17 10 F0 00 E0 15 C0 A0 81 B1 81 43 81 52 E0 45 9F A0 0D CF 00 
18:58:46 FE 00 31 02 BD 90 00 
18:58:46 FD 00 00 10 28 34 46 77 02 40 40 B1 1D 2D 93 3C 93 23 81 23 95 23 83 35 81 23 17 10 F0 20 E0 23 83 04 81 03 95 04 83 01 E0 E4 E0 28 C9 17 D9 F8 01 04 81 00 23 11 F4 00 E0 F7 CF A0 81 B1 81 02 81 12 E0 01 9F A0 0D B1 1D 0D 91 B7 74 
18:58:46 FE 00 51 02 11 5C 00 
18:58:46 FD 00 00 10 28 36 46 77 02 80 40 1C 91 D9 01 0D 93 1C 93 44 23 11 F4 01 E0 EF CF 02 81 03 95 02 83 15 81 01 17 10 F0 00 E0 02 83 04 81 0A 95 04 83 F2 CF 01 B3 0F 73 01 BB 04 B3 0C 7F 04 BB 02 B3 00 6C 02 BB 05 B3 03 60 05 BB 66 A4 
18:58:46 FE 00 71 02 75 18 00 
18:58:46 FD 00 00 10 28 30 46 77 02 C0 40 08 95 E7 D8 F8 94 20 91 D2 00 00 E0 00 93 D2 00 78 94 02 2F 05 70 11 F4 00 E0 56 C0 A0 E0 B1 E0 00 E0 FC 7D 01 02 83 01 83 03 B3 00 95 03 70 30 B3 30 95 35 95 35 95 35 95 35 95 3C 70 30 2B 00 85 FC 7D 40 
18:58:46 FE 00 11 02 D9 D4 00 
18:58:47 FD 00 00 10 28 32 46 77 00 40 30 17 51 F5 01 85 00 23 11 F0 0A 95 01 87 01 85 00 23 B9 F5 60 E0 FC 7D 01 57 81 70 E0 E6 0F F7 1F 03 81 03 30 28 F4 32 D0 10 2F 15 23 09 F0 30 2B 63 95 64 30 80 F3 3C 93 35 27 FC 7D 01 31 83 60 E0 6F 38 
18:58:47 FD 00 00 10 28 32 46 77 03 00 40 30 17 51 F5 01 85 00 23 11 F0 0A 95 01 87 01 85 00 23 B9 F5 60 E0 FC 7D 01 57 81 70 E0 E6 0F F7 1F 03 81 03 30 28 F4 32 D0 10 2F 15 23 09 F0 30 2B 63 95 64 30 80 F3 3C 93 35 27 FC 7D 01 31 83 60 E0 6F 38 
18:58:47 FE 00 31 02 BD 90 00 
18:58:47 FD 00 00 10 28 34 46 77 03 40 40 25 D0 1C 91 10 23 B9 F0 FC 7D 01 E6 0F F7 1F 10 2F 13 23 31 F0 73 83 0B C0 30 87 03 E0 01 87 11 C0 22 FB 4E F4 13 81 1F 3F 31 F0 13 95 13 83 FC 7D 01 12 81 10 2B 12 83 63 95 64 30 10 F3 0C 91 FC 7D 01 FB 24 
18:58:47 FE 00 51 02 11 5C 00 
18:58:47 FD 00 00 10 28 36 46 77 03 07 83 12 81 01 81 01 2B E4 E0 93 C8 01 E0 10 E0 46 2F 20 C8 03 E0 0A D0 0F 3F 09 F4 08 E7 08 95 04 E0 04 D0 0F 3F 09 F4 0A E0 08 95 10 E0 1E CF 40 2F 21 2F 02 30 88 F4 1D D3 0C D8 2F 3F 19 F4 AB 2A 
18:58:47 FD 00 00 10 28 36 46 77 03 80 40 07 83 12 81 01 81 01 2B E4 E0 93 C8 01 E0 10 E0 46 2F 20 C8 03 E0 0A D0 0F 3F 09 F4 08 E7 08 95 04 E0 04 D0 0F 3F 09 F4 0A E0 08 95 10 E0 1E CF 40 2F 21 2F 02 30 88 F4 1D D3 0C D8 2F 3F 19 F4 AB 2A 
18:58:47 FE 00 71 02 75 18 00 
18:58:47 FD 00 00 10 28 30 46 77 03 C0 40 18 B3 10 27 04 C0 22 23 21 F0 18 B3 10 2B 18 BB 08 95 00 95 18 B3 10 23 18 BB 08 95 56 D8 80 2F 41 2E A0 E8 B0 E0 90 E0 00 EE 60 2E 00 E0 70 2E D8 D0 08 17 19 F4 24 2D 39 2F 1C D0 16 96 93 95 F4 58 
18:58:48 FE 00 11 02 D9 D4 00 
18:58:48 FD 00 00 10 28 32 46 77 04 00 40 90 34 90 F3 38 2F 24 2D 30 6F 14 D0 F3 01 20 85 F1 D2 48 2F DF D7 02 23 59 F0 2F E0 28 23 32 2F 24 2D 30 6E 03 E1 60 0E 00 E0 70 1E 83 01 FA DE E8 E0 3B C8 83 01 0D 5E 1F 4F F4 CE 28 D8 26 97 A4 94 
18:58:48 FE 00 31 02 BD 90 00 
18:58:48 FD 00 00 10 28 34 46 77 04 40 40 00 91 9A 02 00 23 09 F0 68 C0 41 E0 9E 01 03 EF 10 E0 07 DF 00 23 09 F4 60 C0 88 81 09 81 10 E0 08 83 19 83 D6 D2 00 91 9A 02 E0 0F F1 1F 08 81 00 7F 10 91 9A 02 13 95 00 3D 28 F1 10 93 9A 02 66 32 
18:58:48 FE 00 51 02 11 5C 00 
18:58:48 FD 00 00 10 28 36 46 77 04 80 40 11 F4 13 E7 01 C0 1B E4 10 83 28 81 2F 70 40 91 9A 02 50 E0 FA 01 EA 54 FC 7D 4F 20 83 EA E9 F2 E0 10 81 13 95 10 83 00 3F 19 F4 06 ED 10 E0 02 C0 0B ED 10 E0 76 D6 00 E0 20 91 9A 02 30 E0 F9 01 27 68 
18:58:48 FE 00 71 02 75 18 00 
18:58:48 FD 00 00 10 28 30 46 77 04 C0 40 36 D0 2E D0 24 C0 0B E4 00 83 41 2E 01 2F FC 7D D3 48 81 59 81 06 E0 10 E0 75 D7 00 58 1F 4F 2C D0 55 24 24 D0 90 E0 26 D0 FC 7E 01 E9 0F F5 1D 02 83 8E 01 0E 5F 1F 4F 55 D6 93 95 94 30 A0 F3 40 90 A4 1C 
18:58:48 FE 00 11 02 D9 D4 00 
18:58:48 FD 00 00 10 28 32 46 77 05 9A 02 04 2D E2 D3 16 D0 11 D0 00 91 9A 02 10 E0 F8 01 EA 54 FC 7D 4F 80 83 03 D0 26 96 E6 E0 C7 C7 EA E9 F2 E0 00 81 03 95 00 83 08 95 F2 01 EA 54 FC 7D 4F FA CF 08 81 19 81 D8 01 11 96 A8 83 B9 83 43 94 
18:58:48 FD 00 00 10 28 32 46 77 05 00 40 9A 02 04 2D E2 D3 16 D0 11 D0 00 91 9A 02 10 E0 F8 01 EA 54 FC 7D 4F 80 83 03 D0 26 96 E6 E0 C7 C7 EA E9 F2 E0 00 81 03 95 00 83 08 95 F2 01 EA 54 FC 7D 4F FA CF 08 81 19 81 D8 01 11 96 A8 83 B9 83 43 94 
18:58:48 FE 00 31 02 BD 90 00 
18:58:48 FD 00 00 10 28 34 46 77 05 40 40 55 CE A3 D7 28 01 39 01 A0 E8 B0 E0 90 E4 29 D0 06 15 F1 F4 8D 01 0B 5F 1F 4F 48 DE 07 15 C1 F4 80 E0 1A D0 0F 5F 1F 4F 41 DE 30 E0 F2 01 E8 0F F3 1F 10 81 01 17 19 F4 83 95 84 30 90 F3 84 30 6F F0 
18:58:48 FE 00 51 02 11 5C 00 
18:58:48 FD 00 00 10 28 36 46 77 05 80 40 39 F4 80 E0 2F EF 08 D0 39 DE 83 95 86 30 D0 F3 16 96 9A 95 E1 F6 4C CF 08 2F 10 E0 0A 0F 1B 1F 08 95 8D 01 23 CE 72 D7 28 01 C9 01 A0 E8 B0 E0 C8 DF 66 24 F6 DF 0F 3F 81 F4 28 2F 14 D2 80 E0 15 68 
18:58:49 FE 00 71 02 75 18 00 
18:58:49 FD 00 00 10 28 30 46 77 05 C0 40 10 E0 F2 01 E8 0F F1 1F 20 81 0D D2 83 95 84 30 B8 F3 29 2F 8D 01 12 DE 05 C0 16 96 63 94 00 E4 60 16 40 F3 E7 E0 62 C7 00 91 EC 00 0A 95 39 F0 0A 95 49 F0 0A 95 A1 F0 0A 95 91 F0 08 C0 3F EF BF 32 
18:58:49 FE 00 11 02 D9 D4 00 
18:58:49 FD 00 00 10 28 32 46 77 06 00 40 25 E0 15 E0 07 C0 3F EF 2F E0 1F E0 03 C0 30 E0 20 E0 10 E0 E3 D1 30 E0 20 E0 10 E0 01 E0 4A DD 08 95 8A 93 E0 EE F0 E0 00 FB 3E F0 15 85 11 23 21 F0 16 87 15 E0 10 93 C0 00 10 91 C0 00 11 23 19 8C 
18:58:49 FE 00 31 02 BD 90 00 
18:58:49 FD 00 00 10 28 34 46 06 40 40 81 F0 46 85 10 2F 11 0F 11 0B 24 2F 34 2F 33 0F 33 0B 31 95 21 95 30 40 02 17 13 07 11 F4 04 2F 03 95 05 87 85 85 81 30 11 F4 11 E0 01 C0 10 E0 00 E0 9E DE 8F 3F 11 F4 11 E0 01 C0 10 E0 01 E0 AE 7C 
18:58:49 FD 00 00 10 28 34 46 77 06 40 40 81 F0 46 85 10 2F 11 0F 11 0B 24 2F 34 2F 33 0F 33 0B 31 95 21 95 30 40 02 17 13 07 11 F4 04 2F 03 95 05 87 85 85 81 30 11 F4 11 E0 01 C0 10 E0 00 E0 9E DE 8F 3F 11 F4 11 E0 01 C0 10 E0 01 E0 AE 7C 
18:58:49 FE 00 51 02 11 5C 00 
18:58:49 FD 00 00 10 28 36 46 77 06 80 40 97 DE 89 91 08 95 01 D7 71 2E A0 EE B0 E0 1A D3 80 2F 90 2F 61 2E 0C E0 60 22 65 94 65 94 03 EF 70 22 00 E2 70 16 41 F4 E0 EC F0 E0 02 81 00 23 19 F0 8F 3F 09 F4 54 C0 6D DE FC 7D 01 02 87 00 E0 10 8A 
18:58:49 FE 00 71 02 75 18 00 
18:58:49 FD 00 00 10 28 30 46 77 06 C0 40 03 87 07 2D 0E 5F 09 F4 46 C0 0A 95 09 F4 48 C0 0A 95 89 F0 0A 95 01 F1 0A 95 E9 F1 0E 50 69 F1 0A 95 A9 F1 0A 95 B9 F1 0E 50 D9 F0 0A 95 49 F1 0A 95 89 F1 39 C0 01 85 00 23 29 F4 83 95 83 30 FB 80 
18:58:49 FE 00 11 02 D9 D4 00 
18:58:49 FD 00 00 10 28 32 46 77 07 00 40 3C F0 8F EF 05 C0 86 2D 83 95 83 30 0C F0 84 50 00 E0 FC 7D 01 07 87 28 C0 01 85 00 23 C9 F7 01 E0 F9 CF 88 23 11 F0 80 E0 F3 CF 8F EF F8 94 0A E0 E0 EC F0 E0 02 83 78 94 EB CF 88 23 A1 F7 81 E0 43 D6 
18:58:49 FE 00 31 02 BD 90 00 
18:58:50 FD 00 00 10 28 34 46 77 07 40 40 E7 CF 81 30 11 F4 80 E0 EA CF 8F EF E8 CF 8F 3F D1 F3 81 E0 E4 CF 07 85 00 23 31 F0 80 E0 04 C0 1F DE FC 7D 01 03 87 8F EF 08 2F 5B DF AB D2 90 17 19 F4 03 85 00 23 11 F0 03 E0 06 83 59 CE 89 D6 0F C6 
18:58:50 FE 00 51 02 11 5C 00 
18:58:50 FD 00 00 10 28 36 46 77 07 80 40 81 2F A0 EE B0 E0 1D 96 9C 91 13 97 03 DE 0D 93 00 E0 0C 93 1B 97 8E 5F 41 F0 8A 95 71 F0 81 51 41 F0 80 51 19 F4 91 30 59 F4 90 E0 09 2F 39 DF 5C C1 9F 3F D1 F3 91 E0 F9 CF F2 DD 1B 96 0C 93 B5 2E 
18:58:50 FE 00 71 02 75 18 00 
18:58:50 FD 00 00 10 28 30 46 77 07 C0 40 9F EF F4 CF 8A 93 80 2F E0 2F F0 E0 70 96 8F 01 0D DD 0F 3F 09 F4 08 2F 54 CF 5D D6 90 2F 81 2F 00 91 E7 00 00 23 49 F4 09 2F F8 DD 09 2F EA DF 10 2F 10 7F 91 F4 18 2F 0F C0 01 30 71 F4 93 95 26 38 
18:58:50 FE 00 11 02 D9 D4 00 
18:58:50 FD 00 00 10 28 32 46 77 08 00 40 92 95 90 7F 91 2B 19 2F 00 E0 E8 DD 00 E0 DA DF 10 2F 10 7F 11 F4 19 2F 36 DF E2 E0 4C C6 2E D6 00 91 00 01 00 95 C0 90 01 01 C0 22 00 91 00 01 D0 90 01 01 D0 22 80 EE 90 E0 FC 7C 01 14 85 E1 2E 21 0A 
18:58:50 FE 00 31 02 BD 90 00 
18:58:50 FD 00 00 10 28 34 46 77 08 40 40 03 E0 40 2E 01 E0 50 2E 11 23 69 F0 1A 95 09 F4 64 C0 1A 95 09 F4 7C C0 12 50 09 F4 86 C0 12 50 09 F4 98 C0 AA C0 88 24 BB 24 DC 01 A8 0D BB 1D 3C 01 68 0C 7B 1C BB D0 90 2E 0D 21 49 F0 FC 7D 01 C4 76 
18:58:50 FE 00 51 02 11 5C 00 
18:58:50 FD 00 00 10 28 36 46 77 08 80 40 11 89 00 81 01 FF 1B C0 13 7F 1C 5F 11 8B 13 C0 09 2D 0C 21 A9 F0 A4 D0 01 FC 7D 09 C0 11 89 12 60 93 D0 FC 7D 01 01 89 0C 5F 0C 70 01 8B 09 C0 01 89 03 7F 01 8B 10 2F 88 D0 FC 7D 01 11 89 12 60 84 D0 4D 4C 
18:58:50 FE 00 71 02 75 18 00 
18:58:50 FD 00 00 10 28 30 46 77 08 C0 40 00 91 02 01 09 21 89 F0 8B D0 01 FC 7D 0E C0 32 01 68 0C 7B 1C 85 D0 07 30 09 F4 7C D0 81 D0 0A 30 21 F4 78 D0 07 E0 F3 01 00 83 83 94 02 E0 80 16 08 F4 BA CF 80 2E 20 91 02 01 79 D0 02 23 49 F0 C3 30 
18:58:50 FE 00 11 02 D9 D4 00 
18:58:50 FD 00 00 10 28 32 46 77 09 00 40 F2 01 E8 0D FB 1D 00 81 0E 31 19 F4 01 E0 FC 7C 01 04 87 5C D0 08 F0 51 C0 EE CF 02 E0 80 2E 03 C0 55 D0 08 F0 4A C0 63 D0 10 2F 1D 21 21 F0 00 E0 FC 7C 01 04 87 42 C0 10 91 02 01 10 23 89 F3 99 24 B0 D6 
18:58:50 FE 00 31 02 BD 90 00 
18:58:51 FD 00 00 10 28 34 46 77 40 40 F2 01 E8 0D F9 1D 00 81 0C 33 51 F7 02 E0 F0 CF 02 E0 80 2E 02 C0 3A D0 80 F5 49 D0 0D 21 D9 F3 04 E0 04 87 06 E0 00 8B 28 C0 C2 FA 16 F4 00 E0 04 87 00 91 02 01 02 FF 20 C0 E3 E0 F1 E0 02 81 D5 EC 
18:58:51 FD 00 00 10 28 34 46 77 09 40 40 F2 01 E8 0D F9 1D 00 81 0C 33 51 F7 02 E0 F0 CF 02 E0 80 2E 02 C0 3A D0 80 F5 49 D0 0D 21 D9 F3 04 E0 04 87 06 E0 00 8B 28 C0 C2 FA 16 F4 00 E0 04 87 00 91 02 01 02 FF 20 C0 E3 E0 F1 E0 02 81 D5 EC 
18:58:51 FE 00 51 02 11 5C 00 
18:58:51 FD 00 00 10 28 36 46 77 09 80 40 0E 31 D9 F4 FC 7C 01 00 89 04 87 00 E0 E3 E0 F1 E0 02 83 13 C0 00 91 00 01 02 FF C9 CF 3F EF 20 E0 1E EF 1C D0 A0 E0 B0 E0 2F EF 1D D0 B2 30 E0 F3 FC 7C 01 04 81 15 81 F8 01 09 95 FC 7C 01 04 85 0E 15 41 D0 
18:58:51 FE 00 71 02 75 18 00 
18:58:51 FD 00 00 10 28 30 46 77 09 C0 12 DE EF E0 6A C5 08 2D 07 CF 83 94 04 E0 80 16 08 95 FC 7D 01 11 89 11 60 F6 CF 00 E0 6A CB F3 01 00 81 08 95 8D 01 09 DC 11 96 08 95 02 D0 48 2D F0 C4 01 E0 10 E0 08 95 0B D0 44 23 11 F0 79 7E 
18:58:51 FD 00 00 10 28 30 46 77 09 C0 40 09 F0 12 DE EF E0 6A C5 08 2D 07 CF 83 94 04 E0 80 16 08 95 FC 7D 01 11 89 11 60 F6 CF 00 E0 6A CB F3 01 00 81 08 95 8D 01 09 DC 11 96 08 95 02 D0 48 2D F0 C4 01 E0 10 E0 08 95 0B D0 44 23 11 F0 79 7E 
18:58:51 FE 00 11 02 D9 D4 00 
18:58:51 FD 00 00 10 28 32 46 77 0A 00 40 41 E7 01 C0 43 E6 40 83 21 83 32 83 CA D3 03 E0 5D C1 E6 EB F2 E0 08 95 3C D5 A0 EE B0 E0 00 E0 C5 DC 17 96 0C 93 17 97 02 30 20 F0 01 E0 17 96 0C 93 17 97 09 E0 BA DC 00 95 18 96 0D 93 0A E0 E4 38 
18:58:51 FE 00 31 02 BD 90 00 
18:58:51 FD 00 00 10 28 34 46 77 0A 40 40 B5 DC 0C 93 19 97 02 E1 B1 DC 0C 93 04 30 10 F0 00 E0 0C 93 03 E1 AA DC 11 96 0C 93 11 97 04 30 18 F0 00 E0 11 96 0C 93 1F DC E4 E0 22 C5 08 D5 CC 24 D2 DF A0 EE B0 E0 FC 7D 01 C4 86 07 B3 03 60 25 60 
18:58:51 FE 00 51 02 11 5C 00 
18:58:51 FD 00 00 10 28 36 46 77 0A 80 40 07 BB 08 B3 0C 7F 08 BB 3F DB 23 D1 40 E4 2A E0 31 E0 8D 01 0D 5E 1F 4F BC DB 78 94 FC 7D 01 37 81 33 95 2F E0 1F E0 9A DF 08 C0 0A 95 02 87 29 F4 00 E0 B7 DD 05 E0 FC 7C 01 00 83 03 DC 00 23 09 F0 38 FC 7C 
18:58:51 FE 00 71 02 75 18 00 
18:58:52 FD 00 00 10 28 30 46 77 0A AE DE BC DC A1 D3 00 91 94 02 00 23 09 F4 B2 C0 8A E8 91 E0 FC 7C 01 62 80 71 80 B3 80 06 EB 40 2E 02 E0 50 2E 00 81 E6 E2 F0 E0 83 C4 F8 94 FC 7D 01 02 81 13 81 F8 01 09 95 9A C0 CC 24 C3 94 F8 94 F6 60 
18:58:52 FD 00 00 10 28 30 46 77 0A C0 40 AE DE BC DC A1 D3 00 91 94 02 00 23 09 F4 B2 C0 8A E8 91 E0 FC 7C 01 62 80 71 80 B3 80 06 EB 40 2E 02 E0 50 2E 00 81 E6 E2 F0 E0 83 C4 F8 94 FC 7D 01 02 81 13 81 F8 01 09 95 9A C0 CC 24 C3 94 F8 94 F6 60 
18:58:52 FE 00 11 02 D9 D4 00 
18:58:52 FD 00 00 10 28 32 46 77 0B 00 40 96 C0 CC 24 78 94 93 C0 00 91 94 02 02 30 08 F4 8E C0 FC 7C 01 00 81 70 16 09 F0 89 C0 FC 7D 01 04 81 15 81 E8 CF 79 DF 83 C0 AA 24 0B C0 83 01 5E DB 11 E0 61 0E 10 E0 71 1E F2 01 EA 0D F1 1F 00 83 93 5C 
18:58:52 FE 00 31 02 BD 90 00 
18:58:53 FD 00 00 10 28 34 46 77 40 40 A3 94 FC 7C 01 03 81 A0 16 88 F3 C0 D0 0E EA 12 E0 28 D3 6D C0 AA 24 FC 7C 01 03 81 A0 16 08 F0 67 C0 BB 24 EA 0D FB 1D 24 81 83 01 48 DB 01 E0 60 0E 7B 1C A3 94 F0 CF 02 E0 4C DF 00 83 00 E0 01 83 D7 F6 
18:58:53 FD 00 00 10 28 34 46 77 0B 40 40 A3 94 FC 7C 01 03 81 A0 16 88 F3 C0 D0 0E EA 12 E0 28 D3 6D C0 AA 24 FC 7C 01 03 81 A0 16 08 F0 67 C0 BB 24 EA 0D FB 1D 24 81 83 01 48 DB 01 E0 60 0E 7B 1C A3 94 F0 CF 02 E0 4C DF 00 83 00 E0 01 83 D7 F6 
18:58:53 FE 00 51 02 11 5C 00 
18:58:53 FD 00 00 10 28 36 46 77 0B 80 40 02 E0 E3 CF 1B 2D 00 E0 FA DD 51 C0 42 DF 70 82 02 E0 70 16 20 F4 96 D0 3C DF 01 83 13 C0 04 E0 70 16 80 F4 20 91 00 01 25 DF BB 24 8A 0D 91 1F FC 7C 01 40 81 42 50 0E D4 02 23 11 F0 01 E0 EC CF 07 3A 
18:58:53 FE 00 71 02 75 18 00 
18:58:53 FD 00 00 10 28 30 46 77 0B C0 40 28 DF B1 82 01 E0 C1 CF 79 D0 89 F5 72 D0 EB DC 2E C0 74 D0 61 F5 6D D0 B4 DC 29 C0 FC 7C 01 00 81 0B 36 21 F4 17 2D 26 2D 3B 2D 03 C0 1B 2D 27 2D 36 2D FC 7D 01 04 85 00 23 29 F4 60 D0 C1 F4 03 2F EF 48 
18:58:53 FE 00 11 02 D9 D4 00 
18:58:53 FD 00 00 10 28 32 46 77 00 40 42 DD 15 C0 01 30 21 F4 59 D0 89 F0 41 E0 07 C0 02 30 69 F4 53 D0 59 F4 33 23 49 F4 40 E0 30 E0 0A E8 12 E0 EA DE 00 E0 FC 7D 01 04 87 DD DC 00 E0 00 93 94 02 CC 20 09 F0 40 CF 80 EC 90 E0 FC 7C 01 9C A8 
18:58:54 FD 00 00 10 28 32 46 77 0C 00 40 42 DD 15 C0 01 30 21 F4 59 D0 89 F0 41 E0 07 C0 02 30 69 F4 53 D0 59 F4 33 23 49 F4 40 E0 30 E0 0A E8 12 E0 EA DE 00 E0 FC 7D 01 04 87 DD DC 00 E0 00 93 94 02 CC 20 09 F0 40 CF 80 EC 90 E0 FC 7C 01 9C A8 
18:58:54 FE 00 31 02 BD 90 00 
18:58:54 FD 00 00 10 28 34 46 77 0C 40 40 01 81 00 23 09 F0 39 CF F8 94 0A E0 01 83 78 94 FC 7D 01 06 81 00 23 91 F0 0A 95 06 83 79 F4 00 85 04 FF 0C C0 03 85 00 23 11 F0 00 E4 01 C0 00 E0 25 85 2F 70 20 2B 30 ED 8D 01 DD DB FC 7D 01 02 85 F3 3E 
18:58:54 FE 00 51 02 11 5C 00 
18:58:54 FD 00 00 10 28 36 46 77 0C 80 40 00 23 09 F0 12 CF 03 85 00 23 09 F4 16 CF FC 7C 01 00 81 00 23 29 F4 16 D0 00 23 11 F4 01 E0 C1 DC FC 7D 01 03 85 0A 95 03 87 09 F0 07 CF 00 E0 B9 DC 04 CF 36 2D 27 2D 0A E8 12 E0 08 95 00 91 99 02 99 DE 
18:58:54 FE 00 71 02 75 18 00 
18:58:54 FD 00 00 10 28 30 46 77 0C C0 40 00 23 08 95 FC 7D 01 05 85 08 95 03 95 00 93 9A 02 08 95 00 E0 00 BD 0C E0 09 B9 00 E1 0A B9 06 EA 00 BD EA E8 F2 E0 00 E0 02 8F 00 8B 02 87 02 8B 0F EF 03 8B 00 91 F9 00 07 83 06 83 05 83 04 83 6A FA 
18:58:54 FE 00 11 02 D9 D4 00 
18:58:54 FD 00 00 10 28 32 46 77 0D 00 40 01 B3 06 60 01 BB 92 98 05 B7 03 7F 04 60 05 BF 0B B7 00 68 0B BF 01 E0 07 8B 02 E0 03 BF 09 B7 01 60 09 BF 08 95 B5 D3 AA E8 B2 E0 53 D1 5F 99 02 C0 00 E0 5C C2 1B B1 0C B1 14 71 D1 F7 17 8D 8D 32 
18:58:54 FE 00 31 02 BD 90 00 
18:58:54 FD 00 00 10 28 34 46 77 0D 40 40 0C 3F 29 F4 11 23 19 F4 01 E0 07 8F F2 CF 21 A1 23 95 21 A3 0D 3F 89 F4 00 E0 01 A3 03 8F 04 8F 03 E0 05 8F 01 E0 00 A3 00 E0 03 83 02 83 01 83 0C 93 9A D9 0D EF 76 D9 DC CF 0E 3F 19 F4 00 E0 19 DA 
18:58:54 FE 00 51 02 11 5C 00 
18:58:54 FD 00 00 10 28 36 46 77 0D 80 40 00 A3 D7 CF 11 23 19 F0 00 68 10 E0 17 8F 10 A1 11 23 79 F2 24 8D 50 E0 24 30 D8 F4 10 91 F9 00 01 17 19 F0 15 8D 1D 7F 15 8F EC EF FF E1 E2 0F F5 1F 14 91 01 17 21 F0 FC 7D 01 15 8D 1E 7F 15 8F 71 2C 
18:58:54 FE 00 71 02 75 18 00 
18:58:54 FD 00 00 10 28 30 46 77 C0 40 FC 7D 01 E2 0F F5 1F 03 87 FC 7D 01 14 8D 13 95 14 8F D2 CF C9 F4 15 8D 11 FF 02 C0 11 E0 01 C0 10 E0 17 87 01 8B 15 8D 11 23 11 F0 21 E0 01 C0 20 E0 11 89 17 70 13 30 11 F4 11 E0 01 C0 10 E0 12 2B 92 14 
18:58:55 FD 00 00 10 28 30 46 77 0D C0 40 FC 7D 01 E2 0F F5 1F 03 87 FC 7D 01 14 8D 13 95 14 8F D2 CF C9 F4 15 8D 11 FF 02 C0 11 E0 01 C0 10 E0 17 87 01 8B 15 8D 11 23 11 F0 21 E0 01 C0 20 E0 11 89 17 70 13 30 11 F4 11 E0 01 C0 10 E0 12 2B 92 14 
18:58:55 FE 00 11 02 D9 D4 00 
18:58:55 FD 00 00 10 28 32 46 77 0E 00 40 10 A3 15 E0 E4 CF 11 89 13 FF 0A C0 17 70 13 30 39 F0 29 30 28 F4 E2 0F F5 1F 35 97 00 83 D4 CF 2F 3F 21 F0 1F EF 14 8F 06 8F A5 CF 23 8D 30 E0 F9 01 E6 57 FC 7E 4F 00 83 15 D9 FC 7D 01 03 8D 10 E0 FC 7E 36 
18:58:55 FE 00 31 02 BD 90 00 
18:58:55 FD 00 00 10 28 34 46 77 0E 86 8D 90 E0 01 97 08 17 19 07 89 F4 00 E0 05 8F 09 D9 A5 D1 EE EF F0 E0 00 81 11 81 01 2B 11 F0 B9 D0 67 CF FC 7D 01 06 8D 02 87 01 E0 63 CF 03 95 03 8F 5F CF 08 E0 0A B9 92 9A 5E 9A 08 EF 0C B9 FA CC 
18:58:55 FD 00 00 10 28 34 46 77 0E 40 40 86 8D 90 E0 01 97 08 17 19 07 89 F4 00 E0 05 8F 09 D9 A5 D1 EE EF F0 E0 00 81 11 81 01 2B 11 F0 B9 D0 67 CF FC 7D 01 06 8D 02 87 01 E0 63 CF 03 95 03 8F 5F CF 08 E0 0A B9 92 9A 5E 9A 08 EF 0C B9 FA CC 
18:58:55 FE 00 51 02 11 5C 00 
18:58:55 FD 00 00 10 28 36 46 77 0E 80 40 5E 9B FC 7E CF 00 E1 0A B9 92 98 08 95 54 2F 4A 95 55 23 81 F0 F8 01 50 81 F9 01 60 81 56 17 10 F4 0F EF 08 95 51 91 9F 01 F8 01 61 91 8F 01 56 17 68 F7 97 C0 00 E0 08 95 06 C0 F9 01 51 91 9F 01 88 40 
18:58:55 FE 00 71 02 75 18 00 
18:58:55 FD 00 00 10 28 30 46 77 0E C0 40 F8 01 51 93 8F 01 54 2F 4A 95 55 23 B1 F7 08 95 E0 D2 AA E8 B2 E0 FC 7D 01 02 85 00 23 11 F0 00 E0 78 C0 21 DF 00 23 D9 F3 FC 7D 01 21 89 02 2F 07 70 03 30 29 F5 00 E0 02 87 26 95 26 95 26 95 23 95 17 EC 
18:58:55 FE 00 11 02 D9 D4 00 
18:58:56 FD 00 00 10 28 32 46 77 00 40 05 C0 14 91 13 17 59 F7 28 50 03 95 22 23 A9 F0 50 E0 FC 7D 01 E0 0F F5 1F 33 85 EC EF FF E1 E0 0F F5 1F 28 30 70 F7 0F EF 10 E0 48 E0 42 1B 52 D2 14 91 10 23 03 23 10 17 91 F6 03 E0 4A C0 02 2F 09 A4 
18:58:56 FD 00 00 10 28 32 46 77 0F 00 40 05 C0 14 91 13 17 59 F7 28 50 03 95 22 23 A9 F0 50 E0 FC 7D 01 E0 0F F5 1F 33 85 EC EF FF E1 E0 0F F5 1F 28 30 70 F7 0F EF 10 E0 48 E0 42 1B 52 D2 14 91 10 23 03 23 10 17 91 F6 03 E0 4A C0 02 2F 09 A4 
18:58:56 FE 00 31 02 BD 90 00 
18:58:56 FD 00 00 10 28 34 46 77 0F 40 40 01 71 17 85 11 23 21 F0 00 31 49 F2 43 D0 C7 CF 00 31 69 F5 26 95 23 70 82 2F 01 89 07 FF 02 C0 0F EF 03 8B 03 89 02 17 D1 F4 DD D1 8D 01 8E DF 00 23 A9 F4 2F D0 FC 7D 01 02 8D 06 30 31 F5 81 89 B1 AE 
18:58:56 FE 00 51 02 11 5C 00 
18:58:57 FD 00 00 10 28 36 46 77 40 82 95 8F 70 86 95 83 70 34 D1 39 D1 F9 F6 FC 7D 01 02 89 80 17 D9 F6 03 30 70 F0 00 E0 0D C0 FC 7D 01 83 8B 27 D1 8D 01 0C 5D 1F 4F 86 DF E4 CF 27 79 21 31 61 F6 DF CF 03 95 02 8B 01 89 07 79 01 31 A0 2C 
18:58:57 FD 00 00 10 28 36 46 77 0F 80 40 82 95 8F 70 86 95 83 70 34 D1 39 D1 F9 F6 FC 7D 01 02 89 80 17 D9 F6 03 30 70 F0 00 E0 0D C0 FC 7D 01 83 8B 27 D1 8D 01 0C 5D 1F 4F 86 DF E4 CF 27 79 21 31 61 F6 DF CF 03 95 02 8B 01 89 07 79 01 31 A0 2C 
18:58:57 FE 00 71 02 75 18 00 
18:58:57 FD 00 00 10 28 30 46 77 0F C0 40 11 F4 02 E0 06 C0 01 E0 04 C0 11 89 11 70 01 E0 01 27 0D C1 00 E0 FC 7D 01 02 87 08 95 5D 9B 6A CF 0C B9 01 E0 08 95 8A 93 80 2F 0D 3F 21 F0 0E 3F 11 F0 0C 3F 71 F4 00 91 B6 03 00 23 49 F4 0C EF FA 7A 
18:58:57 FE 00 11 02 D9 D4 00 
18:58:57 FD 00 00 10 28 32 46 77 10 00 40 ED DF 00 23 11 F4 00 E0 0D C0 01 E0 00 93 B6 03 8F 77 08 2F E3 DF 00 23 B1 F3 5E 9A 00 E0 00 93 B6 03 01 E0 89 91 08 95 34 D2 AA E8 B2 E0 A4 D0 00 23 91 F4 08 E0 0A B9 92 9A 36 D8 A0 D0 00 E0 F8 D0 
18:58:57 FE 00 31 02 BD 90 00 
18:58:57 FD 00 00 10 28 34 46 77 10 40 40 02 A3 06 89 07 79 01 31 8D 01 11 F4 0C 5D 01 C0 08 5D 1F 4F 00 87 11 87 05 89 01 30 51 F4 0D EF BD DF 00 23 11 F4 00 E0 79 C0 02 E0 96 D0 0D EF F9 D7 82 D0 02 30 71 F4 09 C0 80 85 91 85 77 D0 3F 46 
18:58:57 FE 00 51 02 11 5C 00 
18:58:57 FD 00 00 10 28 36 46 77 10 80 40 00 81 73 D0 81 F3 FC 7C 01 00 81 7E D0 02 A1 04 30 A0 F3 76 D0 05 89 03 30 29 F4 86 89 65 D0 19 F3 04 E0 78 D0 69 D0 04 30 99 F4 06 89 03 FC 7D 0C C0 05 E0 05 8B 10 C0 88 EF 9F E1 59 D0 04 91 55 D0 CF D0 
18:58:57 FE 00 71 02 75 18 00 
18:58:57 FD 00 00 10 28 30 46 77 C0 40 91 F2 FC 7C 01 04 91 60 D0 02 A1 08 30 A0 F3 58 D0 05 89 05 30 41 F4 43 D0 09 F4 80 E0 8E 5F 44 D0 11 F2 06 E0 57 D0 48 D0 06 30 C9 F4 38 D0 89 F4 80 E0 0F C0 10 E0 F8 01 EA 54 FC 7D 4F 90 81 09 2F 10 2A 
18:58:58 FD 00 00 10 28 30 46 77 10 C0 40 91 F2 FC 7C 01 04 91 60 D0 02 A1 08 30 A0 F3 58 D0 05 89 05 30 41 F4 43 D0 09 F4 80 E0 8E 5F 44 D0 11 F2 06 E0 57 D0 48 D0 06 30 C9 F4 38 D0 89 F4 80 E0 0F C0 10 E0 F8 01 EA 54 FC 7D 4F 90 81 09 2F 10 2A 
18:58:58 FE 00 11 02 D9 D4 00 
18:58:58 FD 00 00 10 28 32 46 77 11 00 40 34 D0 09 F4 B0 CF 09 2F AD D7 FC 7D 01 04 89 03 95 04 8B 04 89 08 17 70 F3 42 D0 41 D0 30 D0 05 89 07 30 41 F4 00 91 FF 00 20 D0 09 F4 9C CF 08 E0 34 D0 02 C0 08 30 41 F4 00 91 FC 7E 00 16 D0 09 F4 06 B6 
18:58:58 FE 00 31 02 BD 90 00 
18:58:58 FD 00 00 10 28 34 46 77 40 40 92 CF 09 E0 2A D0 02 C0 09 30 39 F4 5E 9B 8B CF 00 E1 0A B9 92 98 0A E0 05 8B 01 E0 48 C0 80 89 06 89 01 71 01 31 08 95 08 2F 3D DF D3 C0 10 E0 80 0F 91 1F FC 7C 01 08 95 FC 7D 01 05 89 08 95 FC 7D 01 86 80 
18:58:58 FD 00 00 10 28 34 46 77 11 40 40 92 CF 09 E0 2A D0 02 C0 09 30 39 F4 5E 9B 8B CF 00 E1 0A B9 92 98 0A E0 05 8B 01 E0 48 C0 80 89 06 89 01 71 01 31 08 95 08 2F 3D DF D3 C0 10 E0 80 0F 91 1F FC 7C 01 08 95 FC 7D 01 05 89 08 95 FC 7D 01 86 80 
18:58:58 FE 00 51 02 11 5C 00 
18:58:58 FD 00 00 10 28 36 46 77 11 80 40 05 89 03 95 05 8B 08 95 6D D7 FC 7D 01 02 A1 03 95 02 A3 08 95 02 D0 08 2F 65 C7 FC 7D 01 F3 CF 00 E0 61 C7 44 E0 98 01 02 EB 12 E0 86 CE 72 D1 AA E8 B2 E0 C3 D0 1C 91 12 95 10 7F 11 0F 0E 91 14 96 52 BC 
18:58:58 FE 00 71 02 75 18 00 
18:58:59 FD 00 00 10 28 30 46 77 C0 40 00 0F 01 2B 08 61 0C 93 56 97 13 D0 2C 5F 3F 4F 16 D0 29 F0 56 96 0C 91 00 68 0C 93 56 97 0C D0 31 F0 07 D0 28 5D 3F 4F 14 96 8D 01 65 DE E4 E0 60 C1 44 E0 9D 01 08 95 44 E0 29 EF 30 E0 8D 01 31 10 
18:58:59 FD 00 00 10 28 30 46 77 11 C0 40 00 0F 01 2B 08 61 0C 93 56 97 13 D0 2C 5F 3F 4F 16 D0 29 F0 56 96 0C 91 00 68 0C 93 56 97 0C D0 31 F0 07 D0 28 5D 3F 4F 14 96 8D 01 65 DE E4 E0 60 C1 44 E0 9D 01 08 95 44 E0 29 EF 30 E0 8D 01 31 10 
18:58:59 FE 00 11 02 D9 D4 00 
18:58:59 FD 00 00 10 28 32 46 77 12 00 40 08 5D 1F 4F 43 DE 86 C0 44 D1 62 DE 03 30 11 F4 31 DE 7E C0 AA E8 B2 E0 50 96 1C 91 1A 96 2C 91 5A 97 22 23 81 F0 2A 95 D1 F0 2A 95 F1 F1 2A 95 09 F4 48 C0 2A 95 09 F4 4E C0 2A 95 99 F1 2A 95 56 46 
18:58:59 FE 00 31 02 BD 90 00 
18:58:59 FD 00 00 10 28 34 46 77 12 40 40 09 F4 4F C0 65 C0 01 30 11 F4 01 E0 5F C0 11 23 09 F4 5E C0 02 E0 64 D0 03 E0 0E 93 59 C0 5C D0 09 F0 56 C0 11 23 71 F0 5E D0 C9 DF 59 F4 03 E0 59 96 0C 93 9B DF 02 B7 0F 70 0C 59 0E 93 12 96 11 5E 
18:58:59 FE 00 51 02 11 5C 00 
18:58:59 FD 00 00 10 28 36 46 77 12 80 40 03 E0 0A C0 5A D0 0C 91 13 96 02 95 00 7F 00 0F 09 61 0C 93 14 96 05 E0 0C 93 5A 97 3A D0 C1 F1 00 E0 34 C0 36 D0 E1 F7 33 C0 01 30 71 F2 34 D0 79 F5 7C DF A1 DF 11 F4 04 E0 01 C0 03 E0 30 D0 60 04 
18:58:59 FE 00 71 02 75 18 00 
18:58:59 FD 00 00 10 28 30 46 77 12 C0 40 B3 DE 26 C0 26 D0 21 F1 06 E0 2A D0 12 97 02 B7 0F 70 0C 59 1C C0 1D D0 D9 F0 00 E0 21 D0 1A 97 16 C0 02 30 11 F4 24 D0 DB CF 01 30 11 F4 20 D0 AC CF 58 96 0C 91 58 97 00 23 51 F4 59 96 0C 91 F5 0A 
18:58:59 FE 00 11 02 D9 D4 00 
18:59:00 FD 00 00 10 28 32 46 13 00 40 0A 95 0C 93 59 97 00 23 71 F3 02 E0 5A 96 0C 93 6E CF 8A DE 00 23 08 95 57 96 0C 91 57 97 FA CF 5A 96 0C 93 08 95 44 E0 9D 01 2C 5D 3F 4F 08 95 00 E0 50 96 0C 93 50 97 08 95 00 E0 54 96 0D 93 2C 8C 
18:59:00 FD 00 00 10 28 32 46 77 13 00 40 0A 95 0C 93 59 97 00 23 71 F3 02 E0 5A 96 0C 93 6E CF 8A DE 00 23 08 95 57 96 0C 91 57 97 FA CF 5A 96 0C 93 08 95 44 E0 9D 01 2C 5D 3F 4F 08 95 00 E0 50 96 0C 93 50 97 08 95 00 E0 54 96 0D 93 2C 8C 
18:59:00 FE 00 31 02 BD 90 00 
18:59:00 FD 00 00 10 28 34 46 77 13 40 40 0C 93 12 97 08 95 28 D0 0A B7 00 68 0A BF EA E8 F2 E0 01 E0 07 8B 02 B7 07 70 06 5F 03 A3 00 E0 02 BF 08 B7 01 60 08 BF 11 D0 18 95 15 D0 EA E8 F2 E0 03 A1 0A 95 03 A3 11 F4 00 E0 07 8B 00 8D 2E 3C 
18:59:00 FE 00 51 02 11 5C 00 
18:59:00 FD 00 00 10 28 36 46 77 13 80 40 00 23 19 F0 00 8D 0A 95 00 8F EE CF 1F BF 09 91 19 91 E9 91 F9 91 08 95 FA 93 EA 93 1A 93 0A 93 1F B7 08 95 00 00 88 95 FC 7E CF 0F EB 0D BF 00 E0 0E BF C0 EA D0 E0 88 D0 00 23 09 F0 95 D0 57 DB B8 DA 
18:59:00 FE 00 71 02 75 18 00 
18:59:00 FD 00 00 10 28 30 46 77 13 C0 40 F1 DF F0 CF 14 9F 10 2D 05 9F 10 0D 04 9F 00 2D 11 0D 08 95 4A 95 1A F0 00 0F 11 1F FB CF 08 95 75 91 65 91 55 91 45 91 15 90 11 FA 25 90 35 90 08 95 F9 DF 04 1B 10 E0 03 C0 F4 DF 04 1B 15 0B B8 44 
18:59:00 FE 00 11 02 D9 D4 00 
18:59:00 FD 00 00 10 28 32 46 77 14 00 40 20 E0 30 E0 05 C0 EC DF 04 1B 15 0B 26 0B 37 0B B8 F0 10 FC 7C 17 C0 45 91 05 90 E0 0F F1 1F 04 17 10 05 40 E0 24 07 34 07 58 F4 36 F4 04 91 00 24 F1 01 E0 1B F0 09 09 94 E0 0F F1 1F 25 90 35 90 78 50 
18:59:00 FE 00 31 02 BD 90 00 
18:59:00 FD 00 00 10 28 34 46 77 14 40 40 F1 01 09 94 11 F4 D6 F7 F1 CF 31 96 0E F0 31 96 50 E0 60 E0 70 E0 45 91 4B 3F 48 F0 89 F3 4F 3F 29 F0 4E 3F 11 F0 75 91 65 91 55 91 45 91 04 1B 15 0B 26 0B 37 0B 39 F3 18 F3 E7 CF EA 92 DA 92 89 4E 
18:59:00 FE 00 51 02 11 5C 00 
18:59:00 FD 00 00 10 28 36 46 77 14 80 40 CA 92 BA 92 AA 92 9A 92 8A 92 7A 92 6A 92 5A 92 4A 92 BA 93 AA 93 9A 93 8A 93 08 95 EE 84 DD 84 CC 84 BB 84 AA 84 99 84 88 84 7F 80 6E 80 5D 80 4C 80 BB 81 AA 81 99 81 88 81 F0 E0 0F B6 F8 94 D6 0E 
18:59:00 FE 00 71 02 75 18 00 
18:59:00 FD 00 00 10 28 30 46 77 14 C0 40 CE 0F DF 1F 0F BE 08 95 01 E0 08 95 20 E0 06 D0 E9 F7 08 95 25 91 02 D0 E9 F7 08 95 2D 93 01 50 10 40 20 2F 21 2B 08 95 88 E5 90 E0 FC 7C 01 05 91 14 91 FC 7C 01 32 96 A5 91 B4 91 FC 7C 01 34 96 25 91 7E 50 
18:59:00 FE 00 11 02 D9 D4 00 
18:59:01 FD 00 00 10 28 32 46 77 15 34 91 42 2F 43 2B 19 F0 F9 01 E4 DF 01 C0 DE DF 06 96 10 E0 84 36 91 07 48 F3 08 95 00 00 00 00 00 00 00 00 00 00 00 00 00 00 00 00 00 00 00 FF 01 02 FF FF FF FF 00 00 00 00 01 00 00 00 00 0C EA 2E 
18:59:01 FD 00 00 10 28 32 46 77 15 00 40 34 91 42 2F 43 2B 19 F0 F9 01 E4 DF 01 C0 DE DF 06 96 10 E0 84 36 91 07 48 F3 08 95 00 00 00 00 00 00 00 00 00 00 00 00 00 00 00 00 00 00 00 FF 01 02 FF FF FF FF 00 00 00 00 01 00 00 00 00 0C EA 2E 
18:59:01 FE 00 31 02 BD 90 00 
18:59:01 FD 00 00 10 28 34 46 77 15 40 40 00 00 00 00 00 00 00 00 00 00 00 00 00 04 04 00 00 00 00 00 00 FF FF FF FF 00 FF FF FF FF FF FF FF FF FF FF FF FF FF FF FF FF FF FF FF FF FF FF FF FF FF FF FF FF FF FF FF FF FF FF FF FF FF FF E3 D6 
18:59:01 FE 00 51 02 11 5C 00 
18:59:01 FD 00 00 10 28 36 46 77 15 80 40 FF FF FF FF FF FF FF FF FF FF FF FF FF FF FF FF FF FF FF FF FF FF FF FF FF FF FF FF FF FF FF FF FF FF FF FF FF FF FF FF FF FF FF FF FF FF FF FF FF FF FF FF FF FF FF FF FF FF FF FF FF FF FF FF 1E 42 
18:59:01 FE 00 71 02 75 18 00 
18:59:01 FD 00 00 10 28 30 46 77 15 C0 40 FF FF FF FF FF FF FF FF FF FF FF FF FF FF FF FF FF FF FF FF FF FF FF FF FF FF FF FF FF FF FF FF FF FF FF FF FF FF FF FF FF FF FF FF FF FF FF FF FF FF FF FF FF FF FF FF FF FF FF FF FF FF FF FF 54 8C 
18:59:01 FE 00 11 02 D9 D4 00 
18:59:01 FD 00 00 10 28 32 46 77 16 00 40 FF FF FF FF FF FF FF FF FF FF FF FF FF FF FF FF FF FF FF FF FF FF FF FF FF FF FF FF FF FF FF FF FF FF FF FF FF FF FF FF FF FF FF FF FF FF FF FF FF FF FF FF FF FF FF FF FF FF FF FF FF FF FF FF 07 26 
18:59:01 FE 00 31 02 BD 90 00 
18:59:01 FD 00 00 10 28 34 46 77 16 40 40 FF FF FF FF FF FF FF FF FF FF FF FF FF FF FF FF FF FF FF FF FF FF FF FF FF FF FF FF FF FF FF FF FF FF FF FF FF FF FF FF FF FF FF FF FF FF FF FF FF FF FF FF FF FF FF FF FF FF FF FF FF FF FF FF 4D E8 
18:59:01 FE 00 51 02 11 5C 00 
18:59:01 FD 00 00 10 28 36 46 77 16 80 40 FF FF FF FF FF FF FF FF FF FF FF FF FF FF FF FF FF FF FF FF FF FF FF FF FF FF FF FF FF FF FF FF FF FF FF FF FF FF FF FF FF FF FF FF FF FF FF FF FF FF FF FF FF FF FF FF FF FF FF FF FF FF FF FF 6E D6 
18:59:01 FE 00 71 02 75 18 00 
18:59:01 FD 00 00 10 28 30 46 77 16 C0 40 FF FF FF FF FF FF FF FF FF FF FF FF FF FF FF FF FF FF FF FF FF FF FF FF FF FF FF FF FF FF FF FF FF FF FF FF FF FF FF FF FF FF FF FF FF FF FF FF FF FF FF FF FF FF FF FF FF FF FF FF FF FF FF FF 24 18 
18:59:01 FE 00 11 02 D9 D4 00 
18:59:01 FD 00 00 10 28 32 46 77 17 00 40 FF FF FF FF FF FF FF FF FF FF FF FF FF FF FF FF FF FF FF FF FF FF FF FF FF FF FF FF FF FF FF FF FF FF FF FF FF FF FF FF FF FF FF FF FF FF FF FF FF FF FF FF FF FF FF FF FF FF FF FF FF FF FF FF 28 AA 
18:59:01 FE 00 31 02 BD 90 00 
18:59:01 FD 00 00 10 28 34 46 77 17 40 40 FF FF FF FF FF FF FF FF FF FF FF FF FF FF FF FF FF FF FF FF FF FF FF FF FF FF FF FF FF FF FF FF FF FF FF FF FF FF FF FF FF FF FF FF FF FF FF FF FF FF FF FF FF FF FF FF FF FF FF FF FF FF FF FF 62 64 
18:59:01 FE 00 51 02 11 5C 00 
18:59:02 FD 00 00 10 28 36 46 77 17 80 40 FF FF FF FF FF FF FF FF FF FF FF FF FF FF FF FF FF FF FF FF FF FF FF FF FF FF FF FF FF FF FF FF FF FF FF FF FF FF FF FF FF FF FF FF FF FF FF FF FF FF FF FF FF FF FF FF FF FF FF FF FF FF FF FF 41 5A 
18:59:02 FE 00 71 02 75 18 00 
18:59:02 FD 00 00 10 28 30 46 77 17 C0 40 FF FF FF FF FF FF FF FF FF FF FF FF FF FF FF FF FF FF FF FF FF FF FF FF FF FF FF FF FF FF FF FF FF FF FF FF FF FF FF FF FF FF FF FF FF FF FF FF FF FF FF FF FF FF FF FF FF FF FF FF FF FF FF FF 0B 94 
18:59:02 FE 00 11 02 D9 D4 00 
18:59:02 FD 00 00 10 28 32 03 70 97 86 
18:59:02 FE 00 34 04 00 40 EF 1E 00 3F 3F 3F 3F 
18:59:02 FE 00 31 04 00 40 A1 20 00 
18:59:02 FD 00 00 10 28 59 00 00 00 00 02 5C 94 
18:59:02 FD 00 00 10 28 10 28 54 06 72 00 00 40 2A 90 
18:59:02 FD 00 00 10 28 54 06 72 00 00 40 2A 90 
18:59:02 FE 00 56 42 D4 C9 18 95 A0 C9 84 C0 18 95 18 95 18 95 18 95 18 95 AC C9 18 95 18 95 18 95 18 95 18 95 18 95 18 95 18 95 18 95 21 01 17 06 84 05 22 92 05 08 EE 05 07 94 05 01 C6 05 04 AA 05 03 81 05 09 E9 C9 54 00 
18:59:02 FD 00 00 10 28 79 00 00 00 00 02 B8 52 
18:59:02 FD 00 00 10 28 79 00 00 00 00 02 B8 52 
18:59:02 FD 00 00 10 28 76 06 72 00 40 40 3B 92 
18:59:02 FE 00 70 42 05 05 BB 05 03 EE 05 06 E4 05 02 C2 05 02 76 05 01 BB 05 04 7D 05 FB 00 B9 02 FC 7E 00 00 00 3E 00 C0 00 1C 15 18 E0 EE EF F0 E0 21 81 27 FF 02 C0 21 E0 01 C0 20 E0 32 2F 40 81 51 81 44 0F 55 1F 5B C2 00 
18:59:02 FD 00 00 10 28 19 00 00 00 00 02 85 1A 
18:59:02 FD 00 00 10 28 19 00 00 00 00 02 85 1A 
18:59:02 FD 00 00 10 28 10 06 72 00 80 40 08 94 
18:59:02 FE 00 12 42 40 83 51 83 07 FB 1E F4 24 2F 21 60 20 83 00 0F 33 23 39 F0 22 E0 30 E1 40 81 42 27 53 27 40 83 51 83 1A 95 01 F7 08 95 0F EF EE EF F0 E0 00 83 01 83 08 95 40 2F 3F 3F 19 F0 33 23 09 F0 33 95 E7 88 00 
18:59:02 FD 00 00 10 28 39 00 00 00 00 02 61 DC 
18:59:02 FD 00 00 10 28 39 00 00 00 00 02 61 DC 
18:59:02 FD 00 00 10 28 32 06 72 00 C0 40 19 96 
18:59:02 FE 00 34 42 F8 94 E0 EC F0 E0 50 E0 E0 0F F5 1F 32 87 14 87 26 87 50 8B 87 D0 00 95 12 B3 10 23 12 BB 78 94 08 95 00 E0 02 BD 02 B5 00 FC 7D FC 7D CF 0B E0 05 BD 02 B5 01 FC 7D FC 7D CF 0C E7 03 BD 09 B7 00 68 09 BF BF 78 00 
18:59:02 FD 00 00 10 28 59 00 00 00 00 02 5C 94 
18:59:02 FD 00 00 10 28 59 00 00 00 00 02 5C 94 
18:59:02 FD 00 00 10 28 54 06 72 01 00 40 38 B6 
18:59:02 FE 00 56 42 09 B7 0F 7B 09 BF 08 95 01 B3 00 63 01 BB E9 CF BA 93 AA 93 FA 93 EA 93 5A 93 4A 93 3A 93 2A 93 1A 93 0A 93 3F B7 E0 EC F0 E0 02 89 01 60 02 8B 04 89 03 95 04 8B 0A 30 29 F4 00 E0 04 8B 02 89 D6 F2 00 
18:59:02 FD 00 00 10 28 79 00 00 00 00 02 B8 52 
18:59:02 FD 00 00 10 28 79 00 00 00 00 02 B8 52 
18:59:03 FD 00 00 10 28 76 06 72 01 40 40 29 B4 
18:59:03 FE 00 70 42 02 60 02 8B 03 89 03 95 03 8B 04 31 11 F4 00 E0 03 8B 05 89 03 95 05 8B 04 36 31 F4 00 E0 05 8B 02 89 04 60 02 8B 02 C0 0A 30 58 F4 05 89 10 E0 DF 01 A0 0F B1 1F 0C 91 00 23 19 F0 0C 91 0A 95 62 DA 00 
18:59:03 FD 00 00 10 28 19 00 00 00 00 02 85 1A 
18:59:03 FD 00 00 10 28 19 00 00 00 00 02 85 1A 
18:59:03 FD 00 00 10 28 10 06 72 01 80 40 1A B2 
18:59:03 FE 00 12 42 0C 93 43 89 42 30 10 F5 50 E0 E4 0F F5 1F 22 85 22 23 E1 F0 00 89 00 23 19 F0 0A 95 00 8B 16 C0 21 D0 12 B3 10 23 31 F0 16 85 10 8B 00 95 12 B3 10 23 0B C0 14 85 10 8B 2F 3F 29 F0 12 2F 1A 95 EC 08 00 
18:59:03 FD 00 00 10 28 39 00 00 00 00 02 61 DC 
18:59:03 FD 00 00 10 28 39 00 00 00 00 02 61 DC 
18:59:03 FD 00 00 10 28 32 06 72 01 C0 40 0B B0 
18:59:03 FE 00 34 42 12 87 11 23 19 F0 12 B3 10 2B 12 BB 3F BF 09 91 19 91 29 91 39 91 49 91 59 91 E9 91 F9 91 A9 91 B9 91 18 95 01 E0 10 E0 4C 5F F4 C8 E1 99 FC 7E CF 1F BB 0E BB 01 E0 0C BB 0D B3 08 95 E1 99 FC 7E CF 3E 0E 00 
18:59:03 FD 00 00 10 28 59 00 00 00 00 02 5C 94 
18:59:03 FD 00 00 10 28 59 00 00 00 00 02 5C 94 
18:59:03 FD 00 00 10 28 54 06 72 02 00 40 0E DC 
18:59:03 FE 00 56 42 1F BB 0E BB 2D BB F8 94 04 E0 0C BB E1 9A 78 94 08 95 F8 01 00 E0 04 83 03 83 02 83 45 83 20 83 31 83 08 95 36 D9 F8 01 44 81 55 81 45 17 10 F0 00 E0 15 C0 A0 81 B1 81 43 81 52 E0 45 9F A0 0D 3E 1E 00 
18:59:03 FD 00 00 10 28 79 00 00 00 00 02 B8 52 
18:59:03 FD 00 00 10 28 79 00 00 00 00 02 B8 52 
18:59:03 FD 00 00 10 28 76 06 72 02 40 40 1F DE 
18:59:03 FE 00 70 42 B1 1D 2D 93 3C 93 23 81 23 95 23 83 35 81 23 17 10 F0 20 E0 23 83 04 81 03 95 04 83 01 E0 E4 E0 28 C9 17 D9 F8 01 04 81 00 23 11 F4 00 E0 F7 CF A0 81 B1 81 02 81 12 E0 01 9F A0 0D B1 1D 0D 91 58 F4 00 
18:59:03 FD 00 00 10 28 19 00 00 00 00 02 85 1A 
18:59:03 FD 00 00 10 28 19 00 00 00 00 02 85 1A 
18:59:03 FD 00 00 10 28 10 06 72 02 80 40 2C D8 
18:59:03 FE 00 12 42 1C 91 D9 01 0D 93 1C 93 44 23 11 F4 01 E0 EF CF 02 81 03 95 02 83 15 81 01 17 10 F0 00 E0 02 83 04 81 0A 95 04 83 F2 CF 01 B3 0F 73 01 BB 04 B3 0C 7F 04 BB 02 B3 00 6C 02 BB 05 B3 03 60 05 BB 64 96 00 
18:59:03 FD 00 00 10 28 39 00 00 00 00 02 61 DC 
18:59:03 FD 00 00 10 28 39 00 00 00 00 02 61 DC 
18:59:03 FD 00 00 10 28 32 06 72 02 C0 40 3D DA 
18:59:03 FE 00 34 42 08 95 E7 D8 F8 94 20 91 D2 00 00 E0 00 93 D2 00 78 94 02 2F 05 70 11 F4 00 E0 56 C0 A0 E0 B1 E0 00 E0 FC 7D 01 02 83 01 83 03 B3 00 95 03 70 30 B3 30 95 35 95 35 95 35 95 35 95 3C 70 30 2B 00 85 E1 EC 00 
18:59:03 FD 00 00 10 28 59 00 00 00 00 02 5C 94 
18:59:03 FD 00 00 10 28 59 00 00 00 00 02 5C 94 
18:59:03 FD 00 00 10 28 54 06 72 03 00 40 1C FA 
18:59:03 FE 00 56 42 30 17 51 F5 01 85 00 23 11 F0 0A 95 01 87 01 85 00 23 B9 F5 60 E0 FC 7D 01 57 81 70 E0 E6 0F F7 1F 03 81 03 30 28 F4 32 D0 10 2F 15 23 09 F0 30 2B 63 95 64 30 80 F3 3C 93 35 27 FC 7D 01 31 83 60 E0 B1 AA 00 
18:59:03 FD 00 00 10 28 79 00 00 00 00 02 B8 52 
18:59:03 FD 00 00 10 28 79 00 00 00 00 02 B8 52 
18:59:03 FD 00 00 10 28 76 06 72 03 40 40 0D F8 
18:59:03 FE 00 70 42 25 D0 1C 91 10 23 B9 F0 FC 7D 01 E6 0F F7 1F 10 2F 13 23 31 F0 73 83 0B C0 30 87 03 E0 01 87 11 C0 22 FB 4E F4 13 81 1F 3F 31 F0 13 95 13 83 FC 7D 01 12 81 10 2B 12 83 63 95 64 30 10 F3 0C 91 FC 7D 01 3B 28 00 
18:59:03 FD 00 00 10 28 19 00 00 00 00 02 85 1A 
18:59:03 FD 00 00 10 28 19 00 00 00 00 02 85 1A 
18:59:03 FD 00 00 10 28 10 06 72 03 80 40 3E FC 7E 
18:59:03 FE 00 12 42 07 83 12 81 01 81 01 2B E4 E0 93 C8 01 E0 10 E0 46 2F 20 C8 03 E0 0A D0 0F 3F 09 F4 08 E7 08 95 04 E0 04 D0 0F 3F 09 F4 0A E0 08 95 10 E0 1E CF 40 2F 21 2F 02 30 88 F4 1D D3 0C D8 2F 3F 19 F4 86 94 00 
18:59:03 FD 00 00 10 28 39 00 00 00 00 02 61 DC 
18:59:03 FD 00 00 10 28 39 00 00 00 00 02 61 DC 
18:59:03 FD 00 00 10 28 32 06 72 03 C0 40 2F FC 7C 
18:59:03 FE 00 34 42 18 B3 10 27 04 C0 22 23 21 F0 18 B3 10 2B 18 BB 08 95 00 95 18 B3 10 23 18 BB 08 95 56 D8 80 2F 41 2E A0 E8 B0 E0 90 E0 00 EE 60 2E 00 E0 70 2E D8 D0 08 17 19 F4 24 2D 39 2F 1C D0 16 96 93 95 C7 78 00 
18:59:03 FD 00 00 10 28 59 00 00 00 00 02 5C 94 
18:59:03 FD 00 00 10 28 59 00 00 00 00 02 5C 94 
18:59:03 FD 00 00 10 28 54 06 72 04 00 40 62 08 
18:59:03 FE 00 56 42 90 34 90 F3 38 2F 24 2D 30 6F 14 D0 F3 01 20 85 F1 D2 48 2F DF D7 02 23 59 F0 2F E0 28 23 32 2F 24 2D 30 6E 03 E1 60 0E 00 E0 70 1E 83 01 FA DE E8 E0 3B C8 83 01 0D 5E 1F 4F F4 CE 28 D8 26 97 B4 A2 00 
18:59:03 FD 00 00 10 28 79 00 00 00 00 02 B8 52 
18:59:03 FD 00 00 10 28 79 00 00 00 00 02 B8 52 
18:59:03 FD 00 00 10 28 76 06 72 04 40 40 73 0A 
18:59:04 FE 00 70 42 00 91 9A 02 00 23 09 F0 68 C0 41 E0 9E 01 03 EF 10 E0 07 DF 00 23 09 F4 60 C0 88 81 09 81 10 E0 08 83 19 83 D6 D2 00 91 9A 02 E0 0F F1 1F 08 81 00 7F 10 91 9A 02 13 95 00 3D 28 F1 10 93 9A 02 68 9A 00 
18:59:04 FD 00 00 10 28 19 00 00 00 00 02 85 1A 
18:59:04 FD 00 00 10 28 19 00 00 00 00 02 85 1A 
18:59:04 FD 00 00 10 28 10 06 72 04 80 40 40 0C 
18:59:04 FE 00 12 42 11 F4 13 E7 01 C0 1B E4 10 83 28 81 2F 70 40 91 9A 02 50 E0 FA 01 EA 54 FC 7D 4F 20 83 EA E9 F2 E0 10 81 13 95 10 83 00 3F 19 F4 06 ED 10 E0 02 C0 0B ED 10 E0 76 D6 00 E0 20 91 9A 02 30 E0 F9 01 C4 72 00 
18:59:04 FD 00 00 10 28 39 00 00 00 00 02 61 DC 
18:59:04 FD 00 00 10 28 39 00 00 00 00 02 61 DC 
18:59:04 FD 00 00 10 28 32 06 72 04 C0 40 51 0E 
18:59:04 FE 00 34 42 36 D0 2E D0 24 C0 0B E4 00 83 41 2E 01 2F FC 7D D3 48 81 59 81 06 E0 10 E0 75 D7 00 58 1F 4F 2C D0 55 24 24 D0 90 E0 26 D0 FC 7E 01 E9 0F F5 1D 02 83 8E 01 0E 5F 1F 4F 55 D6 93 95 94 30 A0 F3 40 90 59 98 00 
18:59:04 FD 00 00 10 28 59 00 00 00 00 02 5C 94 
18:59:04 FD 00 00 10 28 59 00 00 00 00 02 5C 94 
18:59:04 FD 00 00 10 28 54 06 72 05 00 40 70 2E 
18:59:04 FE 00 56 42 9A 02 04 2D E2 D3 16 D0 11 D0 00 91 9A 02 10 E0 F8 01 EA 54 FC 7D 4F 80 83 03 D0 26 96 E6 E0 C7 C7 EA E9 F2 E0 00 81 03 95 00 83 08 95 F2 01 EA 54 FC 7D 4F FA CF 08 81 19 81 D8 01 11 96 A8 83 B9 83 7C 2E 00 
18:59:04 FD 00 00 10 28 79 00 00 00 00 02 B8 52 
18:59:04 FD 00 00 10 28 79 00 00 00 00 02 B8 52 
18:59:04 FD 00 00 10 28 76 06 72 05 40 40 61 2C 
18:59:04 FE 00 70 42 55 CE A3 D7 28 01 39 01 A0 E8 B0 E0 90 E4 29 D0 06 15 F1 F4 8D 01 0B 5F 1F 4F 48 DE 07 15 C1 F4 80 E0 1A D0 0F 5F 1F 4F 41 DE 30 E0 F2 01 E8 0F F3 1F 10 81 01 17 19 F4 83 95 84 30 90 F3 84 30 4E D4 00 
18:59:04 FD 00 00 10 28 19 00 00 00 00 02 85 1A 
18:59:04 FD 00 00 10 28 19 00 00 00 00 02 85 1A 
18:59:04 FD 00 00 10 28 10 06 72 05 80 40 52 2A 
18:59:04 FE 00 12 42 39 F4 80 E0 2F EF 08 D0 39 DE 83 95 86 30 D0 F3 16 96 9A 95 E1 F6 4C CF 08 2F 10 E0 0A 0F 1B 1F 08 95 8D 01 23 CE 72 D7 28 01 C9 01 A0 E8 B0 E0 C8 DF 66 24 F6 DF 0F 3F 81 F4 28 2F 14 D2 80 E0 D9 FC 7E 00 
18:59:04 FD 00 00 10 28 39 00 00 00 00 02 61 DC 
18:59:04 FD 00 00 10 28 39 00 00 00 00 02 61 DC 
18:59:04 FD 00 00 10 28 32 06 72 05 C0 40 43 28 
18:59:04 FE 00 34 42 10 E0 F2 01 E8 0F F1 1F 20 81 0D D2 83 95 84 30 B8 F3 29 2F 8D 01 12 DE 05 C0 16 96 63 94 00 E4 60 16 40 F3 E7 E0 62 C7 00 91 EC 00 0A 95 39 F0 0A 95 49 F0 0A 95 A1 F0 0A 95 91 F0 08 C0 3F EF 6D 3A 00 
18:59:04 FD 00 00 10 28 59 00 00 00 00 02 5C 94 
18:59:04 FD 00 00 10 28 59 00 00 00 00 02 5C 94 
18:59:04 FD 00 00 10 28 54 06 72 06 00 40 46 44 
18:59:04 FE 00 56 42 25 E0 15 E0 07 C0 3F EF 2F E0 1F E0 03 C0 30 E0 20 E0 10 E0 E3 D1 30 E0 20 E0 10 E0 01 E0 4A DD 08 95 8A 93 E0 EE F0 E0 00 FB 3E F0 15 85 11 23 21 F0 16 87 15 E0 10 93 C0 00 10 91 C0 00 11 23 56 A2 00 
18:59:04 FD 00 00 10 28 79 00 00 00 00 02 B8 52 
18:59:04 FD 00 00 10 28 79 00 00 00 00 02 B8 52 
18:59:04 FD 00 00 10 28 76 06 72 06 40 40 57 46 
18:59:04 FE 00 70 42 81 F0 46 85 10 2F 11 0F 11 0B 24 2F 34 2F 33 0F 33 0B 31 95 21 95 30 40 02 17 13 07 11 F4 04 2F 03 95 05 87 85 85 81 30 11 F4 11 E0 01 C0 10 E0 00 E0 9E DE 8F 3F 11 F4 11 E0 01 C0 10 E0 01 E0 FF CC 00 
18:59:04 FD 00 00 10 28 19 00 00 00 00 02 85 1A 
18:59:04 FD 00 00 10 28 19 00 00 00 00 02 85 1A 
18:59:04 FD 00 00 10 28 10 06 72 06 80 40 64 40 
18:59:04 FE 00 12 42 97 DE 89 91 08 95 01 D7 71 2E A0 EE B0 E0 1A D3 80 2F 90 2F 61 2E 0C E0 60 22 65 94 65 94 03 EF 70 22 00 E2 70 16 41 F4 E0 EC F0 E0 02 81 00 23 19 F0 8F 3F 09 F4 54 C0 6D DE FC 7D 01 02 87 00 E0 AC 88 00 
18:59:04 FD 00 00 10 28 39 00 00 00 00 02 61 DC 
18:59:04 FD 00 00 10 28 39 00 00 00 00 02 61 DC 
18:59:04 FD 00 00 10 28 32 06 72 06 C0 40 75 42 
18:59:04 FE 00 34 42 03 87 07 2D 0E 5F 09 F4 46 C0 0A 95 09 F4 48 C0 0A 95 89 F0 0A 95 01 F1 0A 95 E9 F1 0E 50 69 F1 0A 95 A9 F1 0A 95 B9 F1 0E 50 D9 F0 0A 95 49 F1 0A 95 89 F1 39 C0 01 85 00 23 29 F4 83 95 83 30 59 1C 00 
18:59:04 FD 00 00 10 28 59 00 00 00 00 02 5C 94 
18:59:04 FD 00 00 10 28 59 00 00 00 00 02 5C 94 
18:59:04 FD 00 00 10 28 54 06 72 07 00 40 54 62 
18:59:04 FE 00 56 42 3C F0 8F EF 05 C0 86 2D 83 95 83 30 0C F0 84 50 00 E0 FC 7D 01 07 87 28 C0 01 85 00 23 C9 F7 01 E0 F9 CF 88 23 11 F0 80 E0 F3 CF 8F EF F8 94 0A E0 E0 EC F0 E0 02 83 78 94 EB CF 88 23 A1 F7 81 E0 23 74 00 
18:59:04 FD 00 00 10 28 79 00 00 00 00 02 B8 52 
18:59:04 FD 00 00 10 28 79 00 00 00 00 02 B8 52 
18:59:04 FD 00 00 10 28 76 06 72 07 40 40 45 60 
18:59:04 FE 00 70 42 E7 CF 81 30 11 F4 80 E0 EA CF 8F EF E8 CF 8F 3F D1 F3 81 E0 E4 CF 07 85 00 23 31 F0 80 E0 04 C0 1F DE FC 7D 01 03 87 8F EF 08 2F 5B DF AB D2 90 17 19 F4 03 85 00 23 11 F0 03 E0 06 83 59 CE 89 D6 71 FA 00 
18:59:04 FD 00 00 10 28 19 00 00 00 00 02 85 1A 
18:59:05 FD 00 00 10 28 19 00 00 00 00 02 85 1A 
18:59:05 FD 00 00 10 28 10 06 72 07 80 40 76 66 
18:59:05 FE 00 12 42 81 2F A0 EE B0 E0 1D 96 9C 91 13 97 03 DE 0D 93 00 E0 0C 93 1B 97 8E 5F 41 F0 8A 95 71 F0 81 51 41 F0 80 51 19 F4 91 30 59 F4 90 E0 09 2F 39 DF 5C C1 9F 3F D1 F3 91 E0 F9 CF F2 DD 1B 96 0C 93 26 A0 00 
18:59:05 FD 00 00 10 28 39 00 00 00 00 02 61 DC 
18:59:05 FD 00 00 10 28 39 00 00 00 00 02 61 DC 
18:59:05 FD 00 00 10 28 32 06 72 07 C0 40 67 64 
18:59:05 FE 00 34 42 9F EF F4 CF 8A 93 80 2F E0 2F F0 E0 70 96 8F 01 0D DD 0F 3F 09 F4 08 2F 54 CF 5D D6 90 2F 81 2F 00 91 E7 00 00 23 49 F4 09 2F F8 DD 09 2F EA DF 10 2F 10 7F 91 F4 18 2F 0F C0 01 30 71 F4 93 95 AB 28 00 
18:59:05 FD 00 00 10 28 59 00 00 00 00 02 5C 94 
18:59:05 FD 00 00 10 28 59 00 00 00 00 02 5C 94 
18:59:05 FD 00 00 10 28 54 06 72 08 00 40 BB A0 
18:59:05 FE 00 56 42 92 95 90 7F 91 2B 19 2F 00 E0 E8 DD 00 E0 DA DF 10 2F 10 7F 11 F4 19 2F 36 DF E2 E0 4C C6 2E D6 00 91 00 01 00 95 C0 90 01 01 C0 22 00 91 00 01 D0 90 01 01 D0 22 80 EE 90 E0 FC 7C 01 14 85 E1 2E E3 6E 00 
18:59:05 FD 00 00 10 28 79 00 00 00 00 02 B8 52 
18:59:05 FD 00 00 10 28 79 00 00 00 00 02 B8 52 
18:59:05 FD 00 00 10 28 76 06 72 08 40 40 AA A2 
18:59:05 FE 00 70 42 03 E0 40 2E 01 E0 50 2E 11 23 69 F0 1A 95 09 F4 64 C0 1A 95 09 F4 7C C0 12 50 09 F4 86 C0 12 50 09 F4 98 C0 AA C0 88 24 BB 24 DC 01 A8 0D BB 1D 3C 01 68 0C 7B 1C BB D0 90 2E 0D 21 49 F0 FC 7D 01 18 8C 00 
18:59:05 FD 00 00 10 28 19 00 00 00 00 02 85 1A 
18:59:05 FD 00 00 10 28 19 00 00 00 00 02 85 1A 
18:59:05 FD 00 00 10 28 10 06 72 08 80 40 99 A4 
18:59:05 FE 00 12 42 11 89 00 81 01 FF 1B C0 13 7F 1C 5F 11 8B 13 C0 09 2D 0C 21 A9 F0 A4 D0 01 FC 7D 09 C0 11 89 12 60 93 D0 FC 7D 01 01 89 0C 5F 0C 70 01 8B 09 C0 01 89 03 7F 01 8B 10 2F 88 D0 FC 7D 01 11 89 12 60 84 D0 7C 04 00 
18:59:05 FD 00 00 10 28 39 00 00 00 00 02 61 DC 
18:59:05 FD 00 00 10 28 39 00 00 00 00 02 61 DC 
18:59:05 FD 00 00 10 28 32 06 72 08 C0 40 88 A6 
18:59:05 FE 00 34 42 00 91 02 01 09 21 89 F0 8B D0 01 FC 7D 0E C0 32 01 68 0C 7B 1C 85 D0 07 30 09 F4 7C D0 81 D0 0A 30 21 F4 78 D0 07 E0 F3 01 00 83 83 94 02 E0 80 16 08 F4 BA CF 80 2E 20 91 02 01 79 D0 02 23 49 F0 EC E6 00 
18:59:05 FD 00 00 10 28 59 00 00 00 00 02 5C 94 
18:59:05 FD 00 00 10 28 59 00 00 00 00 02 5C 94 
18:59:05 FD 00 00 10 28 54 06 72 09 00 40 A9 86 
18:59:05 FE 00 56 42 F2 01 E8 0D FB 1D 00 81 0E 31 19 F4 01 E0 FC 7C 01 04 87 5C D0 08 F0 51 C0 EE CF 02 E0 80 2E 03 C0 55 D0 08 F0 4A C0 63 D0 10 2F 1D 21 21 F0 00 E0 FC 7C 01 04 87 42 C0 10 91 02 01 10 23 89 F3 99 24 5D 3E 00 
18:59:05 FD 00 00 10 28 79 00 00 00 00 02 B8 52 
18:59:05 FD 00 00 10 28 79 00 00 00 00 02 B8 52 
18:59:05 FD 00 00 10 28 76 06 72 09 40 40 B8 84 
18:59:05 FE 00 70 42 F2 01 E8 0D F9 1D 00 81 0C 33 51 F7 02 E0 F0 CF 02 E0 80 2E 02 C0 3A D0 80 F5 49 D0 0D 21 D9 F3 04 E0 04 87 06 E0 00 8B 28 C0 C2 FA 16 F4 00 E0 04 87 00 91 02 01 02 FF 20 C0 E3 E0 F1 E0 02 81 26 9A 00 
18:59:05 FD 00 00 10 28 19 00 00 00 00 02 85 1A 
18:59:05 FD 00 00 10 28 19 00 00 00 00 02 85 1A 
18:59:05 FD 00 00 10 28 10 06 72 09 80 40 8B 82 
18:59:05 FE 00 12 42 0E 31 D9 F4 FC 7C 01 00 89 04 87 00 E0 E3 E0 F1 E0 02 83 13 C0 00 91 00 01 02 FF C9 CF 3F EF 20 E0 1E EF 1C D0 A0 E0 B0 E0 2F EF 1D D0 B2 30 E0 F3 FC 7C 01 04 81 15 81 F8 01 09 95 FC 7C 01 04 85 0E 15 5F 14 00 
18:59:05 FD 00 00 10 28 39 00 00 00 00 02 61 DC 
18:59:05 FD 00 00 10 28 39 00 00 00 00 02 61 DC 
18:59:05 FD 00 00 10 28 32 06 72 09 C0 40 9A 80 
18:59:05 FE 00 34 42 09 F0 12 DE EF E0 6A C5 08 2D 07 CF 83 94 04 E0 80 16 08 95 FC 7D 01 11 89 11 60 F6 CF 00 E0 6A CB F3 01 00 81 08 95 8D 01 09 DC 11 96 08 95 02 D0 48 2D F0 C4 01 E0 10 E0 08 95 0B D0 44 23 11 F0 79 24 00 
18:59:05 FD 00 00 10 28 59 00 00 00 00 02 5C 94 
18:59:05 FD 00 00 10 28 59 00 00 00 00 02 5C 94 
18:59:05 FD 00 00 10 28 54 06 72 0A 00 40 9F EC 
18:59:05 FE 00 56 42 41 E7 01 C0 43 E6 40 83 21 83 32 83 CA D3 03 E0 5D C1 E6 EB F2 E0 08 95 3C D5 A0 EE B0 E0 00 E0 C5 DC 17 96 0C 93 17 97 02 30 20 F0 01 E0 17 96 0C 93 17 97 09 E0 BA DC 00 95 18 96 0D 93 0A E0 79 44 00 
18:59:05 FD 00 00 10 28 79 00 00 00 00 02 B8 52 
18:59:05 FD 00 00 10 28 79 00 00 00 00 02 B8 52 
18:59:05 FD 00 00 10 28 76 06 72 0A 40 40 8E EE 
18:59:05 FE 00 70 42 B5 DC 0C 93 19 97 02 E1 B1 DC 0C 93 04 30 10 F0 00 E0 0C 93 03 E1 AA DC 11 96 0C 93 11 97 04 30 18 F0 00 E0 11 96 0C 93 1F DC E4 E0 22 C5 08 D5 CC 24 D2 DF A0 EE B0 E0 FC 7D 01 C4 86 07 B3 03 60 A6 82 00 
18:59:05 FD 00 00 10 28 19 00 00 00 00 02 85 1A 
18:59:05 FD 00 00 10 28 19 00 00 00 00 02 85 1A 
18:59:05 FD 00 00 10 28 10 06 72 0A 80 40 BD E8 
18:59:05 FE 00 12 42 07 BB 08 B3 0C 7F 08 BB 3F DB 23 D1 40 E4 2A E0 31 E0 8D 01 0D 5E 1F 4F BC DB 78 94 FC 7D 01 37 81 33 95 2F E0 1F E0 9A DF 08 C0 0A 95 02 87 29 F4 00 E0 B7 DD 05 E0 FC 7C 01 00 83 03 DC 00 23 09 F0 56 AC 00 
18:59:06 FD 00 00 10 28 39 00 00 00 00 02 61 DC 
18:59:06 FD 00 00 10 28 39 00 00 00 00 02 61 DC 
18:59:06 FD 00 00 10 28 32 06 72 0A C0 40 AC EA 
18:59:06 FE 00 34 42 AE DE BC DC A1 D3 00 91 94 02 00 23 09 F4 B2 C0 8A E8 91 E0 FC 7C 01 62 80 71 80 B3 80 06 EB 40 2E 02 E0 50 2E 00 81 E6 E2 F0 E0 83 C4 F8 94 FC 7D 01 02 81 13 81 F8 01 09 95 9A C0 CC 24 C3 94 F8 94 86 AE 00 
18:59:06 FD 00 00 10 28 59 00 00 00 00 02 5C 94 
18:59:06 FD 00 00 10 28 59 00 00 00 00 02 5C 94 
18:59:06 FD 00 00 10 28 54 06 72 0B 00 40 8D CA 
18:59:06 FE 00 56 42 96 C0 CC 24 78 94 93 C0 00 91 94 02 02 30 08 F4 8E C0 FC 7C 01 00 81 70 16 09 F0 89 C0 FC 7D 01 04 81 15 81 E8 CF 79 DF 83 C0 AA 24 0B C0 83 01 5E DB 11 E0 61 0E 10 E0 71 1E F2 01 EA 0D F1 1F 00 83 21 AC 00 
18:59:06 FD 00 00 10 28 79 00 00 00 00 02 B8 52 
18:59:06 FD 00 00 10 28 79 00 00 00 00 02 B8 52 
18:59:06 FD 00 00 10 28 76 06 72 0B 40 40 9C C8 
18:59:06 FE 00 70 42 A3 94 FC 7C 01 03 81 A0 16 88 F3 C0 D0 0E EA 12 E0 28 D3 6D C0 AA 24 FC 7C 01 03 81 A0 16 08 F0 67 C0 BB 24 EA 0D FB 1D 24 81 83 01 48 DB 01 E0 60 0E 7B 1C A3 94 F0 CF 02 E0 4C DF 00 83 00 E0 01 83 7B 98 00 
18:59:06 FD 00 00 10 28 19 00 00 00 00 02 85 1A 
18:59:06 FD 00 00 10 28 19 00 00 00 00 02 85 1A 
18:59:06 FD 00 00 10 28 10 06 72 0B 80 40 AF CE 
18:59:06 FE 00 12 42 02 E0 E3 CF 1B 2D 00 E0 FA DD 51 C0 42 DF 70 82 02 E0 70 16 20 F4 96 D0 3C DF 01 83 13 C0 04 E0 70 16 80 F4 20 91 00 01 25 DF BB 24 8A 0D 91 1F FC 7C 01 40 81 42 50 0E D4 02 23 11 F0 01 E0 EC CF 46 E6 00 
18:59:06 FD 00 00 10 28 39 00 00 00 00 02 61 DC 
18:59:06 FD 00 00 10 28 39 00 00 00 00 02 61 DC 
18:59:06 FD 00 00 10 28 32 06 72 0B C0 40 BE CC 
18:59:06 FE 00 34 42 28 DF B1 82 01 E0 C1 CF 79 D0 89 F5 72 D0 EB DC 2E C0 74 D0 61 F5 6D D0 B4 DC 29 C0 FC 7C 01 00 81 0B 36 21 F4 17 2D 26 2D 3B 2D 03 C0 1B 2D 27 2D 36 2D FC 7D 01 04 85 00 23 29 F4 60 D0 C1 F4 03 2F B0 0A 00 
18:59:06 FD 00 00 10 28 59 00 00 00 00 02 5C 94 
18:59:06 FD 00 00 10 28 59 00 00 00 00 02 5C 94 
18:59:06 FD 00 00 10 28 54 06 72 0C 00 40 F3 38 
18:59:06 FE 00 56 42 42 DD 15 C0 01 30 21 F4 59 D0 89 F0 41 E0 07 C0 02 30 69 F4 53 D0 59 F4 33 23 49 F4 40 E0 30 E0 0A E8 12 E0 EA DE 00 E0 FC 7D 01 04 87 DD DC 00 E0 00 93 94 02 CC 20 09 F0 40 CF 80 EC 90 E0 FC 7C 01 E0 FC 7C 00 
18:59:06 FD 00 00 10 28 79 00 00 00 00 02 B8 52 
18:59:06 FD 00 00 10 28 79 00 00 00 00 02 B8 52 
18:59:06 FD 00 00 10 28 76 06 72 0C 40 40 E2 3A 
18:59:06 FE 00 70 42 01 81 00 23 09 F0 39 CF F8 94 0A E0 01 83 78 94 FC 7D 01 06 81 00 23 91 F0 0A 95 06 83 79 F4 00 85 04 FF 0C C0 03 85 00 23 11 F0 00 E4 01 C0 00 E0 25 85 2F 70 20 2B 30 ED 8D 01 DD DB FC 7D 01 02 85 91 F4 00 
18:59:06 FD 00 00 10 28 19 00 00 00 00 02 85 1A 
18:59:06 FD 00 00 10 28 19 00 00 00 00 02 85 1A 
18:59:06 FD 00 00 10 28 10 06 72 0C 80 40 D1 3C 
18:59:06 FE 00 12 42 00 23 09 F0 12 CF 03 85 00 23 09 F4 16 CF FC 7C 01 00 81 00 23 29 F4 16 D0 00 23 11 F4 01 E0 C1 DC FC 7D 01 03 85 0A 95 03 87 09 F0 07 CF 00 E0 B9 DC 04 CF 36 2D 27 2D 0A E8 12 E0 08 95 00 91 99 02 16 A6 00 
18:59:06 FD 00 00 10 28 39 00 00 00 00 02 61 DC 
18:59:06 FD 00 00 10 28 39 00 00 00 00 02 61 DC 
18:59:06 FD 00 00 10 28 32 06 72 0C C0 40 C0 3E 
18:59:06 FE 00 34 42 00 23 08 95 FC 7D 01 05 85 08 95 03 95 00 93 9A 02 08 95 00 E0 00 BD 0C E0 09 B9 00 E1 0A B9 06 EA 00 BD EA E8 F2 E0 00 E0 02 8F 00 8B 02 87 02 8B 0F EF 03 8B 00 91 F9 00 07 83 06 83 05 83 04 83 FB 1C 00 
18:59:06 FD 00 00 10 28 59 00 00 00 00 02 5C 94 
18:59:06 FD 00 00 10 28 59 00 00 00 00 02 5C 94 
18:59:06 FD 00 00 10 28 54 06 72 0D 00 40 E1 1E 
18:59:06 FE 00 56 42 01 B3 06 60 01 BB 92 98 05 B7 03 7F 04 60 05 BF 0B B7 00 68 0B BF 01 E0 07 8B 02 E0 03 BF 09 B7 01 60 09 BF 08 95 B5 D3 AA E8 B2 E0 53 D1 5F 99 02 C0 00 E0 5C C2 1B B1 0C B1 14 71 D1 F7 17 8D DE EA 00 
18:59:06 FD 00 00 10 28 79 00 00 00 00 02 B8 52 
18:59:06 FD 00 00 10 28 79 00 00 00 00 02 B8 52 
18:59:06 FD 00 00 10 28 76 06 72 0D 40 40 F0 1C 
18:59:06 FE 00 70 42 0C 3F 29 F4 11 23 19 F4 01 E0 07 8F F2 CF 21 A1 23 95 21 A3 0D 3F 89 F4 00 E0 01 A3 03 8F 04 8F 03 E0 05 8F 01 E0 00 A3 00 E0 03 83 02 83 01 83 0C 93 9A D9 0D EF 76 D9 DC CF 0E 3F 19 F4 00 E0 54 9C 00 
18:59:06 FD 00 00 10 28 19 00 00 00 00 02 85 1A 
18:59:06 FD 00 00 10 28 19 00 00 00 00 02 85 1A 
18:59:06 FD 00 00 10 28 10 06 72 0D 80 40 C3 1A 
18:59:06 FE 00 12 42 00 A3 D7 CF 11 23 19 F0 00 68 10 E0 17 8F 10 A1 11 23 79 F2 24 8D 50 E0 24 30 D8 F4 10 91 F9 00 01 17 19 F0 15 8D 1D 7F 15 8F EC EF FF E1 E2 0F F5 1F 14 91 01 17 21 F0 FC 7D 01 15 8D 1E 7F 15 8F D1 D8 00 
18:59:06 FD 00 00 10 28 39 00 00 00 00 02 61 DC 
18:59:06 FD 00 00 10 28 39 00 00 00 00 02 61 DC 
18:59:07 FD 00 00 10 28 32 06 72 0D C0 40 D2 18 
18:59:07 FE 00 34 42 FC 7D 01 E2 0F F5 1F 03 87 FC 7D 01 14 8D 13 95 14 8F D2 CF C9 F4 15 8D 11 FF 02 C0 11 E0 01 C0 10 E0 17 87 01 8B 15 8D 11 23 11 F0 21 E0 01 C0 20 E0 11 89 17 70 13 30 11 F4 11 E0 01 C0 10 E0 12 2B 2C 7E 00 
18:59:07 FD 00 00 10 28 59 00 00 00 00 02 5C 94 
18:59:07 FD 00 00 10 28 59 00 00 00 00 02 5C 94 
18:59:07 FD 00 00 10 28 54 06 72 0E 00 40 D7 74 
18:59:07 FE 00 56 42 10 A3 15 E0 E4 CF 11 89 13 FF 0A C0 17 70 13 30 39 F0 29 30 28 F4 E2 0F F5 1F 35 97 00 83 D4 CF 2F 3F 21 F0 1F EF 14 8F 06 8F A5 CF 23 8D 30 E0 F9 01 E6 57 FC 7E 4F 00 83 15 D9 FC 7D 01 03 8D 10 E0 DD 7A 00 
18:59:07 FD 00 00 10 28 79 00 00 00 00 02 B8 52 
18:59:07 FD 00 00 10 28 79 00 00 00 00 02 B8 52 
18:59:07 FD 00 00 10 28 76 06 72 0E 40 40 C6 76 
18:59:07 FE 00 70 42 86 8D 90 E0 01 97 08 17 19 07 89 F4 00 E0 05 8F 09 D9 A5 D1 EE EF F0 E0 00 81 11 81 01 2B 11 F0 B9 D0 67 CF FC 7D 01 06 8D 02 87 01 E0 63 CF 03 95 03 8F 5F CF 08 E0 0A B9 92 9A 5E 9A 08 EF 0C B9 C7 1E 00 
18:59:07 FD 00 00 10 28 19 00 00 00 00 02 85 1A 
18:59:07 FD 00 00 10 28 19 00 00 00 00 02 85 1A 
18:59:07 FD 00 00 10 28 10 06 72 0E 80 40 F5 70 
18:59:07 FE 00 12 42 5E 9B FC 7E CF 00 E1 0A B9 92 98 08 95 54 2F 4A 95 55 23 81 F0 F8 01 50 81 F9 01 60 81 56 17 10 F4 0F EF 08 95 51 91 9F 01 F8 01 61 91 8F 01 56 17 68 F7 97 C0 00 E0 08 95 06 C0 F9 01 51 91 9F 01 58 20 00 
18:59:07 FD 00 00 10 28 39 00 00 00 00 02 61 DC 
18:59:07 FD 00 00 10 28 39 00 00 00 00 02 61 DC 
18:59:07 FD 00 00 10 28 32 06 72 0E C0 40 E4 72 
18:59:07 FE 00 34 42 F8 01 51 93 8F 01 54 2F 4A 95 55 23 B1 F7 08 95 E0 D2 AA E8 B2 E0 FC 7D 01 02 85 00 23 11 F0 00 E0 78 C0 21 DF 00 23 D9 F3 FC 7D 01 21 89 02 2F 07 70 03 30 29 F5 00 E0 02 87 26 95 26 95 26 95 23 95 D9 12 00 
18:59:07 FD 00 00 10 28 59 00 00 00 00 02 5C 94 
18:59:07 FD 00 00 10 28 59 00 00 00 00 02 5C 94 
18:59:07 FD 00 00 10 28 54 06 72 0F 00 40 C5 52 
18:59:07 FE 00 56 42 05 C0 14 91 13 17 59 F7 28 50 03 95 22 23 A9 F0 50 E0 FC 7D 01 E0 0F F5 1F 33 85 EC EF FF E1 E0 0F F5 1F 28 30 70 F7 0F EF 10 E0 48 E0 42 1B 52 D2 14 91 10 23 03 23 10 17 91 F6 03 E0 4A C0 02 2F 05 64 00 
18:59:07 FD 00 00 10 28 79 00 00 00 00 02 B8 52 
18:59:07 FD 00 00 10 28 79 00 00 00 00 02 B8 52 
18:59:07 FD 00 00 10 28 76 06 72 0F 40 40 D4 50 
18:59:07 FE 00 70 42 01 71 17 85 11 23 21 F0 00 31 49 F2 43 D0 C7 CF 00 31 69 F5 26 95 23 70 82 2F 01 89 07 FF 02 C0 0F EF 03 8B 03 89 02 17 D1 F4 DD D1 8D 01 8E DF 00 23 A9 F4 2F D0 FC 7D 01 02 8D 06 30 31 F5 81 89 A3 F0 00 
18:59:07 FD 00 00 10 28 19 00 00 00 00 02 85 1A 
18:59:07 FD 00 00 10 28 19 00 00 00 00 02 85 1A 
18:59:07 FD 00 00 10 28 10 06 72 0F 80 40 E7 56 
18:59:07 FE 00 12 42 82 95 8F 70 86 95 83 70 34 D1 39 D1 F9 F6 FC 7D 01 02 89 80 17 D9 F6 03 30 70 F0 00 E0 0D C0 FC 7D 01 83 8B 27 D1 8D 01 0C 5D 1F 4F 86 DF E4 CF 27 79 21 31 61 F6 DF CF 03 95 02 8B 01 89 07 79 01 31 5F C0 00 
18:59:07 FD 00 00 10 28 39 00 00 00 00 02 61 DC 
18:59:07 FD 00 00 10 28 39 00 00 00 00 02 61 DC 
18:59:07 FD 00 00 10 28 32 06 72 0F C0 40 F6 54 
18:59:07 FE 00 34 42 11 F4 02 E0 06 C0 01 E0 04 C0 11 89 11 70 01 E0 01 27 0D C1 00 E0 FC 7D 01 02 87 08 95 5D 9B 6A CF 0C B9 01 E0 08 95 8A 93 80 2F 0D 3F 21 F0 0E 3F 11 F0 0C 3F 71 F4 00 91 B6 03 00 23 49 F4 0C EF 1B 08 00 
18:59:07 FD 00 00 10 28 59 00 00 00 00 02 5C 94 
18:59:07 FD 00 00 10 28 59 00 00 00 00 02 5C 94 
18:59:07 FD 00 00 10 28 54 06 72 10 00 40 18 F2 
18:59:07 FE 00 56 42 ED DF 00 23 11 F4 00 E0 0D C0 01 E0 00 93 B6 03 8F 77 08 2F E3 DF 00 23 B1 F3 5E 9A 00 E0 00 93 B6 03 01 E0 89 91 08 95 34 D2 AA E8 B2 E0 A4 D0 00 23 91 F4 08 E0 0A B9 92 9A 36 D8 A0 D0 00 E0 8E 12 00 
18:59:07 FD 00 00 10 28 79 00 00 00 00 02 B8 52 
18:59:07 FD 00 00 10 28 79 00 00 00 00 02 B8 52 
18:59:07 FD 00 00 10 28 76 06 72 10 40 40 09 F0 
18:59:07 FE 00 70 42 02 A3 06 89 07 79 01 31 8D 01 11 F4 0C 5D 01 C0 08 5D 1F 4F 00 87 11 87 05 89 01 30 51 F4 0D EF BD DF 00 23 11 F4 00 E0 79 C0 02 E0 96 D0 0D EF F9 D7 82 D0 02 30 71 F4 09 C0 80 85 91 85 77 D0 57 1A 00 
18:59:07 FD 00 00 10 28 19 00 00 00 00 02 85 1A 
18:59:07 FD 00 00 10 28 19 00 00 00 00 02 85 1A 
18:59:07 FD 00 00 10 28 10 06 72 10 80 40 3A F6 
18:59:07 FE 00 12 42 00 81 73 D0 81 F3 FC 7C 01 00 81 7E D0 02 A1 04 30 A0 F3 76 D0 05 89 03 30 29 F4 86 89 65 D0 19 F3 04 E0 78 D0 69 D0 04 30 99 F4 06 89 03 FC 7D 0C C0 05 E0 05 8B 10 C0 88 EF 9F E1 59 D0 04 91 55 D0 4A 3E 00 
18:59:07 FD 00 00 10 28 39 00 00 00 00 02 61 DC 
18:59:07 FD 00 00 10 28 39 00 00 00 00 02 61 DC 
18:59:07 FD 00 00 10 28 32 06 72 10 C0 40 2B F4 
18:59:07 FE 00 34 42 91 F2 FC 7C 01 04 91 60 D0 02 A1 08 30 A0 F3 58 D0 05 89 05 30 41 F4 43 D0 09 F4 80 E0 8E 5F 44 D0 11 F2 06 E0 57 D0 48 D0 06 30 C9 F4 38 D0 89 F4 80 E0 0F C0 10 E0 F8 01 EA 54 FC 7D 4F 90 81 09 2F 8B 5A 00 
18:59:08 FD 00 00 10 28 59 00 00 00 00 02 5C 94 
18:59:08 FD 00 00 10 28 59 00 00 00 00 02 5C 94 
18:59:08 FD 00 00 10 28 54 06 72 11 00 40 0A D4 
18:59:08 FE 00 56 42 34 D0 09 F4 B0 CF 09 2F AD D7 FC 7D 01 04 89 03 95 04 8B 04 89 08 17 70 F3 42 D0 41 D0 30 D0 05 89 07 30 41 F4 00 91 FF 00 20 D0 09 F4 9C CF 08 E0 34 D0 02 C0 08 30 41 F4 00 91 FC 7E 00 16 D0 09 F4 5F F8 00 
18:59:08 FD 00 00 10 28 79 00 00 00 00 02 B8 52 
18:59:08 FD 00 00 10 28 79 00 00 00 00 02 B8 52 
18:59:08 FD 00 00 10 28 76 06 72 11 40 40 1B D6 
18:59:08 FE 00 70 42 92 CF 09 E0 2A D0 02 C0 09 30 39 F4 5E 9B 8B CF 00 E1 0A B9 92 98 0A E0 05 8B 01 E0 48 C0 80 89 06 89 01 71 01 31 08 95 08 2F 3D DF D3 C0 10 E0 80 0F 91 1F FC 7C 01 08 95 FC 7D 01 05 89 08 95 FC 7D 01 C1 50 00 
18:59:08 FD 00 00 10 28 19 00 00 00 00 02 85 1A 
18:59:08 FD 00 00 10 28 19 00 00 00 00 02 85 1A 
18:59:08 FD 00 00 10 28 10 06 72 11 80 40 28 D0 
18:59:08 FE 00 12 42 05 89 03 95 05 8B 08 95 6D D7 FC 7D 01 02 A1 03 95 02 A3 08 95 02 D0 08 2F 65 C7 FC 7D 01 F3 CF 00 E0 61 C7 44 E0 98 01 02 EB 12 E0 86 CE 72 D1 AA E8 B2 E0 C3 D0 1C 91 12 95 10 7F 11 0F 0E 91 14 96 F8 DE 00 
18:59:08 FD 00 00 10 28 39 00 00 00 00 02 61 DC 
18:59:08 FD 00 00 10 28 39 00 00 00 00 02 61 DC 
18:59:08 FD 00 00 10 28 32 06 72 11 C0 40 39 D2 
18:59:08 FE 00 34 42 00 0F 01 2B 08 61 0C 93 56 97 13 D0 2C 5F 3F 4F 16 D0 29 F0 56 96 0C 91 00 68 0C 93 56 97 0C D0 31 F0 07 D0 28 5D 3F 4F 14 96 8D 01 65 DE E4 E0 60 C1 44 E0 9D 01 08 95 44 E0 29 EF 30 E0 8D 01 85 EC 00 
18:59:08 FD 00 00 10 28 59 00 00 00 00 02 5C 94 
18:59:08 FD 00 00 10 28 59 00 00 00 00 02 5C 94 
18:59:08 FD 00 00 10 28 54 06 72 12 00 40 3C BE 
18:59:08 FE 00 56 42 08 5D 1F 4F 43 DE 86 C0 44 D1 62 DE 03 30 11 F4 31 DE 7E C0 AA E8 B2 E0 50 96 1C 91 1A 96 2C 91 5A 97 22 23 81 F0 2A 95 D1 F0 2A 95 F1 F1 2A 95 09 F4 48 C0 2A 95 09 F4 4E C0 2A 95 99 F1 2A 95 7F 9C 00 
18:59:08 FD 00 00 10 28 79 00 00 00 00 02 B8 52 
18:59:08 FD 00 00 10 28 79 00 00 00 00 02 B8 52 
18:59:08 FD 00 00 10 28 76 06 72 12 40 40 2D BC 
18:59:08 FE 00 70 42 09 F4 4F C0 65 C0 01 30 11 F4 01 E0 5F C0 11 23 09 F4 5E C0 02 E0 64 D0 03 E0 0E 93 59 C0 5C D0 09 F0 56 C0 11 23 71 F0 5E D0 C9 DF 59 F4 03 E0 59 96 0C 93 9B DF 02 B7 0F 70 0C 59 0E 93 12 96 26 1A 00 
18:59:08 FD 00 00 10 28 19 00 00 00 00 02 85 1A 
18:59:08 FD 00 00 10 28 19 00 00 00 00 02 85 1A 
18:59:08 FD 00 00 10 28 10 06 72 12 80 40 1E BA 
18:59:08 FE 00 12 42 03 E0 0A C0 5A D0 0C 91 13 96 02 95 00 7F 00 0F 09 61 0C 93 14 96 05 E0 0C 93 5A 97 3A D0 C1 F1 00 E0 34 C0 36 D0 E1 F7 33 C0 01 30 71 F2 34 D0 79 F5 7C DF A1 DF 11 F4 04 E0 01 C0 03 E0 30 D0 BA F2 00 
18:59:08 FD 00 00 10 28 39 00 00 00 00 02 61 DC 
18:59:08 FD 00 00 10 28 39 00 00 00 00 02 61 DC 
18:59:08 FD 00 00 10 28 32 06 72 12 C0 40 0F B8 
18:59:08 FE 00 34 42 B3 DE 26 C0 26 D0 21 F1 06 E0 2A D0 12 97 02 B7 0F 70 0C 59 1C C0 1D D0 D9 F0 00 E0 21 D0 1A 97 16 C0 02 30 11 F4 24 D0 DB CF 01 30 11 F4 20 D0 AC CF 58 96 0C 91 58 97 00 23 51 F4 59 96 0C 91 31 62 00 
18:59:08 FD 00 00 10 28 59 00 00 00 00 02 5C 94 
18:59:08 FD 00 00 10 28 59 00 00 00 00 02 5C 94 
18:59:08 FD 00 00 10 28 54 06 72 13 00 40 2E 98 
18:59:08 FE 00 56 42 0A 95 0C 93 59 97 00 23 71 F3 02 E0 5A 96 0C 93 6E CF 8A DE 00 23 08 95 57 96 0C 91 57 97 FA CF 5A 96 0C 93 08 95 44 E0 9D 01 2C 5D 3F 4F 08 95 00 E0 50 96 0C 93 50 97 08 95 00 E0 54 96 0D 93 2A DA 00 
18:59:08 FD 00 00 10 28 79 00 00 00 00 02 B8 52 
18:59:08 FD 00 00 10 28 79 00 00 00 00 02 B8 52 
18:59:08 FD 00 00 10 28 76 06 72 13 40 40 3F 9A 
18:59:08 FE 00 70 42 0C 93 12 97 08 95 28 D0 0A B7 00 68 0A BF EA E8 F2 E0 01 E0 07 8B 02 B7 07 70 06 5F 03 A3 00 E0 02 BF 08 B7 01 60 08 BF 11 D0 18 95 15 D0 EA E8 F2 E0 03 A1 0A 95 03 A3 11 F4 00 E0 07 8B 00 8D 36 F4 00 
18:59:08 FD 00 00 10 28 19 00 00 00 00 02 85 1A 
18:59:08 FD 00 00 10 28 19 00 00 00 00 02 85 1A 
18:59:08 FD 00 00 10 28 10 06 72 13 80 40 0C 9C 
18:59:08 FE 00 12 42 00 23 19 F0 00 8D 0A 95 00 8F EE CF 1F BF 09 91 19 91 E9 91 F9 91 08 95 FA 93 EA 93 1A 93 0A 93 1F B7 08 95 00 00 88 95 FC 7E CF 0F EB 0D BF 00 E0 0E BF C0 EA D0 E0 88 D0 00 23 09 F0 95 D0 57 DB 4D A0 00 
18:59:08 FD 00 00 10 28 39 00 00 00 00 02 61 DC 
18:59:08 FD 00 00 10 28 39 00 00 00 00 02 61 DC 
18:59:08 FD 00 00 10 28 32 06 72 13 C0 40 1D 9E 
18:59:08 FE 00 34 42 F1 DF F0 CF 14 9F 10 2D 05 9F 10 0D 04 9F 00 2D 11 0D 08 95 4A 95 1A F0 00 0F 11 1F FB CF 08 95 75 91 65 91 55 91 45 91 15 90 11 FA 25 90 35 90 08 95 F9 DF 04 1B 10 E0 03 C0 F4 DF 04 1B 15 0B 53 A0 00 
18:59:08 FD 00 00 10 28 59 00 00 00 00 02 5C 94 
18:59:08 FD 00 00 10 28 59 00 00 00 00 02 5C 94 
18:59:08 FD 00 00 10 28 54 06 72 14 00 40 50 6A 
18:59:09 FE 00 56 42 20 E0 30 E0 05 C0 EC DF 04 1B 15 0B 26 0B 37 0B B8 F0 10 FC 7C 17 C0 45 91 05 90 E0 0F F1 1F 04 17 10 05 40 E0 24 07 34 07 58 F4 36 F4 04 91 00 24 F1 01 E0 1B F0 09 09 94 E0 0F F1 1F 25 90 35 90 B0 A2 00 
18:59:09 FD 00 00 10 28 79 00 00 00 00 02 B8 52 
18:59:09 FD 00 00 10 28 79 00 00 00 00 02 B8 52 
18:59:09 FD 00 00 10 28 76 06 72 14 40 40 41 68 
18:59:09 FE 00 70 42 F1 01 09 94 11 F4 D6 F7 F1 CF 31 96 0E F0 31 96 50 E0 60 E0 70 E0 45 91 4B 3F 48 F0 89 F3 4F 3F 29 F0 4E 3F 11 F0 75 91 65 91 55 91 45 91 04 1B 15 0B 26 0B 37 0B 39 F3 18 F3 E7 CF EA 92 DA 92 5F 22 00 
18:59:09 FD 00 00 10 28 19 00 00 00 00 02 85 1A 
18:59:09 FD 00 00 10 28 19 00 00 00 00 02 85 1A 
18:59:09 FD 00 00 10 28 10 06 72 14 80 40 72 6E 
18:59:09 FE 00 12 42 CA 92 BA 92 AA 92 9A 92 8A 92 7A 92 6A 92 5A 92 4A 92 BA 93 AA 93 9A 93 8A 93 08 95 EE 84 DD 84 CC 84 BB 84 AA 84 99 84 88 84 7F 80 6E 80 5D 80 4C 80 BB 81 AA 81 99 81 88 81 F0 E0 0F B6 F8 94 ED D0 00 
18:59:09 FD 00 00 10 28 39 00 00 00 00 02 61 DC 
18:59:09 FD 00 00 10 28 39 00 00 00 00 02 61 DC 
18:59:09 FD 00 00 10 28 32 06 72 14 C0 40 63 6C 
18:59:09 FE 00 34 42 CE 0F DF 1F 0F BE 08 95 01 E0 08 95 20 E0 06 D0 E9 F7 08 95 25 91 02 D0 E9 F7 08 95 2D 93 01 50 10 40 20 2F 21 2B 08 95 88 E5 90 E0 FC 7C 01 05 91 14 91 FC 7C 01 32 96 A5 91 B4 91 FC 7C 01 34 96 25 91 5B 10 00 
18:59:09 FD 00 00 10 28 59 00 00 00 00 02 5C 94 
18:59:09 FD 00 00 10 28 59 00 00 00 00 02 5C 94 
18:59:09 FD 00 00 10 28 54 06 72 15 00 40 42 4C 
18:59:09 FE 00 56 42 34 91 42 2F 43 2B 19 F0 F9 01 E4 DF 01 C0 DE DF 06 96 10 E0 84 36 91 07 48 F3 08 95 00 00 00 00 00 00 00 00 00 00 00 00 00 00 00 00 00 00 00 FF 01 02 FF FF FF FF 00 00 00 00 01 00 00 00 00 0C 0D 50 00 
18:59:09 FD 00 00 10 28 79 00 00 00 00 02 B8 52 
18:59:09 FD 00 00 10 28 79 00 00 00 00 02 B8 52 
18:59:09 FD 00 00 10 28 76 06 72 15 40 40 53 4E 
18:59:09 FE 00 70 42 00 00 00 00 00 00 00 00 00 00 00 00 00 04 04 00 00 00 00 00 00 FF FF FF FF 00 FF FF FF FF FF FF FF FF FF FF FF FF FF FF FF FF FF FF FF FF FF FF FF FF FF FF FF FF FF FF FF FF FF FF FF FF FF FF 1A 36 00 
18:59:09 FD 00 00 10 28 19 00 00 00 00 02 85 1A 
18:59:09 FD 00 00 10 28 19 00 00 00 00 02 85 1A 
18:59:09 FD 00 00 10 28 10 06 72 15 80 40 60 48 
18:59:09 FE 00 12 42 FF FF FF FF FF FF FF FF FF FF FF FF FF FF FF FF FF FF FF FF FF FF FF FF FF FF FF FF FF FF FF FF FF FF FF FF FF FF FF FF FF FF FF FF FF FF FF FF FF FF FF FF FF FF FF FF FF FF FF FF FF FF FF FF 0A 10 00 
18:59:09 FD 00 00 10 28 39 00 00 00 00 02 61 DC 
18:59:09 FD 00 00 10 28 39 00 00 00 00 02 61 DC 
18:59:09 FD 00 00 10 28 32 06 72 15 C0 40 71 4A 
18:59:09 FE 00 34 42 FF FF FF FF FF FF FF FF FF FF FF FF FF FF FF FF FF FF FF FF FF FF FF FF FF FF FF FF FF FF FF FF FF FF FF FF FF FF FF FF FF FF FF FF FF FF FF FF FF FF FF FF FF FF FF FF FF FF FF FF FF FF FF FF 5E 40 00 
18:59:09 FD 00 00 10 28 59 00 00 00 00 02 5C 94 
18:59:09 FD 00 00 10 28 59 00 00 00 00 02 5C 94 
18:59:09 FD 00 00 10 28 54 06 72 16 00 40 74 26 
18:59:09 FE 00 56 42 FF FF FF FF FF FF FF FF FF FF FF FF FF FF FF FF FF FF FF FF FF FF FF FF FF FF FF FF FF FF FF FF FF FF FF FF FF FF FF FF FF FF FF FF FF FF FF FF FF FF FF FF FF FF FF FF FF FF FF FF FF FF FF FF 90 CC 00 
18:59:09 FD 00 00 10 28 79 00 00 00 00 02 B8 52 
18:59:09 FD 00 00 10 28 79 00 00 00 00 02 B8 52 
18:59:09 FD 00 00 10 28 76 06 72 16 40 40 65 24 
18:59:09 FE 00 70 42 FF FF FF FF FF FF FF FF FF FF FF FF FF FF FF FF FF FF FF FF FF FF FF FF FF FF FF FF FF FF FF FF FF FF FF FF FF FF FF FF FF FF FF FF FF FF FF FF FF FF FF FF FF FF FF FF FF FF FF FF FF FF FF FF C4 9C 00 
18:59:09 FD 00 00 10 28 19 00 00 00 00 02 85 1A 
18:59:09 FD 00 00 10 28 19 00 00 00 00 02 85 1A 
18:59:09 FD 00 00 10 28 10 06 72 16 80 40 56 22 
18:59:09 FE 00 12 42 FF FF FF FF FF FF FF FF FF FF FF FF FF FF FF FF FF FF FF FF FF FF FF FF FF FF FF FF FF FF FF FF FF FF FF FF FF FF FF FF FF FF FF FF FF FF FF FF FF FF FF FF FF FF FF FF FF FF FF FF FF FF FF FF 0A 10 00 
18:59:09 FD 00 00 10 28 39 00 00 00 00 02 61 DC 
18:59:09 FD 00 00 10 28 39 00 00 00 00 02 61 DC 
18:59:09 FD 00 00 10 28 32 06 72 16 C0 40 47 20 
18:59:09 FE 00 34 42 FF FF FF FF FF FF FF FF FF FF FF FF FF FF FF FF FF FF FF FF FF FF FF FF FF FF FF FF FF FF FF FF FF FF FF FF FF FF FF FF FF FF FF FF FF FF FF FF FF FF FF FF FF FF FF FF FF FF FF FF FF FF FF FF 5E 40 00 
18:59:09 FD 00 00 10 28 59 00 00 00 00 02 5C 94 
18:59:09 FD 00 00 10 28 59 00 00 00 00 02 5C 94 
18:59:09 FD 00 00 10 28 54 06 72 17 00 40 66 00 
18:59:09 FE 00 56 42 FF FF FF FF FF FF FF FF FF FF FF FF FF FF FF FF FF FF FF FF FF FF FF FF FF FF FF FF FF FF FF FF FF FF FF FF FF FF FF FF FF FF FF FF FF FF FF FF FF FF FF FF FF FF FF FF FF FF FF FF FF FF FF FF 90 CC 00 
18:59:10 FD 00 00 10 28 79 00 00 00 00 02 B8 52 
18:59:10 FD 00 00 10 28 79 00 00 00 00 02 B8 52 
18:59:10 FD 00 00 10 28 76 06 72 17 40 40 77 02 
18:59:10 FE 00 70 42 FF FF FF FF FF FF FF FF FF FF FF FF FF FF FF FF FF FF FF FF FF FF FF FF FF FF FF FF FF FF FF FF FF FF FF FF FF FF FF FF FF FF FF FF FF FF FF FF FF FF FF FF FF FF FF FF FF FF FF FF FF FF FF FF C4 9C 00 
18:59:10 FD 00 00 10 28 19 00 00 00 00 02 85 1A 
18:59:10 FD 00 00 10 28 19 00 00 00 00 02 85 1A 
18:59:10 FD 00 00 10 28 10 06 72 17 80 40 44 04 
18:59:10 FE 00 12 42 FF FF FF FF FF FF FF FF FF FF FF FF FF FF FF FF FF FF FF FF FF FF FF FF FF FF FF FF FF FF FF FF FF FF FF FF FF FF FF FF FF FF FF FF FF FF FF FF FF FF FF FF FF FF FF FF FF FF FF FF FF FF FF FF 0A 10 00 
18:59:10 FD 00 00 10 28 39 00 00 00 00 02 61 DC 
18:59:10 FD 00 00 10 28 39 00 00 00 00 02 61 DC 
18:59:10 FD 00 00 10 28 32 06 72 17 C0 40 55 06 
18:59:10 FE 00 34 42 FF FF FF FF FF FF FF FF FF FF FF FF FF FF FF FF FF FF FF FF FF FF FF FF FF FF FF FF FF FF FF FF FF FF FF FF FF FF FF FF FF FF FF FF FF FF FF FF FF FF FF FF FF FF FF FF FF FF FF FF FF FF FF FF 5E 40 00 
18:59:10 FD 00 00 10 28 59 00 00 00 00 02 5C 94 
18:59:10 FD 00 00 10 28 59 00 00 00 00 02 5C 94 
18:59:10 FD FF FF FF FF D4 04 67 00 BE A2 
18:59:10 FE 00 51 02 11 5C 
18:59:10 FD FF FF FF FF D6 04 67 00 92 EE 
18:59:10 FE 00 71 02 75 18 
18:59:10 FD FF FF FF FF D0 04 67 00 E6 3A 
18:59:10 FE 00 11 02 D9 D4 
18:59:10 FD FF FF FF FF D2 04 67 00 CA 76 
18:59:10 FE 00 31 02 BD 90 
18:59:10 FD FF FF FF FF D4 04 67 00 BE A2 
18:59:10 FE 00 51 02 11 5C 
18:59:10 FD FF FF FF FF D6 04 67 00 92 EE 
18:59:10 FE 00 71 02 75 18 
18:59:10 FD FF FF FF FF D0 04 67 00 E6 3A 
18:59:10 FE 00 11 02 D9 D4 
18:59:10 FD FF FF FF FF D2 04 67 00 CA 76 
18:59:11 FE 00 31 02 BD 90 
18:59:11 FD FF FF FF FF D4 04 67 00 BE A2 
18:59:11 FE 00 51 02 11 5C 
18:59:11 FD FF FF FF FF D6 04 67 00 92 EE 
18:59:12 FE 00 71 02 75 18 
