07:41:35 FD FF FF FF FF 90 04 75 00 29 D6 
07:41:36 FD FF FF FF FF 90 04 75 00 29 D6 
07:41:36 FD FF FF FF FF 90 04 75 00 29 D6 
07:41:36 FD FF FF FF FF 90 04 75 00 29 D6 
07:41:36 FD FF FF FF FF 90 04 75 00 29 D6 
07:41:36 FD FF FF FF FF 90 04 75 00 29 D6 
07:41:37 FD FF FF FF FF 90 04 75 00 29 D6 
07:41:37 FD FF FF FF FF 90 04 75 00 29 D6 
07:41:37 FD FF FF FF FF 90 04 75 00 29 D6 
07:41:37 FD 00 00 10 28 90 03 70 54 1C 
07:41:37 FE 00 12 04 00 40 7F 0E 00 
07:41:37 FD 00 00 10 28 90 03 70 54 1C 
07:41:37 FE 00 12 04 00 40 7F 0E 00 
07:41:37 FD 00 00 10 28 90 03 70 54 1C 
07:41:37 FE 00 12 04 00 40 7F 0E 00 
07:41:37 FD 00 00 10 28 90 03 70 54 1C 
07:41:37 FE 00 12 04 00 40 7F 0E 00 
07:41:37 FD 00 00 10 28 90 03 70 54 1C 
07:41:37 FE 00 12 04 00 40 7F 0E 00 
07:41:37 FD 00 00 10 28 90 03 70 54 1C 
07:41:37 FE 00 12 04 00 40 7F 0E 00 
07:41:37 FD 00 00 10 28 90 03 70 54 1C 
07:41:37 FE 00 12 04 00 40 7F 0E 00 
07:41:37 FD 00 00 10 28 90 03 70 54 1C 
07:41:37 FE 00 12 04 00 40 7F 0E 00 
07:41:37 FD 00 00 10 28 90 03 70 54 1C 
07:41:37 FE 00 12 04 00 40 7F 0E 00 
07:41:37 FD 00 00 10 28 90 03 70 54 1C 
07:41:37 FE 00 12 04 00 40 7F 0E 00 
07:41:37 FD 00 00 10 28 90 03 70 54 1C 
07:41:37 FE 00 12 04 00 40 7F 0E 00 
07:41:37 FD 00 00 10 28 90 03 70 54 1C 
07:41:37 FE 00 12 04 00 40 7F 0E 00 
07:41:37 FD 00 00 10 28 90 03 70 54 1C 
07:41:37 FE 00 12 04 00 40 7F 0E 00 
07:41:37 FD 00 00 10 28 90 03 70 54 1C 
07:41:37 FE 00 12 04 00 40 7F 0E 00 
07:41:37 FD 00 00 10 28 90 03 70 54 1C 
07:41:37 FE 00 12 04 00 40 7F 0E 00 
07:41:37 FD 00 00 10 28 90 03 70 54 1C 
07:41:37 FE 00 12 04 00 40 7F 0E 00 
07:41:37 FD 00 00 10 28 90 03 70 54 1C 
07:41:37 FE 00 12 04 00 40 7F 0E 00 
07:41:37 FD 00 00 10 28 90 03 70 54 1C 
07:41:37 FE 00 12 04 00 40 7F 0E 00 
07:41:37 FD 00 00 10 28 90 03 70 54 1C 
07:41:37 FE 00 12 04 00 40 7F 0E 00 
07:41:37 FD 00 00 10 28 90 03 70 54 1C 
07:41:37 FE 00 12 04 00 40 7F 0E 00 
07:41:37 FD 00 00 10 28 90 03 70 54 1C 
07:41:37 FE 00 12 04 00 40 7F 0E 00 
07:41:38 FD 00 00 10 28 90 03 70 54 1C 
07:41:38 FE 00 12 04 00 40 7F 0E 00 
07:41:38 FD 00 00 10 28 90 03 70 54 1C 
07:41:38 FE 00 12 04 00 40 7F 0E 00 
07:41:38 FD 00 00 10 28 90 03 70 54 1C 
07:41:38 FE 00 12 04 00 40 7F 0E 00 
07:41:38 FD 00 00 10 28 90 03 70 54 1C 
07:41:38 FE 00 12 04 00 40 7F 0E 00 
07:41:38 FD 00 00 10 28 90 03 70 54 1C 
07:41:38 FE 00 12 04 00 40 7F 0E 00 
07:41:38 FD 00 00 10 28 90 03 70 54 1C 
07:41:38 FE 00 12 04 00 40 7F 0E 00 
07:41:38 FD 00 00 10 28 90 03 70 54 1C 
07:41:38 FE 00 12 04 00 40 7F 0E 00 
07:41:38 FD 00 00 10 28 90 03 70 54 1C 
07:41:38 FE 00 12 04 00 40 7F 0E 00 
07:41:38 FD 00 00 10 28 90 03 70 54 1C 
07:41:38 FE 00 12 04 00 40 7F 0E 00 
07:41:38 FD 00 00 10 28 90 03 70 54 1C 
07:41:38 FE 00 12 04 00 40 7F 0E 00 
07:41:38 FD 00 00 10 28 90 03 70 54 1C 
07:41:38 FE 00 12 04 00 40 7F 0E 00 
07:41:38 FD 00 00 10 28 90 03 70 54 1C 
07:41:38 FE 00 12 04 00 40 7F 0E 00 
07:41:38 FD 00 00 10 28 90 03 70 54 1C 
07:41:38 FE 00 12 04 00 40 7F 0E 00 
07:41:38 FD 00 00 10 28 90 03 70 54 1C 
07:41:38 FE 00 12 04 00 40 7F 0E 00 
07:41:38 FD 00 00 10 28 90 03 70 54 1C 
07:41:38 FE 00 12 04 00 40 7F 0E 00 
07:41:38 FD 00 00 10 28 90 03 70 54 1C 
07:41:38 FE 00 12 04 00 40 7F 0E 00 
07:41:38 FD 00 00 10 28 90 03 70 54 1C 
07:41:38 FE 00 12 04 00 40 7F 0E 00 
07:41:38 FD 00 00 10 28 90 03 70 54 1C 
07:41:38 FE 00 12 04 00 40 7F 0E 00 
07:41:38 FD 00 00 10 28 90 03 70 54 1C 
07:41:38 FE 00 12 04 00 40 7F 0E 00 
07:41:38 FD 00 00 10 28 90 03 70 54 1C 
07:41:38 FE 00 12 04 00 40 7F 0E 00 
07:41:38 FD 00 00 10 28 90 03 70 54 1C 
07:41:38 FE 00 12 04 00 40 7F 0E 00 
07:41:38 FD 00 00 10 28 90 03 70 54 1C 
07:41:38 FE 00 12 04 00 40 7F 0E 00 
07:41:38 FD 00 00 10 28 90 03 70 54 1C 
07:41:38 FE 00 12 04 00 40 7F 0E 00 
07:41:38 FD 00 00 10 28 90 03 70 54 1C 
07:41:38 FE 00 12 04 00 40 7F 0E 00 
07:41:38 FD FF FF FF FF D0 06 67 00 00 58 AD 86 
07:41:38 FD FF FF FF FF D0 06 67 00 00 58 AD 86 
07:41:39 FD FF FF FF FF D0 06 67 00 00 58 AD 86 
07:41:39 FD FF FF FF FF D0 06 67 00 00 58 AD 86 
07:41:39 FD FF FF FF FF D0 06 67 00 00 58 AD 86 
07:41:39 FD FF FF FF FF D0 06 67 00 00 58 AD 86 
07:41:39 FD FF FF FF FF D0 06 67 00 00 58 AD 86 
07:41:40 FD FF FF FF FF D0 06 67 00 00 58 AD 86 
07:41:41 FD FF FF FF FF D0 06 67 00 00 58 AD 86 
