22:19:01 FD FF FF FF FF 94 04 75 00 71 4E 
22:19:01 FD FF FF FF FF 94 04 75 00 71 4E 
22:19:01 FD FF FF FF FF 94 04 75 00 71 4E 
22:19:02 FD FF FF FF FF 94 04 75 00 71 4E 
22:19:02 FD FF FF FF FF 94 04 75 00 71 4E 
22:19:02 FD FF FF FF FF 94 04 75 00 71 4E 
22:19:02 FD FF FF FF FF 94 04 75 00 71 4E 
22:19:02 FD FF FF FF FF 94 04 75 00 71 4E 
22:19:03 FD FF FF FF FF 94 04 75 00 71 4E 
22:19:03 FD 00 00 10 28 94 03 70 1C 84 
22:19:03 FE 00 52 04 00 40 A6 84 00 3F 3F 
22:19:03 FE 00 51 04 00 40 9C EE 
22:19:03 FD 00 00 10 28 94 03 70 1C 84 CD 00 52 04 3F 3F 3F 3F 00 40 A6 84 8C 3F 3F F4 
22:19:03 FE 00 51 04 00 40 9C EE 
22:19:03 FD 00 00 10 28 94 03 70 1C 84 
22:19:03 FE 00 52 04 00 40 A6 84 00 3F 3F 
22:19:03 FE 00 51 04 00 40 9C EE 
22:19:03 FD 00 00 10 28 94 03 70 1C 84 CD 3F 3F 3F 3F 00 52 04 00 40 A6 84 C7 3F 3F 42 
22:19:03 FE 00 51 04 00 40 9C EE 
22:19:03 FD 00 00 10 28 94 03 70 1C 84 
22:19:03 FE 00 52 04 00 40 A6 84 00 3F 3F 
22:19:03 FE 00 51 04 00 40 9C EE 
22:19:03 FD 00 00 10 28 94 03 70 1C 84 
22:19:03 FE 00 52 04 00 40 A6 84 00 3F 3F 
22:19:03 FD 00 00 10 28 3F 3F 3F 3F FF 3F 3F 00 51 04 00 40 9C EE 
22:19:03 FD 00 00 10 28 94 03 70 1C 84 
22:19:03 FE 00 52 04 00 40 A6 84 00 3F 3F 
22:19:03 FE 00 51 04 00 40 9C EE 
22:19:03 FD 00 00 10 28 94 03 70 1C 84 CD 00 52 04 3F 3F 3F 3F 00 40 A6 84 C7 3F 3F 42 
22:19:03 FE 00 51 04 00 40 9C EE 
22:19:03 FD 00 00 10 28 94 03 70 1C 84 
22:19:03 FE 00 52 04 00 40 A6 84 00 3F 3F 
22:19:03 FE 00 51 04 00 40 9C EE 
22:19:03 FD 00 00 10 28 94 03 70 1C 84 
22:19:03 FE 00 52 04 00 40 A6 84 00 
22:19:03 FD 00 00 10 28 94 03 70 1C 84 
22:19:03 FE 00 52 04 00 40 A6 84 00 
22:19:03 FD 00 00 10 28 94 03 70 1C 84 CD 00 52 04 00 40 A6 84 00 3F 3F 
22:19:03 FE 00 51 04 00 40 9C EE 70 1C 84 
22:19:03 FD 00 00 10 28 94 03 70 1C 84 
22:19:03 FE 00 52 04 00 40 A6 84 00 3F 3F 
22:19:03 FE 00 51 04 00 40 9C EE 
22:19:03 FD 00 00 10 28 94 03 70 3F 3F 3F 3F 1C 84 CD 00 52 04 00 40 A6 84 8C 3F 3F F4 
22:19:03 FE 00 51 04 00 40 9C EE 
22:19:03 FD 00 00 10 28 94 03 70 1C 84 
22:19:03 FE 00 52 04 00 40 A6 84 00 3F 3F 
22:19:03 FE 00 51 04 00 40 9C EE 
22:19:03 FD 00 00 10 28 94 03 70 1C 84 
22:19:03 FE 00 52 04 00 40 A6 84 00 
22:19:03 FD 00 00 10 28 94 03 70 1C 84 
22:19:03 FE 00 52 04 00 40 A6 84 00 
22:19:03 FD 00 00 10 28 94 03 70 1C 84 
22:19:03 FE 00 52 04 00 40 A6 84 00 3F 3F 
22:19:03 FE 00 51 04 00 40 9C EE 
22:19:03 FD 00 00 10 28 94 03 70 1C 84 
22:19:03 FE 00 52 04 00 40 A6 84 00 3F 3F 
22:19:03 FE 00 51 04 00 40 9C EE 
22:19:03 FD 00 00 10 28 94 03 70 1C 84 CD 00 52 04 00 40 A6 3F 3F 3F 3F 84 C7 3F 3F 42 
22:19:03 FE 00 51 04 00 40 9C EE 3F 3F 3F 3F 
22:19:03 FD 00 00 10 28 94 03 70 1C 84 CD 00 52 04 00 40 A6 84 8C 3F 3F F4 
22:19:03 FE 00 51 04 00 40 9C EE 
22:19:03 FD 00 00 10 28 94 03 70 1C 84 
22:19:03 FE 00 52 04 00 40 A6 84 00 3F 3F 
22:19:03 FE 00 51 04 00 40 9C EE 
22:19:03 FD 00 00 10 28 94 03 70 1C 84 9D 00 52 04 00 40 A6 3F 3F 3F 3F 84 8C 3F 3F F4 
22:19:03 FE 00 51 04 00 40 9C EE 
22:19:03 FD 00 00 10 28 94 03 70 84 
22:19:03 FD 00 00 10 28 94 03 70 1C 84 
22:19:03 FE 00 52 04 00 40 A6 84 00 3F 3F 
22:19:03 FE 00 51 04 00 40 9C EE 
22:19:03 FD 00 00 10 28 94 03 70 1C 3F 3F 3F 3F 84 CD 00 52 04 00 40 A6 84 C7 3F 3F 42 
22:19:03 FE 00 51 04 00 40 9C EE 
22:19:03 FD 00 00 10 28 94 03 70 1C 84 
22:19:03 FE 00 52 04 00 40 A6 84 00 3F 3F 
22:19:03 FE 00 51 04 00 40 9C EE 
22:19:03 FD 00 00 10 28 94 03 70 1C 84 CD 3F 3F 3F 3F 00 52 04 00 40 A6 84 8C 3F 3F F4 
22:19:03 FE 00 51 04 00 40 9C EE 
22:19:04 FD 00 00 10 28 94 03 70 1C 84 
22:19:04 FE 00 52 04 00 40 A6 84 00 3F 3F 
22:19:04 FE 00 51 04 00 40 9C EE 
22:19:04 FD 00 00 10 28 94 03 70 1C 84 CD 3F 3F 3F 3F 00 52 04 00 40 A6 84 C7 3F 3F 42 
22:19:04 FE 00 51 04 00 40 9C EE 
22:19:04 FD 00 00 10 28 94 03 70 1C 84 
22:19:04 FE 00 52 04 00 40 A6 84 00 3F 3F 
22:19:04 FE 00 51 04 00 40 9C EE 
22:19:04 FD 00 00 10 28 94 03 70 1C 84 CD 3F 3F 3F 3F 00 52 04 00 40 A6 84 8C 3F 3F F4 
22:19:04 FE 00 51 04 00 40 9C EE 
22:19:04 FD FF FF FF FF D0 06 67 00 00 E8 1C F0 
22:19:04 FE 00 11 02 D9 D4 
22:19:04 FD FF FF FF FF D0 06 67 00 00 E8 1C F0 
22:19:04 FE 00 11 02 D9 D4 
22:19:04 FD FF FF FF FF D0 06 67 00 00 E8 1C F0 
22:19:04 FE 00 11 02 D9 D4 
22:19:04 FD FF FF FF FF D0 06 67 00 00 E8 1C F0 
22:19:04 FE 00 11 02 D9 D4 
22:19:04 FD FF FF FF FF D0 06 67 00 00 E8 1C F0 
22:19:04 FE 00 11 02 D9 D4 
22:19:04 FD FF FF FF FF D0 06 67 00 00 E8 1C F0 
22:19:04 FE 00 11 02 D9 D4 
22:19:04 FD FF FF FF FF D0 06 67 00 00 E8 1C F0 
22:19:04 FE 00 11 02 D9 D4 
22:19:04 FD FF FF FF FF D0 06 67 00 00 E8 1C F0 
22:19:04 FE 00 11 02 D9 D4 
22:19:04 FD FF FF FF FF D0 06 67 00 00 E8 1C F0 
22:19:05 FE 00 11 02 D9 D4 
