10:22:56 FD FF FF FF FF 94 04 75 00 71 4E 
10:22:56 FD FF FF FF FF 94 04 75 00 71 4E 
10:22:56 FD FF FF FF FF 94 04 75 00 71 4E 
10:22:56 FD FF FF FF FF 94 04 75 00 71 4E 
10:22:56 FD FF FF FF FF 94 04 75 00 71 4E 
10:22:56 FD FF FF FF FF 94 04 75 00 71 4E 
10:22:56 FD FF FF FF FF 94 04 75 00 71 4E 
10:22:56 FD FF FF FF FF 94 04 75 00 71 4E 
10:22:56 FD FF FF FF FF 94 04 75 00 71 4E 
10:22:56 FD FF FF FF FF 94 04 75 00 71 4E 
10:22:56 FD 00 00 10 28 94 03 70 1C 84 
10:22:56 FE 00 52 04 00 40 A6 84 00 
10:22:56 FD 08 98 FB 28 39 00 7E 38 40 02 27 D6 
10:22:56 FD 00 00 10 28 39 00 00 00 00 02 61 DC 
10:22:56 FD 00 00 10 28 39 00 00 00 00 02 61 DC 
10:22:56 FD 00 00 10 28 B6 46 77 00 00 40 2D CA 18 95 F9 C9 84 C0 18 95 18 95 18 95 18 95 18 95 05 CA 18 95 18 95 18 95 18 95 18 95 18 95 18 95 18 95 18 95 21 01 A6 05 11 06 22 1F 06 08 7E 06 07 21 06 01 5A 06 04 37 06 03 0E 06 09 78 57 54 
10:22:56 FE 00 71 02 75 18 00 
10:22:56 FD 00 00 10 28 30 46 77 00 40 40 06 05 48 06 03 7E 06 06 72 06 02 54 06 02 03 06 01 4C 06 04 0A 06 FB 00 AE 02 22 01 00 00 52 00 D0 00 CE 15 18 E0 E2 E2 F1 E0 21 81 27 FF 02 C0 21 E0 01 C0 20 E0 32 2F 40 81 51 81 44 0F 55 1F B1 40 
10:22:56 FE 00 11 02 D9 D4 00 
10:22:56 FD 00 00 10 28 30 46 77 00 40 40 06 05 48 06 03 7E 06 06 72 06 02 54 06 02 03 06 01 4C 06 04 0A 06 FB 00 AE 02 22 01 00 00 52 00 D0 00 CE 15 18 E0 E2 E2 F1 E0 21 81 27 FF 02 C0 21 E0 01 C0 20 E0 32 2F 40 81 51 81 44 0F 55 1F B1 40 
10:22:56 FE 00 11 02 D9 D4 00 
10:22:56 FD 00 00 10 28 30 46 77 00 40 40 06 05 48 06 03 7E 06 06 72 06 02 54 06 02 03 06 01 4C 06 04 0A 06 FB 00 AE 02 22 01 00 00 52 00 D0 00 CE 15 18 E0 E2 E2 F1 E0 21 81 27 FF 02 C0 21 E0 01 C0 20 E0 32 2F 40 81 51 81 44 0F 55 1F B1 40 
10:22:56 FE 00 11 02 D9 D4 00 
10:22:56 FD 00 00 10 28 32 56 77 00 80 40 40 83 51 83 07 FB 1E F4 24 2F 21 60 20 83 00 0F 33 23 39 F0 22 E0 30 E1 40 81 42 27 53 27 40 83 FF FF FF FF FF FF FF FF FF FF FF FF FF FF FF FF FF FF FF FF FF FF FF FF FF FF FF FF FF FF FF FF 00 00 00 00 00 00 00 00 00 00 00 10 EF 09 BD 00 C2 4A 
10:22:56 FE 00 31 02 BD 90 00 
10:22:56 FD 00 00 10 28 34 56 77 15 F0 40 FF 00 00 00 00 FF FF FF FF 00 00 00 00 01 00 00 00 00 0C 00 00 00 00 00 00 04 04 00 00 00 00 00 00 00 00 00 00 00 00 00 00 00 00 FF FF FF FF 00 FF FF FF FF FF FF FF FF FF FF FF FF FF FF FF FF 00 00 00 00 00 00 00 00 00 00 00 10 EF 09 BD 00 EE DA 
10:22:57 FE 00 51 02 11 5C 00 
