21:06:41 FD FF FF FF FF 94 04 75 00 71 4E 
21:06:41 FD FF FF FF FF 94 04 75 00 71 4E 
21:06:41 FD FF FF FF FF 94 04 75 00 71 4E 
21:06:41 FD FF FF FF FF 94 04 75 00 71 4E 
21:06:41 FD FF FF FF FF 94 04 75 00 71 4E 
21:06:41 FD FF FF FF FF 94 04 75 00 71 4E 
21:06:41 FD FF FF FF FF 94 04 75 00 71 4E 
21:06:41 FD FF FF FF FF 94 04 75 00 71 4E 
21:06:41 FD FF FF FF FF 94 04 75 00 71 4E 
21:06:41 FD FF FF FF FF 94 04 75 00 71 4E 
21:06:41 FD 00 00 00 00 94 03 70 7B 9A 
21:06:41 FE 00 52 04 00 40 A6 84 
21:06:41 FD 08 D8 F9 28 39 00 BF 37 40 02 3E C2 
21:06:41 FD 00 00 00 00 39 00 00 00 00 02 7D 9C 
21:06:41 FD 00 00 00 00 39 00 00 00 00 02 7D 9C 
21:06:41 FD 00 00 00 00 B6 46 77 00 00 40 12 C0 2C C0 2B C0 2A C0 29 C0 28 C0 53 C3 26 C0 25 C0 24 C0 23 C0 53 C2 7E C2 20 C0 1F C0 1E C0 1D C0 1C C0 1B C0 11 24 1F BE CF E5 D4 E0 DE BF CD BF 10 E0 A0 E6 B0 E0 EE E0 F7 E0 02 C0 05 90 B6 D2 
21:06:41 FE 00 71 02 75 18 
21:06:41 FD 00 00 00 00 30 46 77 00 40 40 0D 92 A8 38 B1 07 D9 F7 11 E0 A8 E8 B0 E0 01 C0 1D 92 A2 3E B1 07 E1 F7 1E D1 57 C3 D1 CF 8F EF 9F EF 90 93 D9 00 80 93 D8 00 08 95 40 91 D8 00 50 91 D9 00 90 E0 62 E0 70 E1 07 C0 57 FC 7D 0D C0 57 B4 
21:06:41 FE 00 11 02 D9 D4 
21:06:41 FD 00 00 00 00 30 46 77 00 80 40 A9 01 9F 5F 98 30 79 F0 88 0F 9A 01 22 0F 33 1F 87 FF F4 CF 21 60 57 FF F3 CF A9 01 46 27 57 27 9F 5F 98 30 89 F7 50 93 D9 00 40 93 D8 00 08 95 81 30 41 F0 C0 9A 61 30 41 F0 C5 9A 41 30 41 F0 F2 3E 
21:06:41 FE 00 11 02 D9 D4 
21:06:41 FD 00 00 00 00 30 46 77 00 C0 40 C2 9A 08 95 C0 98 61 30 C1 F7 C5 98 41 30 C1 F7 C2 98 08 95 88 23 99 F0 81 30 B1 F0 82 30 F1 F0 83 30 09 F1 84 30 A9 F0 85 30 61 F1 86 30 79 F1 87 30 91 F1 88 30 E1 F0 89 30 F9 F0 08 95 A8 98 F1 B4 
21:06:41 FE 00 11 02 D9 D4 
21:06:41 FD 00 00 00 00 30 46 77 01 00 40 A9 98 AA 98 AB 98 08 95 A8 9A A9 98 AA 98 AB 98 08 95 A8 98 A9 98 AA 9A AB 98 08 95 A8 98 A9 9A AA 98 AB 98 08 95 A8 9A A9 9A AA 98 AB 98 08 95 A8 98 A9 98 AA 98 AB 9A 08 95 A8 9A A9 98 AA 98 C7 AE 
21:06:41 FE 00 11 02 D9 D4 
21:06:41 FD 00 00 00 00 30 46 77 01 40 40 AB 9A 08 95 A8 9A A9 98 AA 9A AB 98 08 95 A8 98 A9 9A AA 9A AB 98 08 95 A8 9A A9 9A AA 9A AB 98 08 95 DC 01 FB 01 9B 01 2C 5F 3F 4F 13 96 8C 91 13 97 81 93 11 97 E2 17 F3 07 C1 F7 08 95 23 D2 8D 80 
21:06:41 FE 00 11 02 D9 D4 
21:06:41 FD 00 00 00 00 30 46 77 01 80 40 08 95 1F 93 18 2F 8C 5F 83 30 18 F4 8C EF 1B D2 1F 77 81 2F 18 D2 1F 91 08 95 0F 93 1F 93 CF 93 DF 93 8C 01 80 E0 9D E7 01 97 F1 F7 92 9A 82 E5 80 93 DA 01 10 92 DA 00 8F EF 9F EF 90 93 D9 00 FC 7C 1E 
21:06:41 FE 00 11 02 D9 D4 
21:06:42 FD 00 00 00 00 30 46 77 01 C0 40 80 93 D8 00 8E EF FF D1 8E EF 50 DF 80 E0 FB D1 80 E0 4C DF 80 91 DA 01 D4 DF 80 91 DA 01 46 DF 02 30 11 05 B1 F1 80 91 DA 00 8E 5F CA DF 80 91 DA 00 8E 5F 3B DF 80 91 DA 00 88 23 91 F0 0B ED AF D4 
21:06:42 FE 00 11 02 D9 D4 
21:06:42 FD 00 00 00 00 30 46 77 02 00 40 10 E0 C0 E0 D0 E0 F8 01 80 81 BB DF F8 01 81 91 8F 01 2C DF 21 96 80 91 DA 00 90 E0 C8 17 D9 07 94 F3 80 E0 23 DF 80 E0 21 DF 80 91 D9 00 A9 DF 80 EA 9F E0 01 97 F1 F7 80 91 D8 00 A2 DF 80 E8 19 2A 
21:06:42 FE 00 11 02 D9 D4 
21:06:42 FD 00 00 00 00 30 46 77 02 40 40 9E E3 01 97 F1 F7 92 98 DF 91 CF 91 1F 91 0F 91 08 95 82 E0 80 93 DA 00 10 92 DB 00 80 E4 80 93 DC 00 C1 CF 8C 9A 8D 9A 8A 9A B8 9A BD 9A BA 9A A0 9A A1 9A A2 9A A3 9A 80 E0 90 E0 2B DF 95 9A D9 AE 
21:06:42 FE 00 11 02 D9 D4 
21:06:42 FD 00 00 00 00 30 46 77 02 80 40 92 98 81 E0 61 E0 41 E0 13 DF 83 E3 90 E0 68 D1 E1 D1 78 94 08 95 AF 92 BF 92 CF 92 DF 92 EF 92 FF 92 0F 93 1F 93 DF 93 CF 93 00 D0 00 D0 CD B7 DE B7 D8 DF 78 94 80 E6 90 E0 E9 D1 80 E0 61 E0 CF B6 
21:06:42 FE 00 11 02 D9 D4 
21:06:42 FD 00 00 00 00 30 46 77 02 C0 40 40 E0 F6 DE 7E 01 08 94 E1 1C F1 1C 10 E8 C1 2E 1E E3 D1 2E BB 24 BA 94 B4 E0 AB 2E 0F EF 1F EF 56 D1 9C 01 90 FC 7D FC 7C CF 8C 3F 91 05 61 F1 8D 3F 91 05 09 F4 5D C0 80 91 88 00 81 30 D1 F1 40 91 72 E2 
21:06:42 FE 00 11 02 D9 D4 
21:06:42 FD 00 00 00 00 30 46 77 03 00 40 CE 00 90 91 D7 00 49 17 30 F1 49 17 09 F4 62 C0 80 91 DA 01 83 FF 0B C0 69 2F 70 E0 E4 2F F0 E0 CB 01 88 0F 99 1F 8E 17 9F 07 0C F0 75 C0 4F 3F 21 F1 B0 92 CE 00 20 93 DA 00 82 2F 97 DE 86 E0 C2 30 
21:06:42 FE 00 11 02 D9 D4 
21:06:42 FD 00 00 00 00 30 46 77 03 40 40 90 E0 C8 DE CD CF 80 91 88 00 88 23 B1 F6 81 E0 80 93 88 00 C5 CF E4 2F F0 E0 E1 53 FF 4F 20 83 4F 5F 40 93 CE 00 82 2F 81 DE 82 E0 90 E0 B2 DE B7 CF 20 68 10 92 88 00 C2 CF E0 91 DB 01 F0 E0 D1 FC 7C 
21:06:42 FE 00 11 02 D9 D4 
21:06:42 FD 00 00 00 00 30 46 77 03 80 40 E5 52 FF 4F 20 83 82 2F 71 DE 40 91 DB 01 24 2F 30 E0 80 91 DA 00 90 E0 01 97 28 17 39 07 09 F4 4F C0 4F 3F 09 F4 47 C0 4F 5F 40 93 DB 01 98 CF 10 92 88 00 10 92 CE 00 A0 92 D7 00 10 92 DB 01 AD EC 
21:06:42 FE 00 11 02 D9 D4 
21:06:42 FD 00 00 00 00 30 46 77 03 C0 40 10 93 D9 00 00 93 D8 00 8D EF 50 DE 81 E0 90 E0 81 DE 86 CF 20 93 DA 01 4F 5F 40 93 CE 00 82 2F 45 DE E2 ED F0 E0 D7 01 80 81 8D 93 31 97 20 E0 EE 3C F2 07 C9 F7 83 E0 90 E0 6C DE 89 81 9A 81 EF BC 
21:06:42 FE 00 11 02 D9 D4 
21:06:42 FD 00 00 00 00 30 46 77 04 00 40 AB 81 BC 81 88 52 90 41 A0 40 B0 40 09 F0 68 CF 84 E0 90 E0 5F DE 64 CF 31 97 E6 1B F7 0B E4 52 FC 7E 4F 20 83 4F 5F 40 93 CE 00 82 2F 1F DE 85 E0 90 E0 50 DE 55 CF 81 E0 60 E0 40 E0 39 DE 50 CF 0C 9E 
21:06:43 FE 00 11 02 D9 D4 
21:06:43 FD 00 00 00 00 30 46 77 04 40 40 80 E0 14 DE 80 E0 12 DE 10 92 DB 01 10 92 CE 00 87 E0 90 E0 3F DE 80 91 D8 00 90 91 D9 00 89 2B 51 F7 88 E0 90 E0 36 DE 80 91 DB 00 80 37 29 F0 87 36 E9 F0 40 91 DB 01 94 CF 60 91 DA 01 66 95 B6 24 
21:06:43 FE 00 11 02 D9 D4 
21:06:43 FD 00 00 00 00 30 46 77 04 80 40 63 70 82 E0 90 E0 89 DE 89 E0 90 E0 23 DE C6 01 01 97 F1 F7 80 E0 60 E0 41 E0 0A DE E0 91 85 00 F0 91 86 00 09 95 80 91 DB 00 87 36 19 F7 60 91 DA 01 66 95 63 70 81 E0 90 E0 6F DE DB CF 1F 92 87 EE 
21:06:43 FE 00 11 02 D9 D4 
21:06:43 FD 00 00 00 00 30 46 77 04 C0 40 0F 92 0F B6 0F 92 11 24 2F 93 8F 93 9F 93 EF 93 FF 93 9B B1 2C B1 E0 91 CB 00 EF 5F EF 71 80 91 CC 00 E8 17 B1 F0 98 71 E0 93 CB 00 F0 E0 E7 55 FF 4F 20 83 80 91 CD 00 98 2B 90 93 CD 00 FF 91 67 A2 
21:06:43 FE 00 11 02 D9 D4 
21:06:43 FD 00 00 00 00 30 46 77 05 00 40 EF 91 9F 91 8F 91 2F 91 0F 90 0F BE 0F 90 1F 90 18 95 92 E0 EF CF 1F 92 0F 92 0F B6 0F 92 11 24 8F 93 9F 93 EF 93 FF 93 90 91 C9 00 80 91 CA 00 98 17 A1 F0 E0 91 CA 00 EF 5F EF 71 E0 93 CA 00 7A 26 
21:06:43 FE 00 11 02 D9 D4 
21:06:43 FD 00 00 00 00 30 46 77 05 40 40 F0 E0 E7 57 FF 4F 80 81 8C B9 FF 91 EF 91 9F 91 8F 91 0F 90 0F BE 0F 90 1F 90 18 95 55 98 F5 CF 9C 01 10 92 C9 00 10 92 CA 00 10 92 CB 00 10 92 CC 00 97 FF 03 C0 82 E0 8B B9 3F 77 30 BD 29 B9 50 42 
21:06:43 FE 00 11 02 D9 D4 
21:06:43 FD 00 00 00 00 30 46 77 05 80 40 88 E9 8A B9 86 E8 80 BD 86 EA 80 BD 08 95 90 91 CB 00 80 91 CC 00 98 17 91 F0 E0 91 CC 00 EF 5F EF 71 E0 93 CC 00 F0 E0 E7 55 FF 4F 80 81 90 91 CD 00 10 92 CD 00 28 2F 30 E0 C9 01 08 95 20 E0 CA AE 
21:06:43 FE 00 11 02 D9 D4 
21:06:43 FD 00 00 00 00 30 46 77 05 C0 40 31 E0 C9 01 08 95 28 2F 90 91 C9 00 9F 5F 9F 71 80 91 CA 00 98 17 E1 F3 E9 2F F0 E0 E7 57 FF 4F 20 83 90 93 C9 00 55 9A 08 95 DC 01 2C 91 22 23 A1 F0 11 96 90 91 C9 00 9F 5F 9F 71 80 91 CA 00 FF DE 
21:06:43 FE 00 11 02 D9 D4 
21:06:43 FD 00 00 00 00 30 46 77 06 00 40 98 17 E1 F3 E9 2F F0 E0 E7 57 FF 4F 20 83 90 93 C9 00 55 9A 2C 91 22 23 61 F7 08 95 FC 7C 01 44 91 44 23 B9 F0 9C 01 2F 5F 3F 4F 90 91 C9 00 9F 5F 9F 71 80 91 CA 00 98 17 E1 F3 E9 2F F0 E0 E7 57 1B D2 
21:06:43 FE 00 11 02 D9 D4 
21:06:43 FD 00 00 00 00 30 46 77 06 40 40 FF 4F 40 83 90 93 C9 00 55 9A F9 01 44 91 44 23 51 F7 08 95 8C B5 9D B5 01 96 9B BD 8A BD 80 EC 8F BD 81 E8 8E BD 80 E2 88 BF 80 E3 89 BF 10 92 E1 01 B9 9A 08 95 98 2F 80 91 E1 01 88 23 E1 F7 F5 D4 
21:06:43 FE 00 11 02 D9 D4 
21:06:44 FD 00 00 00 00 30 46 77 06 80 40 90 95 90 93 E0 01 8A E0 80 93 E1 01 08 95 FC 7C 01 90 81 99 23 71 F0 2A E0 31 96 80 91 E1 01 88 23 E1 F7 90 95 90 93 E0 01 20 93 E1 01 90 81 99 23 99 F7 08 95 1F 92 0F 92 0F B6 0F 92 11 24 8F 93 0E BA 
21:06:44 FE 00 11 02 D9 D4 
21:06:44 FD 00 00 00 00 30 46 77 06 C0 40 9F 93 8A B5 9B B5 8F 5B 9C 4F 9B BD 8A BD 80 91 E1 01 88 23 71 F0 81 50 80 93 E1 01 89 30 91 F0 80 91 E0 01 80 FF 0C C0 90 E8 86 95 80 93 E0 01 9F BD 9F 91 8F 91 0F 90 0F BE 0F 90 1F 90 18 95 19 16 
21:06:44 FE 00 11 02 D9 D4 
21:06:44 FD 00 00 00 00 30 46 77 07 00 40 90 EC F3 CF 90 E8 9F BD F4 CF F8 94 FF CF 0A 0D 48 69 65 72 20 69 73 74 20 64 61 73 20 41 6E 77 65 6E 64 75 6E 67 73 70 72 6F 67 72 61 6D 6D 2E 2E 2E 00 00 0C 00 FF FF FF FF FF FF FF FF FF FF 49 C0 
21:06:44 FE 00 11 02 D9 D4 
21:06:44 FD 00 00 00 00 59 00 00 00 00 02 40 D4 
21:06:44 FD FF FF FF FF D0 04 67 00 E6 3A 
21:06:44 FD FF FF 3F 3F FF FF D0 04 67 00 E6 3A 
21:06:44 FD FF FF CF 3F 3F 00 11 04 00 40 45 64 3F 3F FF 
21:06:44 FD 
21:06:44 FD 
21:06:44 FD 41 04 67 00 E6 3A 
21:06:44 FD FF FF FF FF D0 04 67 00 E6 3A 
21:06:44 FD FF FF FF FF D0 04 67 00 E6 3A 
21:06:44 FD FF FF FF FF D0 04 67 00 E6 3A 
21:06:44 FD FF FF FF FF D0 04 67 00 E6 3A 
21:06:44 FD FF FF FF FF D0 04 67 00 E6 3A 
21:06:45 FD FF FF FF FF D0 04 67 00 E6 3A 
